\BOOKMARK [1][-]{section*.1}{Introduction}{}
\BOOKMARK [1][-]{section*.2}{Thermal Conductivity Predictions from Molecular Dynamics}{}
\BOOKMARK [1][-]{section*.3}{Kinetic Theory}{}
\BOOKMARK [2][-]{section*.4}{Cahill-Pohl Model}{section*.3}
\BOOKMARK [1][-]{section*.5}{Allen-Feldman Theory}{}
\BOOKMARK [2][-]{section*.6}{AF Diffusivity}{section*.5}
\BOOKMARK [2][-]{section*.7}{Phonon Diffusivity}{section*.5}
\BOOKMARK [1][-]{section*.8}{Phonons in Amorphous Materials }{}
\BOOKMARK [1][-]{section*.9}{Lifetimes of Disordered Modes}{}
\BOOKMARK [2][-]{section*.10}{MFPs in Disordered Systems}{section*.9}
\BOOKMARK [2][-]{section*.11}{Ioffe-Regel Limit}{section*.9}
\BOOKMARK [2][-]{section*.12}{Characterization of Vibrational Modes}{section*.9}
\BOOKMARK [1][-]{section*.13}{Effective Mode Velocity}{}
\BOOKMARK [2][-]{section*.14}{AF Velocity}{section*.13}
\BOOKMARK [2][-]{section*.15}{Dynamic Structrue Factor}{section*.13}
\BOOKMARK [1][-]{section*.16}{Role of Anharmonicity in Disordered Thermal Transport}{}
\BOOKMARK [1][-]{section*.17}{Predicting Vibrational Lifetimes}{}
\BOOKMARK [2][-]{section*.18}{Normal Mode Decomposition}{section*.17}
\BOOKMARK [2][-]{section*.19}{Vibrations in Ordered and Disordered Solids}{section*.17}
\BOOKMARK [2][-]{section*.20}{Predicting Phonon Lifetimes using Spectral Energy Denisty}{section*.17}
\BOOKMARK [2][-]{section*.21}{Allowed Wavevectors in Ordered Systems}{section*.17}
\BOOKMARK [3][-]{section*.22}{Allowed Wavevectors in Disordered Materials}{section*.21}
\BOOKMARK [2][-]{section*.23}{Thermal Conductivity}{section*.17}
\BOOKMARK [1][-]{section*.24}{Finite Simulation-Size Scaling for Thermal Conductivity}{}
\BOOKMARK [1][-]{section*.25}{References}{}
