\BOOKMARK [1][-]{section*.1}{Introduction}{}% 1
\BOOKMARK [1][-]{section*.2}{Thermal Conductivity Theory and Formulation}{}% 2
\BOOKMARK [2][-]{section*.3}{Phonon Theory}{section*.2}% 3
\BOOKMARK [3][-]{section*.4}{Phonon Diffusivity}{section*.3}% 4
\BOOKMARK [2][-]{section*.5}{Diffuson Theory}{section*.2}% 5
\BOOKMARK [2][-]{section*.6}{Vibrational Thermal Diffusivity}{section*.2}% 6
\BOOKMARK [1][-]{section*.7}{Simulation Details}{}% 7
\BOOKMARK [1][-]{section*.8}{Sample Preparation}{}% 8
\BOOKMARK [1][-]{section*.9}{Group Velocity from Structure Factor}{}% 9
\BOOKMARK [1][-]{section*.10}{Lifetimes}{}% 10
\BOOKMARK [1][-]{section*.11}{AF Diffusivities}{}% 11
\BOOKMARK [1][-]{section*.12}{Thermal Conductivity}{}% 12
\BOOKMARK [1][-]{section*.13}{Experimental Results}{}% 13
\BOOKMARK [1][-]{section*.14}{Thermal Conductivity Predictions from Molecular Dynamics}{}% 14
\BOOKMARK [2][-]{section*.15}{Cahill-Pohl Model}{section*.14}% 15
\BOOKMARK [1][-]{section*.16}{Phonons in Amorphous Materials }{}% 16
\BOOKMARK [1][-]{section*.17}{Lifetimes of Disordered Modes}{}% 17
\BOOKMARK [2][-]{section*.18}{MFPs in Disordered Systems}{section*.17}% 18
\BOOKMARK [2][-]{section*.19}{Ioffe-Regel Limit}{section*.17}% 19
\BOOKMARK [2][-]{section*.20}{Characterization of Vibrational Modes}{section*.17}% 20
\BOOKMARK [1][-]{section*.21}{Effective Mode Velocity}{}% 21
\BOOKMARK [2][-]{section*.22}{AF Velocity}{section*.21}% 22
\BOOKMARK [2][-]{section*.23}{Dynamic Structrue Factor}{section*.21}% 23
\BOOKMARK [1][-]{section*.24}{Role of Anharmonicity in Disordered Thermal Transport}{}% 24
\BOOKMARK [1][-]{section*.25}{Predicting Vibrational Lifetimes}{}% 25
\BOOKMARK [2][-]{section*.26}{Vibrations in Ordered and Disordered Solids}{section*.25}% 26
\BOOKMARK [2][-]{section*.27}{Allowed Wavevectors in Ordered Systems}{section*.25}% 27
\BOOKMARK [3][-]{section*.28}{Allowed Wavevectors in Disordered Materials}{section*.27}% 28
\BOOKMARK [2][-]{section*.29}{Normal Mode Decomposition}{section*.25}% 29
\BOOKMARK [2][-]{section*.30}{Thermal Conductivity}{section*.25}% 30
\BOOKMARK [1][-]{section*.31}{Finite Simulation-Size Scaling for Thermal Conductivity}{}% 31
\BOOKMARK [1][-]{section*.32}{References}{}% 32
