This is pdfTeX, Version 3.1415926-2.4-1.40.13 (TeX Live 2012/Debian) (format=latex 2013.4.23)  25 JUN 2013 02:03
entering extended mode
 restricted \write18 enabled.
 %&-line parsing enabled.
**prb_mfp_jl_031113.tex
(./prb_mfp_jl_031113.tex
LaTeX2e <2011/06/27>
Babel <v3.8m> and hyphenation patterns for english, dumylang, nohyphenation, lo
aded.
(./revtex4.cls
Document Class: revtex4 2001/08/03 v4.0 (http://publish.aps.org/revtex4/ for do
cumentation)
 Copyright (c) 2001 The American Physical Society.
 mailto:revtex@aps.org
 Licensed under the LPPL:
http://www.ctan.org/tex-archive/macros/latex/base/lppl.txt
 Arthur Ogawa <ogawa@teleport.com>
 Based on work by David Carlisle <david@dcarlisle.demon.co.uk>.
ltxutil: portions licensed from W. E. Baxter (web@superscript.com)
Class revtex4 Info: Repairing broken LateX \@sect on input line 596.
\intertabularlinepenalty=\count79
\@tbpen=\count80
\@arstrutbox@hline=\box26
Class revtex4 Info: Repairing broken LaTeX \@xbitor on input line 1610.
ltxgrid: portions licensed from W. E. Baxter (web@superscript.com)
\c@linecount=\count81
\output=\toks14
\@protection@box=\box27
\@topmark@saved=\toks15
\footins@saved=\box28
\pagesofar=\box29
\footbox=\box30
\pagegrid@col=\count82
Class revtex4 Info: Incorporating package {textcase}  [1998/11/12 v0.06 Text on
ly upper/lower case changing (DPC)]. on input line 3682.
(/usr/share/texlive/texmf-dist/tex/latex/url/url.sty
\Urlmuskip=\muskip10
Package: url 2006/04/12  ver 3.3  Verb mode for urls, etc.
)
\c@affil=\count83
\absbox=\box31
\c@part=\count84
\c@section=\count85
\c@subsection=\count86
\c@subsubsection=\count87
\c@paragraph=\count88
\c@subparagraph=\count89
\abovecaptionskip=\skip41
\belowcaptionskip=\skip42
\c@figure=\count90
\c@table=\count91

(/usr/share/texlive/texmf-dist/tex/latex/natbib/natbib.sty
Package: natbib 2010/09/13 8.31b (PWD, AO)
\bibhang=\skip43
\bibsep=\skip44
LaTeX Info: Redefining \cite on input line 694.
\c@NAT@ctr=\count92
)
\widetext@top=\box32
\widetext@bot=\box33
 (./revsymb.sty
Package: revsymb 2001/08/03 v4.0 (http://publish.aps.org/revtex4/ for documenta
tion)
LaTeX Info: Redefining \REV@mathfrak on input line 118.
))
(/usr/share/texlive/texmf-dist/tex/latex/amsfonts/amssymb.sty
Package: amssymb 2009/06/22 v3.00

(/usr/share/texlive/texmf-dist/tex/latex/amsfonts/amsfonts.sty
Package: amsfonts 2009/06/22 v3.00 Basic AMSFonts support
\@emptytoks=\toks16
\symAMSa=\mathgroup4
\symAMSb=\mathgroup5
LaTeX Font Info:    Overwriting math alphabet `\mathfrak' in version `bold'
(Font)                  U/euf/m/n --> U/euf/b/n on input line 96.
LaTeX Info: Redefining \frak on input line 99.
LaTeX Info: Redefining \Bbb on input line 101.
))
(/usr/share/texlive/texmf-dist/tex/latex/amsmath/amsmath.sty
Package: amsmath 2000/07/18 v2.13 AMS math features
\@mathmargin=\skip45

For additional information on amsmath, use the `?' option.
(/usr/share/texlive/texmf-dist/tex/latex/amsmath/amstext.sty
Package: amstext 2000/06/29 v2.01

(/usr/share/texlive/texmf-dist/tex/latex/amsmath/amsgen.sty
File: amsgen.sty 1999/11/30 v2.0
\@emptytoks=\toks17
\ex@=\dimen102
))
(/usr/share/texlive/texmf-dist/tex/latex/amsmath/amsbsy.sty
Package: amsbsy 1999/11/29 v1.2d
\pmbraise@=\dimen103
)
(/usr/share/texlive/texmf-dist/tex/latex/amsmath/amsopn.sty
Package: amsopn 1999/12/14 v2.01 operator names
)
\inf@bad=\count93
LaTeX Info: Redefining \frac on input line 211.
\uproot@=\count94
\leftroot@=\count95
LaTeX Info: Redefining \overline on input line 307.
\classnum@=\count96
\DOTSCASE@=\count97
LaTeX Info: Redefining \ldots on input line 379.
LaTeX Info: Redefining \dots on input line 382.
LaTeX Info: Redefining \cdots on input line 467.
\Mathstrutbox@=\box34
\strutbox@=\box35
\big@size=\dimen104
LaTeX Font Info:    Redeclaring font encoding OML on input line 567.
LaTeX Font Info:    Redeclaring font encoding OMS on input line 568.
\macc@depth=\count98
\c@MaxMatrixCols=\count99
\dotsspace@=\muskip11
\c@parentequation=\count100
\dspbrk@lvl=\count101
\tag@help=\toks18
\row@=\count102
\column@=\count103
\maxfields@=\count104
\andhelp@=\toks19
\eqnshift@=\dimen105
\alignsep@=\dimen106
\tagshift@=\dimen107
\tagwidth@=\dimen108
\totwidth@=\dimen109
\lineht@=\dimen110
\@envbody=\toks20
\multlinegap=\skip46
\multlinetaggap=\skip47
\mathdisplay@stack=\toks21
LaTeX Info: Redefining \[ on input line 2666.
LaTeX Info: Redefining \] on input line 2667.
) (./aps.rtx.tex
File: aps.rtx 2001/08/03 v4.0 (http://publish.aps.org/revtex4/ for documentatio
n)
)
(./12pt.rtx.tex
File: 12pt.rtx 2001/08/03 v4.0 (http://publish.aps.org/revtex4/ for documentati
on)
) (/usr/share/texlive/texmf-dist/tex/latex/graphics/epsfig.sty
Package: epsfig 1999/02/16 v1.7a (e)psfig emulation (SPQR)

(/usr/share/texlive/texmf-dist/tex/latex/graphics/graphicx.sty
Package: graphicx 1999/02/16 v1.0f Enhanced LaTeX Graphics (DPC,SPQR)

(/usr/share/texlive/texmf-dist/tex/latex/graphics/keyval.sty
Package: keyval 1999/03/16 v1.13 key=value parser (DPC)
\KV@toks@=\toks22
)
(/usr/share/texlive/texmf-dist/tex/latex/graphics/graphics.sty
Package: graphics 2009/02/05 v1.0o Standard LaTeX Graphics (DPC,SPQR)

(/usr/share/texlive/texmf-dist/tex/latex/graphics/trig.sty
Package: trig 1999/03/16 v1.09 sin cos tan (DPC)
)
(/usr/share/texlive/texmf-dist/tex/latex/latexconfig/graphics.cfg
File: graphics.cfg 2010/04/23 v1.9 graphics configuration of TeX Live
)
Package graphics Info: Driver file: dvips.def on input line 91.

(/usr/share/texlive/texmf-dist/tex/latex/graphics/dvips.def
File: dvips.def 1999/02/16 v3.0i Driver-dependant file (DPC,SPQR)
))
\Gin@req@height=\dimen111
\Gin@req@width=\dimen112
)
\epsfxsize=\dimen113
\epsfysize=\dimen114
)
(/usr/share/texlive/texmf-dist/tex/latex/base/ifthen.sty
Package: ifthen 2001/05/26 v1.1c Standard LaTeX ifthen package (DPC)
)
(/usr/share/texlive/texmf-dist/tex/latex/tools/dcolumn.sty
Package: dcolumn 2001/05/28 v1.06 decimal alignment package (DPC)

(/usr/share/texlive/texmf-dist/tex/latex/tools/array.sty
Package: array 2008/09/09 v2.4c Tabular extension package (FMi)
\col@sep=\dimen115
\extrarowheight=\dimen116
\NC@list=\toks23
\extratabsurround=\skip48
\backup@length=\skip49
))
(/usr/share/texlive/texmf-dist/tex/latex/tools/bm.sty
Package: bm 2004/02/26 v1.1c Bold Symbol Support (DPC/FMi)
\symboldoperators=\mathgroup6
\symboldletters=\mathgroup7
\symboldsymbols=\mathgroup8
LaTeX Font Info:    Redeclaring math alphabet \mathbf on input line 138.
LaTeX Info: Redefining \bm on input line 204.
) (./multirow.sty
\bigstrutjot=\dimen117
)
(/usr/share/texlive/texmf-dist/tex/latex/booktabs/booktabs.sty
Package: booktabs 2005/04/14 v1.61803 publication quality tables
\heavyrulewidth=\dimen118
\lightrulewidth=\dimen119
\cmidrulewidth=\dimen120
\belowrulesep=\dimen121
\belowbottomsep=\dimen122
\aboverulesep=\dimen123
\abovetopsep=\dimen124
\cmidrulesep=\dimen125
\cmidrulekern=\dimen126
\defaultaddspace=\dimen127
\@cmidla=\count105
\@cmidlb=\count106
\@aboverulesep=\dimen128
\@belowrulesep=\dimen129
\@thisruleclass=\count107
\@lastruleclass=\count108
\@thisrulewidth=\dimen130
)
(./subfigure.sty
Package: subfigure 2002/07/30 v2.1.4 subfigure package
\subfigtopskip=\skip50
\subfigcapskip=\skip51
\subfigcaptopadj=\dimen131
\subfigbottomskip=\skip52
\subfigcapmargin=\dimen132
\subfiglabelskip=\skip53
\c@subfigure=\count109
\c@lofdepth=\count110
\c@subtable=\count111
\c@lotdepth=\count112
\subfig@top=\skip54
\subfig@bottom=\skip55
) (./prb_mfp_jl_031113.aux

LaTeX Warning: Label `FIG:accum' multiply defined.

)
\openout1 = `prb_mfp_jl_031113.aux'.

LaTeX Font Info:    Checking defaults for OML/cmm/m/it on input line 217.
LaTeX Font Info:    ... okay on input line 217.
LaTeX Font Info:    Checking defaults for T1/cmr/m/n on input line 217.
LaTeX Font Info:    ... okay on input line 217.
LaTeX Font Info:    Checking defaults for OT1/cmr/m/n on input line 217.
LaTeX Font Info:    ... okay on input line 217.
LaTeX Font Info:    Checking defaults for OMS/cmsy/m/n on input line 217.
LaTeX Font Info:    ... okay on input line 217.
LaTeX Font Info:    Checking defaults for OMX/cmex/m/n on input line 217.
LaTeX Font Info:    ... okay on input line 217.
LaTeX Font Info:    Checking defaults for U/cmr/m/n on input line 217.
LaTeX Font Info:    ... okay on input line 217.
Class revtex4 Info: Patching array package. on input line 217.
Class revtex4 Info: cite was not loaded (OK!) on input line 217.
Class revtex4 Info: multicol was not loaded (OK!) on input line 217.
LaTeX Font Info:    Try loading font information for U+msa on input line 264.
 (/usr/share/texlive/texmf-dist/tex/latex/amsfonts/umsa.fd
File: umsa.fd 2009/06/22 v3.00 AMS symbols A
)
LaTeX Font Info:    Try loading font information for U+msb on input line 264.

(/usr/share/texlive/texmf-dist/tex/latex/amsfonts/umsb.fd
File: umsb.fd 2009/06/22 v3.00 AMS symbols B
) [1] [2]

Package natbib Warning: Citation `cahill_lower_1994' on page 3 undefined on inp
ut line 371.

[3] [4]
Underfull \hbox (badness 1515) in paragraph at lines 673--688
[]\OT1/cmr/m/n/12 Phonon-like be-hav-ior can be iden-ti-fied for a-Si in this w
ork and oth-ers, both
 []

[5]

LaTeX Warning: Reference `feldman_thermal_1993' on page 6 undefined on input li
ne 709.


Underfull \hbox (badness 1052) in paragraph at lines 772--783
[]\OT1/cmr/m/n/12 Since we use MD sim-u-la-tions, which are clas-si-cal and obe
y Maxwell-Boltzmann
 []

[6] [7]

LaTeX Warning: Command \k invalid in math mode on input line 866.


! LaTeX Error: Command \k unavailable in encoding OT1.

See the LaTeX manual or LaTeX Companion for explanation.
Type  H <return>  for immediate help.
 ...                                              
                                                  
l.866 a-GeTe\cite{sosso_thermal_2012}, where $\k
                                                _{ph}\approx 0$ and
? 
[8]

LaTeX Warning: Command \r invalid in math mode on input line 987.

[9] [10] [11]
Missing character: There is no Ì in font cmr12!
Missing character: There is no ˆ in font cmr12!
 [12]
File: /home/jason/disorder/si/amor/m_af_si_normand_4096_DOS_2.eps Graphic file 
(type eps)

</home/jason/disorder/si/amor/m_af_si_normand_4096_DOS_2.eps> [13]

LaTeX Warning: Reference `EQ:M:k_AF,HS' on page 14 undefined on input line 1236
.

[14]

LaTeX Warning: Command \r invalid in math mode on input line 1327.

[15]
File: /home/jason/disorder/si/amor/m_af_si_normand_4096_disp_sio2_2.eps Graphic
 file (type eps)
 </home/jason/disorder/si/amor/m_af_si_normand_4096_disp_sio2_2.eps>
File: /home/jason/disorder/si/amor/m_af_si_normand_4096_disp_si.eps Graphic fil
e (type eps)

</home/jason/disorder/si/amor/m_af_si_normand_4096_disp_si.eps>
File: /home/jason/disorder/si/amor/m_af_si_normand_4096_tau_2.eps Graphic file 
(type eps)

</home/jason/disorder/si/amor/m_af_si_normand_4096_tau_2.eps> [16] [17]
[18] [19] [20]
Missing character: There is no Ï in font cmr12!
Missing character: There is no ³ in font cmr12!
 [21] [22]
File: /home/jason/disorder/si/amor/m_af_si_normand_4096_D_3.eps Graphic file (t
ype eps)

</home/jason/disorder/si/amor/m_af_si_normand_4096_D_3.eps>
File: /home/jason/disorder/si/amor/m_af_si_normand_4096_Lambda_3.eps Graphic fi
le (type eps)

</home/jason/disorder/si/amor/m_af_si_normand_4096_Lambda_3.eps> [23] [24]
[25]
! Missing $ inserted.
<inserted text> 
                $
l.1944 ...e of $B=9.0 10^{46}$ m$^@$/s (rads$/$s)^
                                                  4
? 

Package natbib Warning: Citation `cahill_lower_1994' on page 26 undefined on in
put line 1945.

! Missing $ inserted.
<inserted text> 
                $
l.1947 $B=1.23 10^
                  {47}$ m$^@$/s (rads$/$s)^4.
? 
! Missing $ inserted.
<inserted text> 
                $
l.1947 $B=1.23 10^{47}$ m$^@$/s (rads$/$s)^
                                           4.
? 
! Missing $ inserted.
<inserted text> 
                $
l.1948 ...he quartic diffusivity scaling $D(\omega
                                                  )\propto\omega^{-4}$,
? 

Underfull \hbox (badness 1072) in paragraph at lines 1939--1956
[]\OT1/cmr/m/n/12 For a-Si a quadratic scal-ing is also con-sid-ered us-ing $\O
ML/cmm/m/it/12 ![]$ \OT1/cmr/m/n/12 from the study by .
 []


Underfull \hbox (badness 1838) in paragraph at lines 1939--1956
\OT1/cmr/m/n/12 As there is no clear ev-i-dence of a quar-tic scal-ing of dif-f
u-siv-ity, we choose the
 []


Underfull \hbox (badness 2134) in paragraph at lines 1939--1956
\OT1/cmr/m/n/12 con-stant $\OML/cmm/m/it/12 B$ \OT1/cmr/m/n/12 to pass vis-i-bl
y through both $\OML/cmm/m/it/12 D[]$ \OT1/cmr/m/n/12 and $\OML/cmm/m/it/12 D[]
$ \OT1/cmr/m/n/12 in Fig. 4[] be-cause
 []


Overfull \hbox (2.26541pt too wide) in paragraph at lines 1939--1956
\OT1/cmr/m/n/12 (rads$\OML/cmm/m/it/12 =$\OT1/cmr/m/n/12 s)$[]\OML/cmm/m/it/12 
forthequarticscalingisnearlythesameasafit[]tothediffusivitiesinRef [];$\OT1/cmr
/m/n/12 B=1.23
 []

[26]
File: /home/jason/disorder/si/amor/m_af_si_normand_4096_gk_cond_2.eps Graphic f
ile (type eps)
 </home/jason/disorder/si/amor/m_af_si_normand_4096_gk_cond_2.eps>
! Missing $ inserted.
<inserted text> 
                $
l.2040 Fig. \ref{FIG:diffusivities}). }
                                       
? 
! Missing $ inserted.
<inserted text> 
                $
l.2040 Fig. \ref{FIG:diffusivities}). }
                                       
? 
! Missing $ inserted.
<inserted text> 
                $
l.2040 Fig. \ref{FIG:diffusivities}). }
                                       
? 
! Missing $ inserted.
<inserted text> 
                $
l.2040 Fig. \ref{FIG:diffusivities}). }
                                       
? 

Underfull \hbox (badness 2837) in paragraph at lines 2040--2040
[]\OT1/cmr/m/n/10.95 FIG. 6: []Ther-mal con-duc-tiv-i-ties of a-SiO$[]\OML/cmm/
m/it/10.95 anda \OMS/cmsy/m/n/10.95 ^^@ \OML/cmm/m/it/10.95 SipredicedusingtheG
Kmethod:Fora \OMS/cmsy/m/n/10.95 ^^@
 []


Overfull \hbox (128.77747pt too wide) in paragraph at lines 2040--2040
\OML/cmm/m/it/10.95 SiO\OT1/cmr/m/n/10.95 2\OML/cmm/m/it/10.95 ; thethermalcond
uctivityissize \OMS/cmsy/m/n/10.95 ^^@ \OML/cmm/m/it/10.95 independent; indicat
ingthereisnoimportantcontributionfromphonons\OT1/cmr/m/n/10.95 (\OML/cmm/m/it/1
0.95 Eq:[]\OT1/cmr/m/n/10.95 )\OML/cmm/m/it/10.95 :Fora \OMS/cmsy/m/n/10.95 ^^@

 []


Underfull \hbox (badness 10000) in paragraph at lines 2040--2040
\OML/cmm/m/it/10.95 Si; thereisaclearsizedependance; whichisaccountedforbyusing
Eq:[]andan$$![]$ \OT1/cmr/m/n/10.95 ex-trap-o-la-tion
 []

[27]
! Undefined control sequence.
l.2055 \frac{1}{V}\sum_{\Lambda{\AF
                                   } < \Lambda_{cut}} kb v_{AF}\Lambda_{AF},
? 
Runaway argument?
{sellan_cross-plane_2010{ \begin {equation}\label {EQ:LambdaMatth} \begin \ETC.
! Paragraph ended before \@citex was complete.
<to be read again> 
                   \par 
l.2071 
       
? 
[28]
File: /home/jason/disorder/si/amor/m_af_si_normand_4096_kLamba_4_sio2.eps Graph
ic file (type eps)
 </home/jason/disorder/si/amor/m_af_si_normand_4096_kLamba_4_sio2.eps>
File: /home/jason/disorder/si/amor/m_af_si_normand_4096_kLamba_4_si.eps Graphic
 file (type eps)

</home/jason/disorder/si/amor/m_af_si_normand_4096_kLamba_4_si.eps> [29]
[30] [31] [32]
Missing character: There is no â in font cmr12!
Missing character: There is no € in font cmr12!
Missing character: There is no “ in font cmr12!
 [33] (./prb_mfp_jl_031113.bbl [34]
Missing character: There is no â in font cmr10!
Missing character: There is no € in font cmr10!
Missing character: There is no “ in font cmr10!
Missing character: There is no â in font cmr10!
Missing character: There is no € in font cmr10!
Missing character: There is no “ in font cmr10!
Missing character: There is no â in font cmr10!
Missing character: There is no € in font cmr10!
Missing character: There is no “ in font cmr10!
Missing character: There is no Ã in font cmr10!
Missing character: There is no ƒ in font cmr10!
Missing character: There is no Â in font cmr10!
Missing character: There is no ¶ in font cmr10!
Missing character: There is no â in font cmr10!
Missing character: There is no € in font cmr10!
Missing character: There is no “ in font cmr10!
Missing character: There is no â in font cmr10!
Missing character: There is no € in font cmr10!
Missing character: There is no “ in font cmr10!
 [35]
Missing character: There is no â in font cmr10!
Missing character: There is no € in font cmr10!
Missing character: There is no “ in font cmr10!
Missing character: There is no â in font cmr10!
Missing character: There is no € in font cmr10!
Missing character: There is no “ in font cmr10!
Missing character: There is no â in font cmr10!
Missing character: There is no € in font cmr10!
Missing character: There is no “ in font cmr10!
LaTeX Font Info:    Try loading font information for OMS+cmr on input line 236.


(/usr/share/texlive/texmf-dist/tex/latex/base/omscmr.fd
File: omscmr.fd 1999/05/25 v2.5h Standard LaTeX font definitions
)
LaTeX Font Info:    Font shape `OMS/cmr/m/n' in size <10.95> not available
(Font)              Font shape `OMS/cmsy/m/n' tried instead on input line 236.

Underfull \hbox (badness 3919) in paragraph at lines 230--238
[]\OT1/cmr/m/n/10.95 Y. He, D. Dona-dio, J.-H. Lee, J. C. Gross-man, and G. Gal
li, ACS Nano \OT1/cmr/bx/n/10.95 5\OT1/cmr/m/n/10.95 ,
 []

Missing character: There is no â in font cmr10!
Missing character: There is no € in font cmr10!
Missing character: There is no “ in font cmr10!
Missing character: There is no â in font cmr10!
Missing character: There is no € in font cmr10!
Missing character: There is no “ in font cmr10!
[36]
Missing character: There is no â in font cmr10!
Missing character: There is no € in font cmr10!
Missing character: There is no “ in font cmr10!
Missing character: There is no â in font cmr10!
Missing character: There is no € in font cmr10!
Missing character: There is no “ in font cmr10!
Missing character: There is no â in font cmr10!
Missing character: There is no € in font cmr10!
Missing character: There is no “ in font cmr10!
Missing character: There is no â in font cmr10!
Missing character: There is no € in font cmr10!
Missing character: There is no “ in font cmr10!
Missing character: There is no â in font cmr10!
Missing character: There is no € in font cmr10!
Missing character: There is no “ in font cmr10!
Missing character: There is no â in font cmr10!
Missing character: There is no € in font cmr10!
Missing character: There is no “ in font cmr10!
Missing character: There is no â in font cmr10!
Missing character: There is no € in font cmr10!
Missing character: There is no “ in font cmr10!
 [37]
Missing character: There is no â in font cmr10!
Missing character: There is no € in font cmr10!
Missing character: There is no “ in font cmr10!
Missing character: There is no â in font cmr10!
Missing character: There is no € in font cmr10!
Missing character: There is no “ in font cmr10!
Missing character: There is no â in font cmr10!
Missing character: There is no € in font cmr10!
Missing character: There is no “ in font cmr10!
Missing character: There is no â in font cmr10!
Missing character: There is no € in font cmr10!
Missing character: There is no “ in font cmr10!
Missing character: There is no â in font cmr10!
Missing character: There is no € in font cmr10!
Missing character: There is no “ in font cmr10!
Missing character: There is no â in font cmr10!
Missing character: There is no € in font cmr10!
Missing character: There is no “ in font cmr10!
Missing character: There is no Ã in font cmr10!
Missing character: There is no ¶ in font cmr10!
Missing character: There is no â in font cmr10!
Missing character: There is no € in font cmr10!
Missing character: There is no “ in font cmr10!
 [38]
Missing character: There is no â in font cmr10!
Missing character: There is no € in font cmr10!
Missing character: There is no “ in font cmr10!
Missing character: There is no â in font cmr10!
Missing character: There is no € in font cmr10!
Missing character: There is no “ in font cmr10!
Missing character: There is no â in font cmbx10!
Missing character: There is no € in font cmbx10!
Missing character: There is no “ in font cmbx10!
Missing character: There is no â in font cmr10!
Missing character: There is no € in font cmr10!
Missing character: There is no “ in font cmr10!
Missing character: There is no â in font cmr10!
Missing character: There is no € in font cmr10!
Missing character: There is no “ in font cmr10!
Missing character: There is no â in font cmr10!
Missing character: There is no € in font cmr10!
Missing character: There is no “ in font cmr10!
 [39]
Missing character: There is no â in font cmr10!
Missing character: There is no € in font cmr10!
Missing character: There is no “ in font cmr10!
Missing character: There is no â in font cmr10!
Missing character: There is no € in font cmr10!
Missing character: There is no “ in font cmr10!
Missing character: There is no â in font cmr10!
Missing character: There is no € in font cmr10!
Missing character: There is no “ in font cmr10!
Missing character: There is no â in font cmr10!
Missing character: There is no € in font cmr10!
Missing character: There is no “ in font cmr10!

Underfull \hbox (badness 1117) in paragraph at lines 799--807
[]\OT1/cmr/m/n/10.95 W. Gar-ber, F. M. Tanger-man, P. B. Allen, and J. L. Feld-
man, Philo-soph-i-cal Mag-
 []

Missing character: There is no â in font cmr10!
Missing character: There is no € in font cmr10!
Missing character: There is no “ in font cmr10!
Missing character: There is no â in font cmr10!
Missing character: There is no € in font cmr10!
Missing character: There is no “ in font cmr10!
Missing character: There is no â in font cmr10!
Missing character: There is no € in font cmr10!
Missing character: There is no “ in font cmr10!
Missing character: There is no â in font cmr10!
Missing character: There is no € in font cmr10!
Missing character: There is no “ in font cmr10!
Missing character: There is no â in font cmr10!
Missing character: There is no € in font cmr10!
Missing character: There is no “ in font cmr10!
[40]
Missing character: There is no â in font cmr10!
Missing character: There is no € in font cmr10!
Missing character: There is no “ in font cmr10!
)

Package natbib Warning: There were undefined citations.

[41] (./prb_mfp_jl_031113.aux)

LaTeX Warning: There were undefined references.


LaTeX Warning: There were multiply-defined labels.

 )
(\end occurred inside a group at level 1)

### semi simple group (level 1) entered at line 2061 (\begingroup)
### bottom level 
Here is how much of TeX's memory you used:
 3879 strings out of 495060
 51458 string characters out of 3182053
 131044 words of memory out of 3000000
 7010 multiletter control sequences out of 15000+200000
 16902 words of font info for 62 fonts, out of 3000000 for 9000
 14 hyphenation exceptions out of 8191
 32i,25n,27p,1362b,530s stack positions out of 5000i,500n,10000p,200000b,50000s

Output written on prb_mfp_jl_031113.dvi (41 pages, 118692 bytes).
