This is pdfTeX, Version 3.1415926-1.40.10 (TeX Live 2009/Debian) (format=latex 2012.11.19)  26 FEB 2013 06:58
entering extended mode
 %&-line parsing enabled.
**prb_vc_jl_022413.tex
(./prb_vc_jl_022413.tex
LaTeX2e <2009/09/24>
Babel <v3.8l> and hyphenation patterns for english, usenglishmax, dumylang, noh
yphenation, farsi, arabic, croatian, bulgarian, ukrainian, russian, czech, slov
ak, danish, dutch, finnish, french, basque, ngerman, german, german-x-2009-06-1
9, ngerman-x-2009-06-19, ibycus, monogreek, greek, ancientgreek, hungarian, san
skrit, italian, latin, latvian, lithuanian, mongolian2a, mongolian, bokmal, nyn
orsk, romanian, irish, coptic, serbian, turkish, welsh, esperanto, uppersorbian
, estonian, indonesian, interlingua, icelandic, kurmanji, slovenian, polish, po
rtuguese, spanish, galician, catalan, swedish, ukenglish, pinyin, loaded.
(/usr/share/texmf-texlive/tex/latex/revtex4/revtex4.cls
Document Class: revtex4 2001/08/02 v4.0 (http://publish.aps.org/revtex4/ for do
cumentation)
 Copyright (c) 2001 The American Physical Society.
 mailto:revtex@aps.org
 Licensed under the LPPL:
http://www.ctan.org/tex-archive/macros/latex/base/lppl.txt
 Arthur Ogawa <ogawa@teleport.com>
 Based on work by David Carlisle <david@dcarlisle.demon.co.uk>.
ltxutil: portions licensed from W. E. Baxter (web@superscript.com)
Class revtex4 Info: Repairing broken LateX \@sect on input line 596.
\intertabularlinepenalty=\count79
\@tbpen=\count80
\@arstrutbox@hline=\box26
Class revtex4 Info: Repairing broken LaTeX \@xbitor on input line 1610.
ltxgrid: portions licensed from W. E. Baxter (web@superscript.com)
\c@linecount=\count81
\output=\toks14
\@protection@box=\box27
\@topmark@saved=\toks15
\footins@saved=\box28
\pagesofar=\box29
\footbox=\box30
\pagegrid@col=\count82
Class revtex4 Info: Incorporating package {textcase}  [1998/11/12 v0.06 Text on
ly upper/lower case changing (DPC)]. on input line 3682.
(/usr/share/texmf-texlive/tex/latex/ltxmisc/url.sty
\Urlmuskip=\muskip10
Package: url 2006/04/12  ver 3.3  Verb mode for urls, etc.
)
\c@affil=\count83
\absbox=\box31
\c@part=\count84
\c@section=\count85
\c@subsection=\count86
\c@subsubsection=\count87
\c@paragraph=\count88
\c@subparagraph=\count89
\abovecaptionskip=\skip41
\belowcaptionskip=\skip42
\c@figure=\count90
\c@table=\count91

(/usr/share/texmf-texlive/tex/latex/natbib/natbib.sty
Package: natbib 2009/07/16 8.31 (PWD, AO)
\bibhang=\skip43
\bibsep=\skip44
LaTeX Info: Redefining \cite on input line 694.
\c@NAT@ctr=\count92
)
\widetext@top=\box32
\widetext@bot=\box33

(/usr/share/texmf-texlive/tex/latex/revtex4/revsymb.sty
Package: revsymb 2001/08/02 v4.0 (http://publish.aps.org/revtex4/ for documenta
tion)
LaTeX Info: Redefining \REV@mathfrak on input line 118.
))
(/usr/share/texmf-texlive/tex/latex/amsfonts/amssymb.sty
Package: amssymb 2009/06/22 v3.00

(/usr/share/texmf-texlive/tex/latex/amsfonts/amsfonts.sty
Package: amsfonts 2009/06/22 v3.00 Basic AMSFonts support
\@emptytoks=\toks16
\symAMSa=\mathgroup4
\symAMSb=\mathgroup5
LaTeX Font Info:    Overwriting math alphabet `\mathfrak' in version `bold'
(Font)                  U/euf/m/n --> U/euf/b/n on input line 96.
LaTeX Info: Redefining \frak on input line 99.
LaTeX Info: Redefining \Bbb on input line 101.
))
(/usr/share/texmf-texlive/tex/latex/amsmath/amsmath.sty
Package: amsmath 2000/07/18 v2.13 AMS math features
\@mathmargin=\skip45

For additional information on amsmath, use the `?' option.
(/usr/share/texmf-texlive/tex/latex/amsmath/amstext.sty
Package: amstext 2000/06/29 v2.01

(/usr/share/texmf-texlive/tex/latex/amsmath/amsgen.sty
File: amsgen.sty 1999/11/30 v2.0
\@emptytoks=\toks17
\ex@=\dimen102
))
(/usr/share/texmf-texlive/tex/latex/amsmath/amsbsy.sty
Package: amsbsy 1999/11/29 v1.2d
\pmbraise@=\dimen103
)
(/usr/share/texmf-texlive/tex/latex/amsmath/amsopn.sty
Package: amsopn 1999/12/14 v2.01 operator names
)
\inf@bad=\count93
LaTeX Info: Redefining \frac on input line 211.
\uproot@=\count94
\leftroot@=\count95
LaTeX Info: Redefining \overline on input line 307.
\classnum@=\count96
\DOTSCASE@=\count97
LaTeX Info: Redefining \ldots on input line 379.
LaTeX Info: Redefining \dots on input line 382.
LaTeX Info: Redefining \cdots on input line 467.
\Mathstrutbox@=\box34
\strutbox@=\box35
\big@size=\dimen104
LaTeX Font Info:    Redeclaring font encoding OML on input line 567.
LaTeX Font Info:    Redeclaring font encoding OMS on input line 568.
\macc@depth=\count98
\c@MaxMatrixCols=\count99
\dotsspace@=\muskip11
\c@parentequation=\count100
\dspbrk@lvl=\count101
\tag@help=\toks18
\row@=\count102
\column@=\count103
\maxfields@=\count104
\andhelp@=\toks19
\eqnshift@=\dimen105
\alignsep@=\dimen106
\tagshift@=\dimen107
\tagwidth@=\dimen108
\totwidth@=\dimen109
\lineht@=\dimen110
\@envbody=\toks20
\multlinegap=\skip46
\multlinetaggap=\skip47
\mathdisplay@stack=\toks21
LaTeX Info: Redefining \[ on input line 2666.
LaTeX Info: Redefining \] on input line 2667.
)
(/usr/share/texmf-texlive/tex/latex/revtex4/aps.rtx
File: aps.rtx 2001/08/02 v4.0 (http://publish.aps.org/revtex4/ for documentatio
n)
)
(/usr/share/texmf-texlive/tex/latex/revtex4/12pt.rtx
File: 12pt.rtx 2001/08/02 v4.0 (http://publish.aps.org/revtex4/ for documentati
on)
)
(/usr/share/texmf-texlive/tex/latex/graphics/graphicx.sty
Package: graphicx 1999/02/16 v1.0f Enhanced LaTeX Graphics (DPC,SPQR)

(/usr/share/texmf-texlive/tex/latex/graphics/keyval.sty
Package: keyval 1999/03/16 v1.13 key=value parser (DPC)
\KV@toks@=\toks22
)
(/usr/share/texmf-texlive/tex/latex/graphics/graphics.sty
Package: graphics 2009/02/05 v1.0o Standard LaTeX Graphics (DPC,SPQR)

(/usr/share/texmf-texlive/tex/latex/graphics/trig.sty
Package: trig 1999/03/16 v1.09 sin cos tan (DPC)
)
(/etc/texmf/tex/latex/config/graphics.cfg
File: graphics.cfg 2009/08/28 v1.8 graphics configuration of TeX Live
)
Package graphics Info: Driver file: dvips.def on input line 91.

(/usr/share/texmf-texlive/tex/latex/graphics/dvips.def
File: dvips.def 1999/02/16 v3.0i Driver-dependant file (DPC,SPQR)
))
\Gin@req@height=\dimen111
\Gin@req@width=\dimen112
)
(/usr/share/texmf-texlive/tex/latex/base/ifthen.sty
Package: ifthen 2001/05/26 v1.1c Standard LaTeX ifthen package (DPC)
)
(/usr/share/texmf-texlive/tex/latex/tools/dcolumn.sty
Package: dcolumn 2001/05/28 v1.06 decimal alignment package (DPC)

(/usr/share/texmf-texlive/tex/latex/tools/array.sty
Package: array 2008/09/09 v2.4c Tabular extension package (FMi)
\col@sep=\dimen113
\extrarowheight=\dimen114
\NC@list=\toks23
\extratabsurround=\skip48
\backup@length=\skip49
))
(/usr/share/texmf-texlive/tex/latex/tools/bm.sty
Package: bm 2004/02/26 v1.1c Bold Symbol Support (DPC/FMi)
\symboldoperators=\mathgroup6
\symboldletters=\mathgroup7
\symboldsymbols=\mathgroup8
LaTeX Font Info:    Redeclaring math alphabet \mathbf on input line 138.
LaTeX Info: Redefining \bm on input line 204.
)
(/usr/share/texmf-texlive/tex/latex/multirow/multirow.sty
\bigstrutjot=\dimen115
)
(/usr/share/texmf-texlive/tex/latex/booktabs/booktabs.sty
Package: booktabs 2005/04/14 v1.61803 publication quality tables
\heavyrulewidth=\dimen116
\lightrulewidth=\dimen117
\cmidrulewidth=\dimen118
\belowrulesep=\dimen119
\belowbottomsep=\dimen120
\aboverulesep=\dimen121
\abovetopsep=\dimen122
\cmidrulesep=\dimen123
\cmidrulekern=\dimen124
\defaultaddspace=\dimen125
\@cmidla=\count105
\@cmidlb=\count106
\@aboverulesep=\dimen126
\@belowrulesep=\dimen127
\@thisruleclass=\count107
\@lastruleclass=\count108
\@thisrulewidth=\dimen128
)
(/usr/share/texmf-texlive/tex/latex/subfigure/subfigure.sty
Package: subfigure 2002/03/15 v2.1.5 subfigure package
\subfigtopskip=\skip50
\subfigcapskip=\skip51
\subfigcaptopadj=\dimen129
\subfigbottomskip=\skip52
\subfigcapmargin=\dimen130
\subfiglabelskip=\skip53
\c@subfigure=\count109
\c@lofdepth=\count110
\c@subtable=\count111
\c@lotdepth=\count112

****************************************
* Local config file subfigure.cfg used *
****************************************
(/usr/share/texmf-texlive/tex/latex/subfigure/subfigure.cfg)
\subfig@top=\skip54
\subfig@bottom=\skip55
)
(./prb_vc_jl_022413.aux
! Missing \endcsname inserted.
<to be read again> 
                   \protect 
l.251 ...te\ensuremath {\dagger }}{{67}{}{{}}{{}}}
                                                  
? 

! LaTeX Error: Missing \begin{document}.

See the LaTeX manual or LaTeX Companion for explanation.
Type  H <return>  for immediate help.
 ...                                              
                                                  
l.251 ...te\ensuremath {\dagger }}{{67}{}{{}}{{}}}
                                                  
? 
LaTeX Font Info:    Try loading font information for U+msa on input line 251.
(/usr/share/texmf-texlive/tex/latex/amsfonts/umsa.fd
File: umsa.fd 2009/06/22 v3.00 AMS symbols A
)
LaTeX Font Info:    Try loading font information for U+msb on input line 251.

(/usr/share/texmf-texlive/tex/latex/amsfonts/umsb.fd
File: umsb.fd 2009/06/22 v3.00 AMS symbols B
)
! Extra \endcsname.
\@ifundefined ...dafter \ifx \csname #1\endcsname 
                                                  \relax \expandafter \@firs...
l.251 ...te\ensuremath {\dagger }}{{67}{}{{}}{{}}}
                                                  
? 
! Missing \endcsname inserted.
<to be read again> 
                   \protect 
l.251 ...te\ensuremath {\dagger }}{{67}{}{{}}{{}}}
                                                  
? 
! Extra \endcsname.
\@namedef ...xpandafter \def \csname #1\endcsname 
                                                  
l.251 ...te\ensuremath {\dagger }}{{67}{}{{}}{{}}}
                                                  
? 
! Missing \endcsname inserted.
<to be read again> 
                   \protect 
l.252 ...e\ensuremath {\ddagger }}{{68}{}{{}}{{}}}
                                                  
? 

Package natbib Warning: Citation `endnote\ensuremath {\ddagger }' multiply defi
ned.

! Missing \endcsname inserted.
<to be read again> 
                   \protect 
l.252 ...e\ensuremath {\ddagger }}{{68}{}{{}}{{}}}
                                                  
? 
! Extra \endcsname.
\@namedef ...xpandafter \def \csname #1\endcsname 
                                                  
l.252 ...e\ensuremath {\ddagger }}{{68}{}{{}}{{}}}
                                                  
? 
! Missing \endcsname inserted.
<to be read again> 
                   \protect 
l.254 ...suremath {\mathsection }}{{69}{}{{}}{{}}}
                                                  
? 

Package natbib Warning: Citation `endnote\ensuremath {\mathsection }' multiply 
defined.

! Missing \endcsname inserted.
<to be read again> 
                   \protect 
l.254 ...suremath {\mathsection }}{{69}{}{{}}{{}}}
                                                  
? 
! Extra \endcsname.
\@namedef ...xpandafter \def \csname #1\endcsname 
                                                  
l.254 ...suremath {\mathsection }}{{69}{}{{}}{{}}}
                                                  
? 
! Missing \endcsname inserted.
<to be read again> 
                   \protect 
l.255 ...remath {\mathparagraph }}{{70}{}{{}}{{}}}
                                                  
? 

Package natbib Warning: Citation `endnote\ensuremath {\mathparagraph }' multipl
y defined.

! Missing \endcsname inserted.
<to be read again> 
                   \protect 
l.255 ...remath {\mathparagraph }}{{70}{}{{}}{{}}}
                                                  
? 
! Extra \endcsname.
\@namedef ...xpandafter \def \csname #1\endcsname 
                                                  
l.255 ...remath {\mathparagraph }}{{70}{}{{}}{{}}}
                                                  
? 
! Missing \endcsname inserted.
<to be read again> 
                   \protect 
l.256 ...{endnote\ensuremath {**}}{{71}{}{{}}{{}}}
                                                  
? 

Package natbib Warning: Citation `endnote\ensuremath {**}' multiply defined.

! Missing \endcsname inserted.
<to be read again> 
                   \protect 
l.256 ...{endnote\ensuremath {**}}{{71}{}{{}}{{}}}
                                                  
? 
! Extra \endcsname.
\@namedef ...xpandafter \def \csname #1\endcsname 
                                                  
l.256 ...{endnote\ensuremath {**}}{{71}{}{{}}{{}}}
                                                  
? 
)
\openout1 = `prb_vc_jl_022413.aux'.

LaTeX Font Info:    Checking defaults for OML/cmm/m/it on input line 222.
LaTeX Font Info:    ... okay on input line 222.
LaTeX Font Info:    Checking defaults for T1/cmr/m/n on input line 222.
LaTeX Font Info:    ... okay on input line 222.
LaTeX Font Info:    Checking defaults for OT1/cmr/m/n on input line 222.
LaTeX Font Info:    ... okay on input line 222.
LaTeX Font Info:    Checking defaults for OMS/cmsy/m/n on input line 222.
LaTeX Font Info:    ... okay on input line 222.
LaTeX Font Info:    Checking defaults for OMX/cmex/m/n on input line 222.
LaTeX Font Info:    ... okay on input line 222.
LaTeX Font Info:    Checking defaults for U/cmr/m/n on input line 222.
LaTeX Font Info:    ... okay on input line 222.
Class revtex4 Info: Patching array package. on input line 222.
Class revtex4 Info: cite was not loaded (OK!) on input line 222.
Class revtex4 Info: multicol was not loaded (OK!) on input line 222.
 [1]
Missing character: There is no ‚ in font cmr12!
Missing character: There is no Ä in font cmr12!
Missing character: There is no ú in font cmr12!
Missing character: There is no ‚ in font cmr12!
Missing character: There is no Ä in font cmr12!
Missing character: There is no ù in font cmr12!
 [2] [3]
Missing character: There is no ‚ in font cmr12!
Missing character: There is no Ä in font cmr12!
Missing character: There is no ú in font cmr12!
Missing character: There is no ‚ in font cmr12!
Missing character: There is no Ä in font cmr12!
Missing character: There is no ù in font cmr12!
 [4] [5]

Package natbib Warning: Citation `kudman_1972' on page 6 undefined on input lin
e 574.

File: /home/jason/disorder/si/si_conv_2x2x2_disorder-2.eps Graphic file (type e
ps)
</home/jason/disorder/si/si_conv_2x2x2_disorder-2.eps>
File: /home/jason/disorder/si/si_conv_2x2x2_perfect-2.eps Graphic file (type ep
s)

</home/jason/disorder/si/si_conv_2x2x2_perfect-2.eps> [6]

LaTeX Warning: Command \r invalid in math mode on input line 663.


LaTeX Warning: Command \r invalid in math mode on input line 690.

[7] [8]
File: /home/jason/disorder/lj/alloy/lj_alloy_dos_c05-5_5.eps Graphic file (type
 eps)
 </home/jason/disorder/lj/alloy/lj_alloy_dos_c05-5_5.eps> [9] [10]
[11]
File: /home/jason/disorder/lj/alloy/lj_alloy_dsf_100_111-2.eps Graphic file (ty
pe eps)
 </home/jason/disorder/lj/alloy/lj_alloy_dsf_100_111-2.eps> [12] [13]
! Undefined control sequence.
l.1028 \tau\kv = \int_{0}^{\TAU
                               }
? 
[14]
! Undefined control sequence.
<recently read> \TAU 
                     
l.1031 where the upper integration limit $\TAU
                                              $ is much larger than the phonon
? 
[15]
File: /home/jason/disorder/lj/alloy/lj_alloy_nmd_vc_gamma_life-3.eps Graphic fi
le (type eps)
 </home/jason/disorder/lj/alloy/lj_alloy_nmd_vc_gamma_life-3.eps> [16]
! Missing } inserted.
<inserted text> 
                }
l.1160 \end{split}
                  
? 
! Missing $ inserted.
<inserted text> 
                $
l.1160 \end{split}
                  
? 
! Missing { inserted.
<inserted text> 
                {
l.1160 \end{split}
                  
? 
! Missing $ inserted.
<inserted text> 
                $
l.1160 \end{split}
                  
? 
! Missing } inserted.
<inserted text> 
                }
l.1160 \end{split}
                  
? 
! Missing $ inserted.
<inserted text> 
                $
l.1160 \end{split}
                  
? 
! Missing { inserted.
<inserted text> 
                {
l.1160 \end{split}
                  
? 
! Missing $ inserted.
<inserted text> 
                $
l.1160 \end{split}
                  
? 
! Missing \endcsname inserted.
<to be read again> 
                   \protect 
l.1178 ...using a Lorentzian function.\footnote[2]
                                                  {
? 
! Missing \endcsname inserted.
<to be read again> 
                   \protect 
l.1178 ...using a Lorentzian function.\footnote[2]
                                                  {
? 
! Use of \b@endnote doesn't match its definition.
\protect ->\noexpand \protect \noexpand 
                                        
l.1178 ...using a Lorentzian function.\footnote[2]
                                                  {
? 
! Improper alphabetic constant.
<to be read again> 
                   \relax 
l.1178 ...using a Lorentzian function.\footnote[2]
                                                  {
? 
! Missing = inserted for \ifnum.
<to be read again> 
                   \relax 
l.1178 ...using a Lorentzian function.\footnote[2]
                                                  {
? 
! Missing number, treated as zero.
<to be read again> 
                   \relax 
l.1178 ...using a Lorentzian function.\footnote[2]
                                                  {
? 
! Missing \endcsname inserted.
<to be read again> 
                   \protect 
l.1178 ...using a Lorentzian function.\footnote[2]
                                                  {
? 
! Missing \endcsname inserted.
<to be read again> 
                   \protect 
l.1178 ...using a Lorentzian function.\footnote[2]
                                                  {
? 
! Use of \b@endnote doesn't match its definition.
\protect ->\noexpand \protect \noexpand 
                                        
l.1178 ...using a Lorentzian function.\footnote[2]
                                                  {
? 
! Improper alphabetic constant.
<to be read again> 
                   \relax 
l.1178 ...using a Lorentzian function.\footnote[2]
                                                  {
? 
! Missing = inserted for \ifnum.
<to be read again> 
                   \relax 
l.1178 ...using a Lorentzian function.\footnote[2]
                                                  {
? 
! Missing number, treated as zero.
<to be read again> 
                   \relax 
l.1178 ...using a Lorentzian function.\footnote[2]
                                                  {
? 
! Extra }, or forgotten $.
<recently read> }
                 
l.1178 ...using a Lorentzian function.\footnote[2]
                                                  {
? 
! Extra }, or forgotten $.
<argument> {\citenumfont {\NAT@num }}
                                     
l.1178 ...using a Lorentzian function.\footnote[2]
                                                  {
? 
! Extra }, or forgotten $.
\mbox #1->\leavevmode \hbox {#1}
                                
l.1178 ...using a Lorentzian function.\footnote[2]
                                                  {
? 
! Extra }, or forgotten $.
\mbox #1->\leavevmode \hbox {#1}
                                
l.1178 ...using a Lorentzian function.\footnote[2]
                                                  {
? 
! Extra }, or forgotten $.
<argument> ...fi }{}\NAT@mbox {\NAT@@close }\fi }}
                                                  
l.1178 ...using a Lorentzian function.\footnote[2]
                                                  {
? 
! Missing } inserted.
<inserted text> 
                }
l.1178 ...using a Lorentzian function.\footnote[2]
                                                  {
? 
! Missing } inserted.
<inserted text> 
                }
l.1178 ...using a Lorentzian function.\footnote[2]
                                                  {
? 
! Missing } inserted.
<inserted text> 
                }
l.1178 ...using a Lorentzian function.\footnote[2]
                                                  {
? 
! Missing } inserted.
<inserted text> 
                }
l.1178 ...using a Lorentzian function.\footnote[2]
                                                  {
? 
! Missing $ inserted.
<inserted text> 
                $
l.1178 ...using a Lorentzian function.\footnote[2]
                                                  {
? 
! Missing } inserted.
<inserted text> 
                }
l.1178 ...using a Lorentzian function.\footnote[2]
                                                  {
? 
\@endnoteout=\write3
\openout3 = `prb_vc_jl_022413.end'.

[17] [18]
! Missing \endcsname inserted.
<to be read again> 
                   \protect 
l.1287 Eq. \eqref{EQ:M:k_AF,HS}.\footnote[3]
                                            {
? 
! Missing \endcsname inserted.
<to be read again> 
                   \protect 
l.1287 Eq. \eqref{EQ:M:k_AF,HS}.\footnote[3]
                                            {
? 
! Use of \b@endnote doesn't match its definition.
\protect ->\noexpand \protect \noexpand 
                                        
l.1287 Eq. \eqref{EQ:M:k_AF,HS}.\footnote[3]
                                            {
? 
! Improper alphabetic constant.
<to be read again> 
                   \relax 
l.1287 Eq. \eqref{EQ:M:k_AF,HS}.\footnote[3]
                                            {
? 
! Missing = inserted for \ifnum.
<to be read again> 
                   \relax 
l.1287 Eq. \eqref{EQ:M:k_AF,HS}.\footnote[3]
                                            {
? 
! Missing number, treated as zero.
<to be read again> 
                   \relax 
l.1287 Eq. \eqref{EQ:M:k_AF,HS}.\footnote[3]
                                            {
? 
! Missing \endcsname inserted.
<to be read again> 
                   \protect 
l.1287 Eq. \eqref{EQ:M:k_AF,HS}.\footnote[3]
                                            {
? 
! Missing \endcsname inserted.
<to be read again> 
                   \protect 
l.1287 Eq. \eqref{EQ:M:k_AF,HS}.\footnote[3]
                                            {
? 
! Use of \b@endnote doesn't match its definition.
\protect ->\noexpand \protect \noexpand 
                                        
l.1287 Eq. \eqref{EQ:M:k_AF,HS}.\footnote[3]
                                            {
? 
! Improper alphabetic constant.
<to be read again> 
                   \relax 
l.1287 Eq. \eqref{EQ:M:k_AF,HS}.\footnote[3]
                                            {
? 
! Missing = inserted for \ifnum.
<to be read again> 
                   \relax 
l.1287 Eq. \eqref{EQ:M:k_AF,HS}.\footnote[3]
                                            {
? 
! Missing number, treated as zero.
<to be read again> 
                   \relax 
l.1287 Eq. \eqref{EQ:M:k_AF,HS}.\footnote[3]
                                            {
? 
! Extra }, or forgotten $.
<recently read> }
                 
l.1287 Eq. \eqref{EQ:M:k_AF,HS}.\footnote[3]
                                            {
? 
! Extra }, or forgotten $.
<argument> {\citenumfont {\NAT@num }}
                                     
l.1287 Eq. \eqref{EQ:M:k_AF,HS}.\footnote[3]
                                            {
? 
! Extra }, or forgotten $.
\mbox #1->\leavevmode \hbox {#1}
                                
l.1287 Eq. \eqref{EQ:M:k_AF,HS}.\footnote[3]
                                            {
? 
! Extra }, or forgotten $.
\mbox #1->\leavevmode \hbox {#1}
                                
l.1287 Eq. \eqref{EQ:M:k_AF,HS}.\footnote[3]
                                            {
? 
! Extra }, or forgotten $.
<argument> ...fi }{}\NAT@mbox {\NAT@@close }\fi }}
                                                  
l.1287 Eq. \eqref{EQ:M:k_AF,HS}.\footnote[3]
                                            {
? 
! Missing } inserted.
<inserted text> 
                }
l.1287 Eq. \eqref{EQ:M:k_AF,HS}.\footnote[3]
                                            {
? 
! Missing } inserted.
<inserted text> 
                }
l.1287 Eq. \eqref{EQ:M:k_AF,HS}.\footnote[3]
                                            {
? 
! Missing } inserted.
<inserted text> 
                }
l.1287 Eq. \eqref{EQ:M:k_AF,HS}.\footnote[3]
                                            {
? 
! Missing } inserted.
<inserted text> 
                }
l.1287 Eq. \eqref{EQ:M:k_AF,HS}.\footnote[3]
                                            {
? 
! Missing $ inserted.
<inserted text> 
                $
l.1287 Eq. \eqref{EQ:M:k_AF,HS}.\footnote[3]
                                            {
? 
! Missing } inserted.
<inserted text> 
                }
l.1287 Eq. \eqref{EQ:M:k_AF,HS}.\footnote[3]
                                            {
? 
! Missing \endcsname inserted.
<to be read again> 
                   \protect 
l.1310 \footnote[4]
                   
? 
! Missing \endcsname inserted.
<to be read again> 
                   \protect 
l.1310 \footnote[4]
                   
? 
! Use of \b@endnote doesn't match its definition.
\protect ->\noexpand \protect \noexpand 
                                        
l.1310 \footnote[4]
                   
? 
! Improper alphabetic constant.
<to be read again> 
                   \relax 
l.1310 \footnote[4]
                   
? 
! Missing = inserted for \ifnum.
<to be read again> 
                   \relax 
l.1310 \footnote[4]
                   
? 
! Missing number, treated as zero.
<to be read again> 
                   \relax 
l.1310 \footnote[4]
                   
? 
! Missing \endcsname inserted.
<to be read again> 
                   \protect 
l.1310 \footnote[4]
                   
? 
! Missing \endcsname inserted.
<to be read again> 
                   \protect 
l.1310 \footnote[4]
                   
? 
! Use of \b@endnote doesn't match its definition.
\protect ->\noexpand \protect \noexpand 
                                        
l.1310 \footnote[4]
                   
? 
! Improper alphabetic constant.
<to be read again> 
                   \relax 
l.1310 \footnote[4]
                   
? 
! Missing = inserted for \ifnum.
<to be read again> 
                   \relax 
l.1310 \footnote[4]
                   
? 
! Missing number, treated as zero.
<to be read again> 
                   \relax 
l.1310 \footnote[4]
                   
? 
! Extra }, or forgotten $.
<recently read> }
                 
l.1310 \footnote[4]
                   
? 
! Extra }, or forgotten $.
<argument> {\citenumfont {\NAT@num }}
                                     
l.1310 \footnote[4]
                   
? 
! Extra }, or forgotten $.
\mbox #1->\leavevmode \hbox {#1}
                                
l.1310 \footnote[4]
                   
? 
! Extra }, or forgotten $.
\mbox #1->\leavevmode \hbox {#1}
                                
l.1310 \footnote[4]
                   
? 
! Extra }, or forgotten $.
<argument> ...fi }{}\NAT@mbox {\NAT@@close }\fi }}
                                                  
l.1310 \footnote[4]
                   
? 
! Missing } inserted.
<inserted text> 
                }
l.1310 \footnote[4]
                   
? 
! Missing } inserted.
<inserted text> 
                }
l.1310 \footnote[4]
                   
? 
! Missing } inserted.
<inserted text> 
                }
l.1310 \footnote[4]
                   
? 
! Missing } inserted.
<inserted text> 
                }
l.1310 \footnote[4]
                   
? 
! Missing $ inserted.
<inserted text> 
                $
l.1310 \footnote[4]
                   
? 
! Missing } inserted.
<inserted text> 
                }
l.1310 \footnote[4]
                   
? 
! Missing \endcsname inserted.
<to be read again> 
                   \protect 
l.1319 \footnote[5]
                   {For a finite system, the AF theory
? 
! Missing \endcsname inserted.
<to be read again> 
                   \protect 
l.1319 \footnote[5]
                   {For a finite system, the AF theory
? 
! Use of \b@endnote doesn't match its definition.
\protect ->\noexpand \protect \noexpand 
                                        
l.1319 \footnote[5]
                   {For a finite system, the AF theory
? 
! Improper alphabetic constant.
<to be read again> 
                   \relax 
l.1319 \footnote[5]
                   {For a finite system, the AF theory
? 
! Missing = inserted for \ifnum.
<to be read again> 
                   \relax 
l.1319 \footnote[5]
                   {For a finite system, the AF theory
? 
! Missing number, treated as zero.
<to be read again> 
                   \relax 
l.1319 \footnote[5]
                   {For a finite system, the AF theory
? 
! Missing \endcsname inserted.
<to be read again> 
                   \protect 
l.1319 \footnote[5]
                   {For a finite system, the AF theory
? 
! Missing \endcsname inserted.
<to be read again> 
                   \protect 
l.1319 \footnote[5]
                   {For a finite system, the AF theory
? 
! Use of \b@endnote doesn't match its definition.
\protect ->\noexpand \protect \noexpand 
                                        
l.1319 \footnote[5]
                   {For a finite system, the AF theory
? 
! Improper alphabetic constant.
<to be read again> 
                   \relax 
l.1319 \footnote[5]
                   {For a finite system, the AF theory
? 
! Missing = inserted for \ifnum.
<to be read again> 
                   \relax 
l.1319 \footnote[5]
                   {For a finite system, the AF theory
? 
! Missing number, treated as zero.
<to be read again> 
                   \relax 
l.1319 \footnote[5]
                   {For a finite system, the AF theory
? 
! Extra }, or forgotten $.
<recently read> }
                 
l.1319 \footnote[5]
                   {For a finite system, the AF theory
? 
! Extra }, or forgotten $.
<argument> {\citenumfont {\NAT@num }}
                                     
l.1319 \footnote[5]
                   {For a finite system, the AF theory
? 
! Extra }, or forgotten $.
\mbox #1->\leavevmode \hbox {#1}
                                
l.1319 \footnote[5]
                   {For a finite system, the AF theory
? 
! Extra }, or forgotten $.
\mbox #1->\leavevmode \hbox {#1}
                                
l.1319 \footnote[5]
                   {For a finite system, the AF theory
? 
! Extra }, or forgotten $.
<argument> ...fi }{}\NAT@mbox {\NAT@@close }\fi }}
                                                  
l.1319 \footnote[5]
                   {For a finite system, the AF theory
? 
! Missing } inserted.
<inserted text> 
                }
l.1319 \footnote[5]
                   {For a finite system, the AF theory
? 
! Missing } inserted.
<inserted text> 
                }
l.1319 \footnote[5]
                   {For a finite system, the AF theory
? 
! Missing } inserted.
<inserted text> 
                }
l.1319 \footnote[5]
                   {For a finite system, the AF theory
? 
! Missing } inserted.
<inserted text> 
                }
l.1319 \footnote[5]
                   {For a finite system, the AF theory
? 
! Missing $ inserted.
<inserted text> 
                $
l.1319 \footnote[5]
                   {For a finite system, the AF theory
? 
! Missing } inserted.
<inserted text> 
                }
l.1319 \footnote[5]
                   {For a finite system, the AF theory
? 
[19]
File: /home/jason/disorder/lj/alloy/af_nmd_ald_tau_diff_kw_c05_3-3.eps Graphic 
file (type eps)
 </home/jason/disorder/lj/alloy/af_nmd_ald_tau_diff_kw_c05_3-3.eps>
File: /home/jason/disorder/lj/alloy/af_c5_amor_DAF_kw_2.eps Graphic file (type 
eps)

</home/jason/disorder/lj/alloy/af_c5_amor_DAF_kw_2.eps> [20] [21] [22] [23]
File: /home/jason/disorder/lj/alloy/lj_cond_compare.eps Graphic file (type eps)


</home/jason/disorder/lj/alloy/lj_cond_compare.eps> [24] [25]
! Missing \endcsname inserted.
<to be read again> 
                   \protect 
l.1582 \footnote[6]
                   
? 
! Missing \endcsname inserted.
<to be read again> 
                   \protect 
l.1582 \footnote[6]
                   
? 
! Use of \b@endnote doesn't match its definition.
\protect ->\noexpand \protect \noexpand 
                                        
l.1582 \footnote[6]
                   
? 
! Improper alphabetic constant.
<to be read again> 
                   \relax 
l.1582 \footnote[6]
                   
? 
! Missing = inserted for \ifnum.
<to be read again> 
                   \relax 
l.1582 \footnote[6]
                   
? 
! Missing number, treated as zero.
<to be read again> 
                   \relax 
l.1582 \footnote[6]
                   
? 
! Missing \endcsname inserted.
<to be read again> 
                   \protect 
l.1582 \footnote[6]
                   
? 
! Missing \endcsname inserted.
<to be read again> 
                   \protect 
l.1582 \footnote[6]
                   
? 
! Use of \b@endnote doesn't match its definition.
\protect ->\noexpand \protect \noexpand 
                                        
l.1582 \footnote[6]
                   
? 
! Improper alphabetic constant.
<to be read again> 
                   \relax 
l.1582 \footnote[6]
                   
? 
! Missing = inserted for \ifnum.
<to be read again> 
                   \relax 
l.1582 \footnote[6]
                   
? 
! Missing number, treated as zero.
<to be read again> 
                   \relax 
l.1582 \footnote[6]
                   
? 
! Extra }, or forgotten $.
<recently read> }
                 
l.1582 \footnote[6]
                   
? 
! Extra }, or forgotten $.
<argument> {\citenumfont {\NAT@num }}
                                     
l.1582 \footnote[6]
                   
? 
! Extra }, or forgotten $.
\mbox #1->\leavevmode \hbox {#1}
                                
l.1582 \footnote[6]
                   
? 
! Extra }, or forgotten $.
\mbox #1->\leavevmode \hbox {#1}
                                
l.1582 \footnote[6]
                   
? 
! Extra }, or forgotten $.
<argument> ...fi }{}\NAT@mbox {\NAT@@close }\fi }}
                                                  
l.1582 \footnote[6]
                   
? 
! Missing } inserted.
<inserted text> 
                }
l.1582 \footnote[6]
                   
? 
! Missing } inserted.
<inserted text> 
                }
l.1582 \footnote[6]
                   
? 
! Missing } inserted.
<inserted text> 
                }
l.1582 \footnote[6]
                   
? 
! Missing } inserted.
<inserted text> 
                }
l.1582 \footnote[6]
                   
? 
! Missing $ inserted.
<inserted text> 
                $
l.1582 \footnote[6]
                   
? 
! Missing } inserted.
<inserted text> 
                }
l.1582 \footnote[6]
                   
? 
File: /home/jason/disorder/si/alloy/af_nmd_ald_tau_diff_kw_c5.eps Graphic file 
(type eps)
</home/jason/disorder/si/alloy/af_nmd_ald_tau_diff_kw_c5.eps>
File: /home/jason/disorder/si/alloy/m_si_cond_compare.eps Graphic file (type ep
s)

</home/jason/disorder/si/alloy/m_si_cond_compare.eps> [26] [27] [28] [29]
[30]
File: /home/jason/disorder/lj/alloy/m_lj_nmd_xcorr_compare.eps Graphic file (ty
pe eps)
 </home/jason/disorder/lj/alloy/m_lj_nmd_xcorr_compare.eps>
(./prb_vc_jl_022413.bbl [31] [32]
Missing character: There is no ‚ in font cmr10!
Missing character: There is no Ä in font cmr10!
Missing character: There is no ì in font cmr10!
Missing character: There is no ‚ in font cmr10!
Missing character: There is no Ä in font cmr10!
Missing character: There is no ì in font cmr10!
Missing character: There is no ‚ in font cmr10!
Missing character: There is no Ä in font cmr10!
Missing character: There is no ì in font cmr10!
 [33]
Missing character: There is no ‚ in font cmr10!
Missing character: There is no Ä in font cmr10!
Missing character: There is no ì in font cmr10!
Missing character: There is no ‚ in font cmr10!
Missing character: There is no Ä in font cmr10!
Missing character: There is no ì in font cmr10!
Missing character: There is no ‚ in font cmr10!
Missing character: There is no Ä in font cmr10!
Missing character: There is no ì in font cmr10!
Missing character: There is no ‚ in font cmr10!
Missing character: There is no Ä in font cmr10!
Missing character: There is no ì in font cmr10!
Missing character: There is no ‚ in font cmr10!
Missing character: There is no Ä in font cmr10!
Missing character: There is no ì in font cmr10!
Missing character: There is no ‚ in font cmr10!
Missing character: There is no Ä in font cmr10!
Missing character: There is no ì in font cmr10!
 [34]
Missing character: There is no ‚ in font cmr10!
Missing character: There is no Ä in font cmr10!
Missing character: There is no ì in font cmr10!
Missing character: There is no ‚ in font cmr10!
Missing character: There is no Ä in font cmr10!
Missing character: There is no ì in font cmr10!
LaTeX Font Info:    Try loading font information for OMS+cmr on input line 408.


(/usr/share/texmf-texlive/tex/latex/base/omscmr.fd
File: omscmr.fd 1999/05/25 v2.5h Standard LaTeX font definitions
)
LaTeX Font Info:    Font shape `OMS/cmr/m/n' in size <10.95> not available
(Font)              Font shape `OMS/cmsy/m/n' tried instead on input line 408.
Missing character: There is no ‚ in font cmr10!
Missing character: There is no Ä in font cmr10!
Missing character: There is no ì in font cmr10!
Missing character: There is no ‚ in font cmr10!
Missing character: There is no Ä in font cmr10!
Missing character: There is no ì in font cmr10!
Missing character: There is no ‚ in font cmr10!
Missing character: There is no Ä in font cmr10!
Missing character: There is no ì in font cmr10!
Missing character: There is no ‚ in font cmr10!
Missing character: There is no Ä in font cmr10!
Missing character: There is no ì in font cmr10!
Missing character: There is no ‚ in font cmr10!
Missing character: There is no Ä in font cmr10!
Missing character: There is no ì in font cmr10!
 [35]
Missing character: There is no ‚ in font cmr10!
Missing character: There is no Ä in font cmr10!
Missing character: There is no ì in font cmr10!
Missing character: There is no ‚ in font cmr10!
Missing character: There is no Ä in font cmr10!
Missing character: There is no ì in font cmr10!

(./prb_vc_jl_022413.end
! Missing \endcsname inserted.
<to be read again> 
                   \protect 
l.1 ...nually or by increasing system size $N_0$.}
                                                  
? 
! Missing \endcsname inserted.
<to be read again> 
                   \protect 
l.1 ...nually or by increasing system size $N_0$.}
                                                  
? 
! Use of \b@endnote doesn't match its definition.
\protect ->\noexpand \protect \noexpand 
                                        
l.1 ...nually or by increasing system size $N_0$.}
                                                  
? 
! Improper alphabetic constant.
<to be read again> 
                   \ensuremath  
l.1 ...nually or by increasing system size $N_0$.}
                                                  
? 
! Missing = inserted for \ifnum.
<to be read again> 
                   $
l.1 ...nually or by increasing system size $N_0$.}
                                                  
? 
! Missing number, treated as zero.
<to be read again> 
                   $
l.1 ...nually or by increasing system size $N_0$.}
                                                  
? 
! Missing \endcsname inserted.
<to be read again> 
                   \protect 
l.1 ...nually or by increasing system size $N_0$.}
                                                  
? 
! Extra \endcsname.
\@lbibitem ...pen \csname NAT@b@open@#2\endcsname 
                                                  \expandafter \let \expanda...
l.1 ...nually or by increasing system size $N_0$.}
                                                  
? 
! Missing \endcsname inserted.
<to be read again> 
                   \protect 
l.1 ...nually or by increasing system size $N_0$.}
                                                  
? 
! Extra \endcsname.
\@lbibitem ...hut \csname NAT@b@shut@#2\endcsname 
                                                  \@ifnum {\NAT@merge >\@ne ...
l.1 ...nually or by increasing system size $N_0$.}
                                                  
? 

LaTeX Warning: Reference `S:SF' on page 36 undefined on input line 1.

! Missing \endcsname inserted.
<to be read again> 
                   \protect 
l.2 ...mately $\%20$. \cite {cahill_lattice_1988}}
                                                  
? 
! Missing \endcsname inserted.
<to be read again> 
                   \protect 
l.2 ...mately $\%20$. \cite {cahill_lattice_1988}}
                                                  
? 
! Use of \b@endnote doesn't match its definition.
\protect ->\noexpand \protect \noexpand 
                                        
l.2 ...mately $\%20$. \cite {cahill_lattice_1988}}
                                                  
? 
! Improper alphabetic constant.
<to be read again> 
                   \ensuremath  
l.2 ...mately $\%20$. \cite {cahill_lattice_1988}}
                                                  
? 
! Missing = inserted for \ifnum.
<to be read again> 
                   $
l.2 ...mately $\%20$. \cite {cahill_lattice_1988}}
                                                  
? 
! Missing number, treated as zero.
<to be read again> 
                   $
l.2 ...mately $\%20$. \cite {cahill_lattice_1988}}
                                                  
? 
! Missing \endcsname inserted.
<to be read again> 
                   \protect 
l.2 ...mately $\%20$. \cite {cahill_lattice_1988}}
                                                  
? 
! Extra \endcsname.
\@lbibitem ...pen \csname NAT@b@open@#2\endcsname 
                                                  \expandafter \let \expanda...
l.2 ...mately $\%20$. \cite {cahill_lattice_1988}}
                                                  
? 
! Missing \endcsname inserted.
<to be read again> 
                   \protect 
l.2 ...mately $\%20$. \cite {cahill_lattice_1988}}
                                                  
? 
! Extra \endcsname.
\@lbibitem ...hut \csname NAT@b@shut@#2\endcsname 
                                                  \@ifnum {\NAT@merge >\@ne ...
l.2 ...mately $\%20$. \cite {cahill_lattice_1988}}
                                                  
? 
! Missing \endcsname inserted.
<to be read again> 
                   \protect 
l.3 ...where $k_{AF}/k_{GK} = 0.93$ for $N_0=12$.}
                                                  
? 
! Missing \endcsname inserted.
<to be read again> 
                   \protect 
l.3 ...where $k_{AF}/k_{GK} = 0.93$ for $N_0=12$.}
                                                  
? 
! Use of \b@endnote doesn't match its definition.
\protect ->\noexpand \protect \noexpand 
                                        
l.3 ...where $k_{AF}/k_{GK} = 0.93$ for $N_0=12$.}
                                                  
? 
! Improper alphabetic constant.
<to be read again> 
                   \ensuremath  
l.3 ...where $k_{AF}/k_{GK} = 0.93$ for $N_0=12$.}
                                                  
? 
! Missing = inserted for \ifnum.
<to be read again> 
                   $
l.3 ...where $k_{AF}/k_{GK} = 0.93$ for $N_0=12$.}
                                                  
? 
! Missing number, treated as zero.
<to be read again> 
                   $
l.3 ...where $k_{AF}/k_{GK} = 0.93$ for $N_0=12$.}
                                                  
? 
! Missing \endcsname inserted.
<to be read again> 
                   \protect 
l.3 ...where $k_{AF}/k_{GK} = 0.93$ for $N_0=12$.}
                                                  
? 
! Extra \endcsname.
\@lbibitem ...pen \csname NAT@b@open@#2\endcsname 
                                                  \expandafter \let \expanda...
l.3 ...where $k_{AF}/k_{GK} = 0.93$ for $N_0=12$.}
                                                  
? 
! Missing \endcsname inserted.
<to be read again> 
                   \protect 
l.3 ...where $k_{AF}/k_{GK} = 0.93$ for $N_0=12$.}
                                                  
? 
! Extra \endcsname.
\@lbibitem ...hut \csname NAT@b@shut@#2\endcsname 
                                                  \@ifnum {\NAT@merge >\@ne ...
l.3 ...where $k_{AF}/k_{GK} = 0.93$ for $N_0=12$.}
                                                  
? 
! Missing \endcsname inserted.
<to be read again> 
                   \protect 
l.4 ... _{\omega ,avg}$, see Section \ref {S:SF}.}
                                                  
? 
! Missing \endcsname inserted.
<to be read again> 
                   \protect 
l.4 ... _{\omega ,avg}$, see Section \ref {S:SF}.}
                                                  
? 
! Use of \b@endnote doesn't match its definition.
\protect ->\noexpand \protect \noexpand 
                                        
l.4 ... _{\omega ,avg}$, see Section \ref {S:SF}.}
                                                  
? 
! Improper alphabetic constant.
<to be read again> 
                   \ensuremath  
l.4 ... _{\omega ,avg}$, see Section \ref {S:SF}.}
                                                  
? 
! Missing = inserted for \ifnum.
<to be read again> 
                   $
l.4 ... _{\omega ,avg}$, see Section \ref {S:SF}.}
                                                  
? 
! Missing number, treated as zero.
<to be read again> 
                   $
l.4 ... _{\omega ,avg}$, see Section \ref {S:SF}.}
                                                  
? 
! Missing \endcsname inserted.
<to be read again> 
                   \protect 
l.4 ... _{\omega ,avg}$, see Section \ref {S:SF}.}
                                                  
? 
! Extra \endcsname.
\@lbibitem ...pen \csname NAT@b@open@#2\endcsname 
                                                  \expandafter \let \expanda...
l.4 ... _{\omega ,avg}$, see Section \ref {S:SF}.}
                                                  
? 
! Missing \endcsname inserted.
<to be read again> 
                   \protect 
l.4 ... _{\omega ,avg}$, see Section \ref {S:SF}.}
                                                  
? 
! Extra \endcsname.
\@lbibitem ...hut \csname NAT@b@shut@#2\endcsname 
                                                  \@ifnum {\NAT@merge >\@ne ...
l.4 ... _{\omega ,avg}$, see Section \ref {S:SF}.}
                                                  
? 
[36]

LaTeX Warning: Reference `S:SF' on page 37 undefined on input line 4.

! Missing \endcsname inserted.
<to be read again> 
                   \protect 
l.5 ...k for SW silicon alloys is not as drastic.}
                                                  
? 
! Missing \endcsname inserted.
<to be read again> 
                   \protect 
l.5 ...k for SW silicon alloys is not as drastic.}
                                                  
? 
! Use of \b@endnote doesn't match its definition.
\protect ->\noexpand \protect \noexpand 
                                        
l.5 ...k for SW silicon alloys is not as drastic.}
                                                  
? 
! Improper alphabetic constant.
<to be read again> 
                   \ensuremath  
l.5 ...k for SW silicon alloys is not as drastic.}
                                                  
? 
! Missing = inserted for \ifnum.
<to be read again> 
                   $
l.5 ...k for SW silicon alloys is not as drastic.}
                                                  
? 
! Missing number, treated as zero.
<to be read again> 
                   $
l.5 ...k for SW silicon alloys is not as drastic.}
                                                  
? 
! Missing \endcsname inserted.
<to be read again> 
                   \protect 
l.5 ...k for SW silicon alloys is not as drastic.}
                                                  
? 
! Extra \endcsname.
\@lbibitem ...pen \csname NAT@b@open@#2\endcsname 
                                                  \expandafter \let \expanda...
l.5 ...k for SW silicon alloys is not as drastic.}
                                                  
? 
! Missing \endcsname inserted.
<to be read again> 
                   \protect 
l.5 ...k for SW silicon alloys is not as drastic.}
                                                  
? 
! Extra \endcsname.
\@lbibitem ...hut \csname NAT@b@shut@#2\endcsname 
                                                  \@ifnum {\NAT@merge >\@ne ...
l.5 ...k for SW silicon alloys is not as drastic.}
                                                  
? 
))

Class revtex4 Warning: Environment acknowledgements is obsolete;
Use acknowledgments instead.


Package natbib Warning: There were undefined citations.


Package natbib Warning: There were multiply defined citations.

[37] (./prb_vc_jl_022413.aux
! Missing \endcsname inserted.
<to be read again> 
                   \protect 
l.251 ...te\ensuremath {\dagger }}{{67}{}{{}}{{}}}
                                                  
? 

Package natbib Warning: Citation(s) may have changed.
(natbib)                Rerun to get citations correct.

! Missing \endcsname inserted.
<to be read again> 
                   \protect 
l.252 ...e\ensuremath {\ddagger }}{{68}{}{{}}{{}}}
                                                  
? 
! Missing \endcsname inserted.
<to be read again> 
                   \protect 
l.254 ...suremath {\mathsection }}{{69}{}{{}}{{}}}
                                                  
? 
! Missing \endcsname inserted.
<to be read again> 
                   \protect 
l.255 ...remath {\mathparagraph }}{{70}{}{{}}{{}}}
                                                  
? 
! Missing \endcsname inserted.
<to be read again> 
                   \protect 
l.256 ...{endnote\ensuremath {**}}{{71}{}{{}}{{}}}
                                                  
? 
)

LaTeX Warning: There were undefined references.

 ) 
Here is how much of TeX's memory you used:
 3761 strings out of 493849
 48943 string characters out of 1152845
 131795 words of memory out of 3000000
 6977 multiletter control sequences out of 15000+50000
 16902 words of font info for 62 fonts, out of 3000000 for 9000
 714 hyphenation exceptions out of 8191
 33i,26n,32p,997b,429s stack positions out of 5000i,500n,10000p,200000b,50000s

Output written on prb_vc_jl_022413.dvi (37 pages, 96724 bytes).
