This is pdfTeX, Version 3.1415926-1.40.10 (TeX Live 2009/Debian) (format=latex 2012.11.19)  15 DEC 2012 15:05
entering extended mode
 %&-line parsing enabled.
**prb_vc_jl_120612.tex
(./prb_vc_jl_120612.tex
LaTeX2e <2009/09/24>
Babel <v3.8l> and hyphenation patterns for english, usenglishmax, dumylang, noh
yphenation, farsi, arabic, croatian, bulgarian, ukrainian, russian, czech, slov
ak, danish, dutch, finnish, french, basque, ngerman, german, german-x-2009-06-1
9, ngerman-x-2009-06-19, ibycus, monogreek, greek, ancientgreek, hungarian, san
skrit, italian, latin, latvian, lithuanian, mongolian2a, mongolian, bokmal, nyn
orsk, romanian, irish, coptic, serbian, turkish, welsh, esperanto, uppersorbian
, estonian, indonesian, interlingua, icelandic, kurmanji, slovenian, polish, po
rtuguese, spanish, galician, catalan, swedish, ukenglish, pinyin, loaded.
(/usr/share/texmf-texlive/tex/latex/revtex4/revtex4.cls
Document Class: revtex4 2001/08/02 v4.0 (http://publish.aps.org/revtex4/ for do
cumentation)
 Copyright (c) 2001 The American Physical Society.
 mailto:revtex@aps.org
 Licensed under the LPPL:
http://www.ctan.org/tex-archive/macros/latex/base/lppl.txt
 Arthur Ogawa <ogawa@teleport.com>
 Based on work by David Carlisle <david@dcarlisle.demon.co.uk>.
ltxutil: portions licensed from W. E. Baxter (web@superscript.com)
Class revtex4 Info: Repairing broken LateX \@sect on input line 596.
\intertabularlinepenalty=\count79
\@tbpen=\count80
\@arstrutbox@hline=\box26
Class revtex4 Info: Repairing broken LaTeX \@xbitor on input line 1610.
ltxgrid: portions licensed from W. E. Baxter (web@superscript.com)
\c@linecount=\count81
\output=\toks14
\@protection@box=\box27
\@topmark@saved=\toks15
\footins@saved=\box28
\pagesofar=\box29
\footbox=\box30
\pagegrid@col=\count82
Class revtex4 Info: Incorporating package {textcase}  [1998/11/12 v0.06 Text on
ly upper/lower case changing (DPC)]. on input line 3682.
(/usr/share/texmf-texlive/tex/latex/ltxmisc/url.sty
\Urlmuskip=\muskip10
Package: url 2006/04/12  ver 3.3  Verb mode for urls, etc.
)
\c@affil=\count83
\absbox=\box31
\c@part=\count84
\c@section=\count85
\c@subsection=\count86
\c@subsubsection=\count87
\c@paragraph=\count88
\c@subparagraph=\count89
\abovecaptionskip=\skip41
\belowcaptionskip=\skip42
\c@figure=\count90
\c@table=\count91

(/usr/share/texmf-texlive/tex/latex/natbib/natbib.sty
Package: natbib 2009/07/16 8.31 (PWD, AO)
\bibhang=\skip43
\bibsep=\skip44
LaTeX Info: Redefining \cite on input line 694.
\c@NAT@ctr=\count92
)
\widetext@top=\box32
\widetext@bot=\box33

(/usr/share/texmf-texlive/tex/latex/revtex4/revsymb.sty
Package: revsymb 2001/08/02 v4.0 (http://publish.aps.org/revtex4/ for documenta
tion)
LaTeX Info: Redefining \REV@mathfrak on input line 118.
))
(/usr/share/texmf-texlive/tex/latex/amsfonts/amssymb.sty
Package: amssymb 2009/06/22 v3.00

(/usr/share/texmf-texlive/tex/latex/amsfonts/amsfonts.sty
Package: amsfonts 2009/06/22 v3.00 Basic AMSFonts support
\@emptytoks=\toks16
\symAMSa=\mathgroup4
\symAMSb=\mathgroup5
LaTeX Font Info:    Overwriting math alphabet `\mathfrak' in version `bold'
(Font)                  U/euf/m/n --> U/euf/b/n on input line 96.
LaTeX Info: Redefining \frak on input line 99.
LaTeX Info: Redefining \Bbb on input line 101.
))
(/usr/share/texmf-texlive/tex/latex/amsmath/amsmath.sty
Package: amsmath 2000/07/18 v2.13 AMS math features
\@mathmargin=\skip45

For additional information on amsmath, use the `?' option.
(/usr/share/texmf-texlive/tex/latex/amsmath/amstext.sty
Package: amstext 2000/06/29 v2.01

(/usr/share/texmf-texlive/tex/latex/amsmath/amsgen.sty
File: amsgen.sty 1999/11/30 v2.0
\@emptytoks=\toks17
\ex@=\dimen102
))
(/usr/share/texmf-texlive/tex/latex/amsmath/amsbsy.sty
Package: amsbsy 1999/11/29 v1.2d
\pmbraise@=\dimen103
)
(/usr/share/texmf-texlive/tex/latex/amsmath/amsopn.sty
Package: amsopn 1999/12/14 v2.01 operator names
)
\inf@bad=\count93
LaTeX Info: Redefining \frac on input line 211.
\uproot@=\count94
\leftroot@=\count95
LaTeX Info: Redefining \overline on input line 307.
\classnum@=\count96
\DOTSCASE@=\count97
LaTeX Info: Redefining \ldots on input line 379.
LaTeX Info: Redefining \dots on input line 382.
LaTeX Info: Redefining \cdots on input line 467.
\Mathstrutbox@=\box34
\strutbox@=\box35
\big@size=\dimen104
LaTeX Font Info:    Redeclaring font encoding OML on input line 567.
LaTeX Font Info:    Redeclaring font encoding OMS on input line 568.
\macc@depth=\count98
\c@MaxMatrixCols=\count99
\dotsspace@=\muskip11
\c@parentequation=\count100
\dspbrk@lvl=\count101
\tag@help=\toks18
\row@=\count102
\column@=\count103
\maxfields@=\count104
\andhelp@=\toks19
\eqnshift@=\dimen105
\alignsep@=\dimen106
\tagshift@=\dimen107
\tagwidth@=\dimen108
\totwidth@=\dimen109
\lineht@=\dimen110
\@envbody=\toks20
\multlinegap=\skip46
\multlinetaggap=\skip47
\mathdisplay@stack=\toks21
LaTeX Info: Redefining \[ on input line 2666.
LaTeX Info: Redefining \] on input line 2667.
)
(/usr/share/texmf-texlive/tex/latex/revtex4/aps.rtx
File: aps.rtx 2001/08/02 v4.0 (http://publish.aps.org/revtex4/ for documentatio
n)
)
(/usr/share/texmf-texlive/tex/latex/revtex4/10pt.rtx
File: 10pt.rtx 2001/08/02 v4.0 (http://publish.aps.org/revtex4/ for documentati
on)
)
(/usr/share/texmf-texlive/tex/latex/graphics/graphicx.sty
Package: graphicx 1999/02/16 v1.0f Enhanced LaTeX Graphics (DPC,SPQR)

(/usr/share/texmf-texlive/tex/latex/graphics/keyval.sty
Package: keyval 1999/03/16 v1.13 key=value parser (DPC)
\KV@toks@=\toks22
)
(/usr/share/texmf-texlive/tex/latex/graphics/graphics.sty
Package: graphics 2009/02/05 v1.0o Standard LaTeX Graphics (DPC,SPQR)

(/usr/share/texmf-texlive/tex/latex/graphics/trig.sty
Package: trig 1999/03/16 v1.09 sin cos tan (DPC)
)
(/etc/texmf/tex/latex/config/graphics.cfg
File: graphics.cfg 2009/08/28 v1.8 graphics configuration of TeX Live
)
Package graphics Info: Driver file: dvips.def on input line 91.

(/usr/share/texmf-texlive/tex/latex/graphics/dvips.def
File: dvips.def 1999/02/16 v3.0i Driver-dependant file (DPC,SPQR)
))
\Gin@req@height=\dimen111
\Gin@req@width=\dimen112
)
(/usr/share/texmf-texlive/tex/latex/base/ifthen.sty
Package: ifthen 2001/05/26 v1.1c Standard LaTeX ifthen package (DPC)
)
(/usr/share/texmf-texlive/tex/latex/tools/dcolumn.sty
Package: dcolumn 2001/05/28 v1.06 decimal alignment package (DPC)

(/usr/share/texmf-texlive/tex/latex/tools/array.sty
Package: array 2008/09/09 v2.4c Tabular extension package (FMi)
\col@sep=\dimen113
\extrarowheight=\dimen114
\NC@list=\toks23
\extratabsurround=\skip48
\backup@length=\skip49
))
(/usr/share/texmf-texlive/tex/latex/tools/bm.sty
Package: bm 2004/02/26 v1.1c Bold Symbol Support (DPC/FMi)
\symboldoperators=\mathgroup6
\symboldletters=\mathgroup7
\symboldsymbols=\mathgroup8
LaTeX Font Info:    Redeclaring math alphabet \mathbf on input line 138.
LaTeX Info: Redefining \bm on input line 204.
)
(/usr/share/texmf-texlive/tex/latex/multirow/multirow.sty
\bigstrutjot=\dimen115
)
(/usr/share/texmf-texlive/tex/latex/booktabs/booktabs.sty
Package: booktabs 2005/04/14 v1.61803 publication quality tables
\heavyrulewidth=\dimen116
\lightrulewidth=\dimen117
\cmidrulewidth=\dimen118
\belowrulesep=\dimen119
\belowbottomsep=\dimen120
\aboverulesep=\dimen121
\abovetopsep=\dimen122
\cmidrulesep=\dimen123
\cmidrulekern=\dimen124
\defaultaddspace=\dimen125
\@cmidla=\count105
\@cmidlb=\count106
\@aboverulesep=\dimen126
\@belowrulesep=\dimen127
\@thisruleclass=\count107
\@lastruleclass=\count108
\@thisrulewidth=\dimen128
)
(/usr/share/texmf-texlive/tex/latex/subfigure/subfigure.sty
Package: subfigure 2002/03/15 v2.1.5 subfigure package
\subfigtopskip=\skip50
\subfigcapskip=\skip51
\subfigcaptopadj=\dimen129
\subfigbottomskip=\skip52
\subfigcapmargin=\dimen130
\subfiglabelskip=\skip53
\c@subfigure=\count109
\c@lofdepth=\count110
\c@subtable=\count111
\c@lotdepth=\count112

****************************************
* Local config file subfigure.cfg used *
****************************************
(/usr/share/texmf-texlive/tex/latex/subfigure/subfigure.cfg)
\subfig@top=\skip54
\subfig@bottom=\skip55
)
(./prb_vc_jl_120612.aux

LaTeX Warning: Label `EQ:M:k_HS' multiply defined.


LaTeX Warning: Label `EQ:M:k_HS' multiply defined.


LaTeX Warning: Label `EQ:M:k_HS' multiply defined.

)
\openout1 = `prb_vc_jl_120612.aux'.

LaTeX Font Info:    Checking defaults for OML/cmm/m/it on input line 210.
LaTeX Font Info:    ... okay on input line 210.
LaTeX Font Info:    Checking defaults for T1/cmr/m/n on input line 210.
LaTeX Font Info:    ... okay on input line 210.
LaTeX Font Info:    Checking defaults for OT1/cmr/m/n on input line 210.
LaTeX Font Info:    ... okay on input line 210.
LaTeX Font Info:    Checking defaults for OMS/cmsy/m/n on input line 210.
LaTeX Font Info:    ... okay on input line 210.
LaTeX Font Info:    Checking defaults for OMX/cmex/m/n on input line 210.
LaTeX Font Info:    ... okay on input line 210.
LaTeX Font Info:    Checking defaults for U/cmr/m/n on input line 210.
LaTeX Font Info:    ... okay on input line 210.
Class revtex4 Info: Patching array package. on input line 210.
Class revtex4 Info: cite was not loaded (OK!) on input line 210.
Class revtex4 Info: multicol was not loaded (OK!) on input line 210.
LaTeX Font Info:    Try loading font information for U+msa on input line 255.
 (/usr/share/texmf-texlive/tex/latex/amsfonts/umsa.fd
File: umsa.fd 2009/06/22 v3.00 AMS symbols A
)
LaTeX Font Info:    Try loading font information for U+msb on input line 255.

(/usr/share/texmf-texlive/tex/latex/amsfonts/umsb.fd
File: umsb.fd 2009/06/22 v3.00 AMS symbols B
)

Package natbib Warning: Citation `broido_intrinsic_2007' on page 1 undefined on
 input line 269.


Package natbib Warning: Citation `ward_ab_2009' on page 1 undefined on input li
ne 269.


Package natbib Warning: Citation `ward_intrinsic_2010' on page 1 undefined on i
nput line 269.


Package natbib Warning: Citation `lindsay_thermal_2012' on page 1 undefined on 
input line 269.


Package natbib Warning: Citation `garg_role_2011' on page 1 undefined on input 
line 269.


Package natbib Warning: Citation `shiga_microscopic_2012' on page 1 undefined o
n input line 269.


Package natbib Warning: Citation `tian_phonon_2012' on page 1 undefined on inpu
t line 269.


Package natbib Warning: Citation `shiomi_thermal_2011' on page 1 undefined on i
nput line 269.


Package natbib Warning: Citation `koker_thermal_2009' on page 1 undefined on in
put line 274.


Package natbib Warning: Citation `bao_first-principles_2012' on page 1 undefine
d on input line 274.


Package natbib Warning: Citation `lindsay_thermal_2012' on page 1 undefined on 
input line 274.


Package natbib Warning: Citation `tian_phonon_2012' on page 1 undefined on inpu
t line 274.


Package natbib Warning: Citation `garg_role_2011' on page 1 undefined on input 
line 274.


Package natbib Warning: Citation `tian_phonon_2012' on page 1 undefined on inpu
t line 279.


Package natbib Warning: Citation `garg_role_2011' on page 1 undefined on input 
line 279.


Package natbib Warning: Citation `lindsay_thermal_2012' on page 1 undefined on 
input line 279.

Missing character: There is no ‚ in font cmr10!
Missing character: There is no Ä in font cmr10!
Missing character: There is no ú in font cmr10!
Missing character: There is no ‚ in font cmr10!
Missing character: There is no Ä in font cmr10!
Missing character: There is no ù in font cmr10!

Package natbib Warning: Citation `abeles_lattice_1963' on page 1 undefined on i
nput line 283.


Package natbib Warning: Citation `garg_role_2011' on page 1 undefined on input 
line 289.


Package natbib Warning: Citation `lindsay_thermal_2012' on page 1 undefined on 
input line 289.


Package natbib Warning: Citation `thermal_shiomi_2011' on page 1 undefined on i
nput line 290.


Package natbib Warning: Citation `tian_phonon_2012' on page 1 undefined on inpu
t line 291.


Package natbib Warning: Citation `abeles_lattice_1963' on page 1 undefined on i
nput line 337.

[1]

Package natbib Warning: Citation `cahill_thermal_2004cahill_thermal_2005' on pa
ge 2 undefined on input line 359.


Package natbib Warning: Citation `cahill_thermal_2004' on page 2 undefined on i
nput line 365.


Package natbib Warning: Citation `kamitakahara_vibrations_1974' on page 2 undef
ined on input line 371.


Package natbib Warning: Citation `thermal_shiomi_2011' on page 2 undefined on i
nput line 376.


Package natbib Warning: Citation `garg_role_2011' on page 2 undefined on input 
line 376.


Package natbib Warning: Citation `lindsay_thermal_2012' on page 2 undefined on 
input line 376.


Package natbib Warning: Citation `garg_role_2011' on page 2 undefined on input 
line 380.


Package natbib Warning: Citation `lindsay_thermal_2012' on page 2 undefined on 
input line 382.


Package natbib Warning: Citation `shiga_microscopic_2012' on page 2 undefined o
n input line 386.


Package natbib Warning: Citation `tian_phonon_2012' on page 2 undefined on inpu
t line 386.

File: /home/jason/disorder/si/si_conv_2x2x2_disorder-2.eps Graphic file (type e
ps)
</home/jason/disorder/si/si_conv_2x2x2_disorder-2.eps>
File: /home/jason/disorder/si/si_conv_2x2x2_perfect-2.eps Graphic file (type ep
s)

</home/jason/disorder/si/si_conv_2x2x2_perfect-2.eps>

Package natbib Warning: Citation `momma_vesta:_2008' on page 2 undefined on inp
ut line 442.


LaTeX Warning: Reference `S:Diffuson Mode Diffusivity' on page 2 undefined on i
nput line 442.


Package natbib Warning: Citation `momma_vesta:_2008' on page 2 undefined on inp
ut line 442.


LaTeX Warning: Reference `S:Diffuson Mode Diffusivity' on page 2 undefined on i
nput line 442.


Package natbib Warning: Citation `ziman_electrons_2001' on page 2 undefined on 
input line 455.


Package natbib Warning: Citation `peierls_quantum_2001' on page 2 undefined on 
input line 456.


Underfull \hbox (badness 1755) in paragraph at lines 452--458
[]\OT1/cmr/m/n/10 For a per-fect sys-tem, all vi-bra-tional modes are
 []


Package natbib Warning: Citation `mcquarrie_statistical_2000' on page 2 undefin
ed on input line 472.


Package natbib Warning: Citation `allen_thermal_1993' on page 2 undefined on in
put line 485.


Package natbib Warning: Citation `he_heat_2011' on page 2 undefined on input li
ne 490.


Package natbib Warning: Citation `xu_energy_2009' on page 2 undefined on input 
line 492.


Package natbib Warning: Citation `vitelli_heat_2010' on page 2 undefined on inp
ut line 494.

[2]

Package natbib Warning: Citation `mcgaughey' on page 3 undefined on input line 
535.


LaTeX Warning: Command \r invalid in math mode on input line 537.


Package natbib Warning: Citation `goicochea_thermal_2010' on page 3 undefined o
n input line 539.


Package natbib Warning: Citation `sellan_cross-plane_2010' on page 3 undefined 
on input line 541.


Package natbib Warning: Citation `dove_introduction_1993' on page 3 undefined o
n input line 548.


LaTeX Warning: Reference `S:vc_gamma_dos' on page 3 undefined on input line 568
.


Package natbib Warning: Citation `gale_general_2003' on page 3 undefined on inp
ut line 574.


Package natbib Warning: Citation `garg_role_2011' on page 3 undefined on input 
line 591.


Package natbib Warning: Citation `bouchard_vibrational_1988' on page 3 undefine
d on input line 592.

File: /home/jason/disorder/lj/alloy/lj_alloy_dos_c05-5_4.eps Graphic file (type
 eps)
</home/jason/disorder/lj/alloy/lj_alloy_dos_c05-5_4.eps>
Overfull \hbox (4.53694pt too wide) in paragraph at lines 598--600
 [] 
 []


Package natbib Warning: Citation `mcgaughey2006b' on page 3 undefined on input 
line 628.

[3]

Package natbib Warning: Citation `duda_reducing_2011' on page 4 undefined on in
put line 642.


Package natbib Warning: Citation `donadio_atomistic_2009' on page 4 undefined o
n input line 642.


Package natbib Warning: Citation `he_heat_2011' on page 4 undefined on input li
ne 642.


Package natbib Warning: Citation `he_thermal_2011' on page 4 undefined on input
 line 642.


Package natbib Warning: Citation `duda_reducing_2011' on page 4 undefined on in
put line 645.


Package natbib Warning: Citation `donadio_atomistic_2009' on page 4 undefined o
n input line 650.


Package natbib Warning: Citation `he_heat_2011' on page 4 undefined on input li
ne 650.


Package natbib Warning: Citation `he_thermal_2011' on page 4 undefined on input
 line 650.


Package natbib Warning: Citation `chen_molecular-dynamics_2000' on page 4 undef
ined on input line 658.


Package natbib Warning: Citation `allen_diffusons_1999' on page 4 undefined on 
input line 669.


Underfull \hbox (badness 1107) in paragraph at lines 699--718
[]\OT1/cmr/m/n/10 Physically, $\OML/cmm/m/it/10 S[]  []$ \OT1/cmr/m/n/10 cal-cu
-lates the fre-quency spec-
 []


LaTeX Warning: Reference `EQ:M:SLT' on page 4 undefined on input line 721.


Package natbib Warning: Citation `allen_diffusons_1999' on page 4 undefined on 
input line 726.


Package natbib Warning: Citation `taraskin_determination_1999' on page 4 undefi
ned on input line 741.


Package natbib Warning: Citation `allen_diffusons_1999' on page 4 undefined on 
input line 750.


Package natbib Warning: Citation `duda_reducing_2011' on page 4 undefined on in
put line 753.

File: /home/jason/disorder/lj/alloy/lj_alloy_dsf_100_111.eps Graphic file (type
 eps)
</home/jason/disorder/lj/alloy/lj_alloy_dsf_100_111.eps>
Overfull \hbox (3.73395pt too wide) in paragraph at lines 765--767
 [] 
 []

[4]

LaTeX Warning: A float is stuck (cannot be placed) on input line 811.


LaTeX Warning: A float is stuck (cannot be placed) on input line 811.


Class revtex4 Warning: Deferred float stuck during \clearpage processing.

File: /home/jason/disorder/lj/alloy/lj_alloy_nmd_vc_gamma_life-2.eps Graphic fi
le (type eps)
</home/jason/disorder/lj/alloy/lj_alloy_nmd_vc_gamma_life-2.eps>
Overfull \hbox (0.92249pt too wide) in paragraph at lines 848--850
 [] 
 []


Package natbib Warning: Citation `taraskin_determination_1999' on page 5 undefi
ned on input line 862.


Package natbib Warning: Citation `taraskin_determination_1999' on page 5 undefi
ned on input line 862.


Package natbib Warning: Citation `turney_predicting_2009' on page 5 undefined o
n input line 883.


Package natbib Warning: Citation `garg_role_2011' on page 5 undefined on input 
line 883.


Package natbib Warning: Citation `tian_phonon_2012' on page 5 undefined on inpu
t line 883.


Package natbib Warning: Citation `ecsedy_thermal_1977' on page 5 undefined on i
nput line 885.


Package natbib Warning: Citation `turney_predicting_2009' on page 5 undefined o
n input line 886.


Underfull \hbox (badness 7012) in paragraph at lines 881--893
[]\OT1/cmr/m/n/10 Phonon-phonon scat-ter-ing ($\OML/cmm/m/it/10 ^^\[]  []$\OT1/
cmr/m/n/10 ) is typ-i-cally
 []


Package natbib Warning: Citation `tamura_isotope_1983' on page 5 undefined on i
nput line 895.


Package natbib Warning: Citation `tamura_isotope_1983' on page 5 undefined on i
nput line 916.

[5]

LaTeX Warning: A float is stuck (cannot be placed) on input line 917.


LaTeX Warning: A float is stuck (cannot be placed) on input line 917.


Class revtex4 Warning: Deferred float stuck during \clearpage processing.


Package natbib Warning: Citation `tamura_isotope_1983' on page 6 undefined on i
nput line 922.


Package natbib Warning: Citation `klemens_scattering_1955' on page 6 undefined 
on input line 956.


Package natbib Warning: Citation `klemens_thermal_1957' on page 6 undefined on 
input line 956.


Package natbib Warning: Citation `skye_thermal_2008' on page 6 undefined on inp
ut line 959.


Package natbib Warning: Citation `turney_predicting_2009' on page 6 undefined o
n input line 966.


Underfull \hbox (badness 1728) in paragraph at lines 992--999
[]\OT1/cmr/m/n/10 We now com-pare the phonon mode dif-fusitivies,
 []

[6]
File: /home/jason/disorder/lj/alloy/af_nmd_ald_tau_diff_kw_c05_3-2.eps Graphic 
file (type eps)
 </home/jason/disorder/lj/alloy/af_nmd_ald_tau_diff_kw_c05_3-2.eps>
File: /home/jason/disorder/si/alloy/af_nmd_ald_tau_diff_kw_c05_2-2.eps Graphic 
file (type eps)

</home/jason/disorder/si/alloy/af_nmd_ald_tau_diff_kw_c05_2-2.eps>
Missing character: There is no Õ in font cmr10!
Missing character: There is no ë in font cmr10!
Missing character: There is no ‚ in font cmr10!
Missing character: There is no ê in font cmr10!
Missing character: There is no ª in font cmr10!
Missing character: There is no Õ in font cmr10!
Missing character: There is no í in font cmr10!
Missing character: There is no ‚ in font cmr10!
Missing character: There is no ê in font cmr10!
Missing character: There is no ª in font cmr10!


Package natbib Warning: Citation `allen_thermal_1993' on page 7 undefined on in
put line 1048.


Package natbib Warning: Citation `xu_energy_2009' on page 7 undefined on input 
line 1048.


Package natbib Warning: Citation `vitelli_heat_2010' on page 7 undefined on inp
ut line 1048.


Underfull \hbox (badness 2856) in paragraph at lines 1046--1049
[]\OT1/cmr/m/n/10 The en-ergy dif-fu-siv-ity, d, quan-ti-fies how far a
 []


Underfull \hbox (badness 1210) in paragraph at lines 1046--1049
\OT1/cmr/m/n/10 wave packet nar-rowly peaked at a fre-quency  can
 []

Missing character: There is no Õ in font cmr10!
Missing character: There is no ë in font cmr10!
Missing character: There is no ‚ in font cmr10!
Missing character: There is no ê in font cmr10!
Missing character: There is no ª in font cmr10!
Missing character: There is no Õ in font cmr10!
Missing character: There is no í in font cmr10!
Missing character: There is no ‚ in font cmr10!
Missing character: There is no ê in font cmr10!
Missing character: There is no ¨ in font cmr10!
Missing character: There is no Õ in font cmr10!
Missing character: There is no ë in font cmr10!
Missing character: There is no Õ in font cmr10!
Missing character: There is no í in font cmr10!
Missing character: There is no ‚ in font cmr10!
Missing character: There is no ê in font cmr10!
Missing character: There is no ¨ in font cmr10!
Missing character: There is no ‚ in font cmr10!
Missing character: There is no ê in font cmr10!
Missing character: There is no ¨ in font cmr10!

Package natbib Warning: Citation `tritt_thermal_2005' on page 7 undefined on in
put line 1058.


Package natbib Warning: Citation `sheng_introduction_2006' on page 7 undefined 
on input line 1062.


Package natbib Warning: Citation `graebner_phonon_1986' on page 7 undefined on 
input line 1067.

[7]

Package natbib Warning: Citation `kittel_interpretation_1949' on page 8 undefin
ed on input line 1085.


Package natbib Warning: Citation `zhou_heat_1991' on page 8 undefined on input 
line 1085.

Missing character: There is no ‚ in font cmr10!
Missing character: There is no ê in font cmr10!
Missing character: There is no ¨ in font cmr10!
Missing character: There is no Õ in font cmr10!
Missing character: There is no ë in font cmr10!
Missing character: There is no Õ in font cmr10!
Missing character: There is no í in font cmr10!
Missing character: There is no Õ in font cmr10!
Missing character: There is no ë in font cmr10!
Missing character: There is no ‚ in font cmr10!
Missing character: There is no ê in font cmr10!
Missing character: There is no ª in font cmr10!
Missing character: There is no Õ in font cmr10!
Missing character: There is no í in font cmr10!
Missing character: There is no Õ in font cmr10!
Missing character: There is no ë in font cmr10!
Missing character: There is no Õ in font cmr10!
Missing character: There is no í in font cmr10!
Missing character: There is no ‚ in font cmr10!
Missing character: There is no ê in font cmr10!
Missing character: There is no ª in font cmr10!

Package natbib Warning: Citation `vitelli_heat_2010' on page 8 undefined on inp
ut line 1092.

Missing character: There is no Õ in font cmr10!
Missing character: There is no ë in font cmr10!
Missing character: There is no ‚ in font cmr10!
Missing character: There is no ê in font cmr10!
Missing character: There is no ª in font cmr10!
Missing character: There is no Õ in font cmr10!
Missing character: There is no í in font cmr10!

Package natbib Warning: Citation `allen_thermal_1993' on page 8 undefined on in
put line 1103.


Package natbib Warning: Citation `xu_energy_2009' on page 8 undefined on input 
line 1117.


Package natbib Warning: Citation `cahill_lattice_1988' on page 8 undefined on i
nput line 1138.


Package natbib Warning: Citation `cahill_lattice_1988' on page 8 undefined on i
nput line 1141.


Package natbib Warning: Citation `feldman_thermal_1993' on page 8 undefined on 
input line 1155.


Package natbib Warning: Citation `shenogin_predicting_2009' on page 8 undefined
 on input line 1155.


Underfull \hbox (badness 1019) in paragraph at lines 1152--1180
\OT1/cmr/m/n/10 is ca-pa-ble of ac-cu-rately pre-dict-ing a fi-nite ther-mal
 []

File: /home/jason/disorder/lj/alloy/af_c5_amor_DAF_kw_2.eps Graphic file (type 
eps)
</home/jason/disorder/lj/alloy/af_c5_amor_DAF_kw_2.eps>
Overfull \hbox (40.06874pt too wide) in paragraph at lines 1185--1187
 [] 
 []

[8]

Package natbib Warning: Citation `duda_controlling_2012' on page 9 undefined on
 input line 1208.


Package natbib Warning: Citation `turney_predicting_2009' on page 9 undefined o
n input line 1214.

File: /home/jason/disorder/lj/alloy/lj_cond_compare.eps Graphic file (type eps)

</home/jason/disorder/lj/alloy/lj_cond_compare.eps>
File: /home/jason/disorder/si/alloy/si_cond_compare.eps Graphic file (type eps)


</home/jason/disorder/si/alloy/si_cond_compare.eps>

Package natbib Warning: Citation `graebner_phonon_1986' on page 9 undefined on 
input line 1269.

Missing character: There is no Õ in font cmr10!
Missing character: There is no ë in font cmr10!
Missing character: There is no ‚ in font cmr10!
Missing character: There is no ê in font cmr10!
Missing character: There is no ª in font cmr10!
Missing character: There is no Õ in font cmr10!
Missing character: There is no í in font cmr10!

Package natbib Warning: Citation `cahill_thermal_2005' on page 9 undefined on i
nput line 1294.


Package natbib Warning: Citation `cahill_thermal_2004' on page 9 undefined on i
nput line 1299.


Package natbib Warning: Citation `kamitakahara_vibrations_1974' on page 9 undef
ined on input line 1305.


Package natbib Warning: Citation `garg_role_2011' on page 9 undefined on input 
line 1308.


Underfull \hbox (badness 1490) in paragraph at lines 1307--1309
[]\OT1/cmr/m/n/10 While , the ef-fect of ex-plicit dis-or-der has been
 []


Package natbib Warning: Citation `abeles_lattice_1963' on page 9 undefined on i
nput line 1314.

[9]

LaTeX Warning: A float is stuck (cannot be placed) on input line 1331.


LaTeX Warning: A float is stuck (cannot be placed) on input line 1331.


Class revtex4 Warning: Deferred float stuck during \clearpage processing.


Package natbib Warning: Citation `tian_phonon_2012' on page 10 undefined on inp
ut line 1371.


Underfull \hbox (badness 1629) in paragraph at lines 1356--1372
\OT1/cmr/m/n/10 mode prop-er-ties are crit-i-cal to the ther-mal trans-
 []


Package natbib Warning: Citation `koker_thermal_2009' on page 10 undefined on i
nput line 1431.


Package natbib Warning: Citation `thomas_predicting_2010' on page 10 undefined 
on input line 1431.


Package natbib Warning: Citation `koker_thermal_2009' on page 10 undefined on i
nput line 1436.


Package natbib Warning: Citation `thomas_predicting_2010' on page 10 undefined 
on input line 1436.


Package natbib Warning: Citation `shiomi_thermal_2011' on page 10 undefined on 
input line 1436.


Package natbib Warning: Citation `ong_reduction_2011' on page 10 undefined on i
nput line 1436.


Package natbib Warning: Citation `qiu_molecular_2012' on page 10 undefined on i
nput line 1436.

[10]
File: /home/jason/disorder/lj/alloy/m_lj_nmd_xcorr_compare.eps Graphic file (ty
pe eps)
 </home/jason/disorder/lj/alloy/m_lj_nmd_xcorr_compare.eps>

Package natbib Warning: Citation `shiomi_thermal_2011' on page 11 undefined on 
input line 1483.


Package natbib Warning: Citation `garg_role_2011' on page 11 undefined on input
 line 1495.


Package natbib Warning: Citation `tian_phonon_2012' on page 11 undefined on inp
ut line 1495.


Package natbib Warning: Citation `lindsay_thermal_2012' on page 11 undefined on
 input line 1495.


Package natbib Warning: Citation `esfarjani_heat_2011' on page 11 undefined on 
input line 1495.


Package natbib Warning: Citation `esfarjani_heat_2011' on page 11 undefined on 
input line 1500.

No file prb_vc_jl_120612.bbl.
[11]

Package natbib Warning: There were undefined citations.

[12] (./prb_vc_jl_120612.aux)

LaTeX Warning: There were undefined references.


LaTeX Warning: There were multiply-defined labels.

 ) 
Here is how much of TeX's memory you used:
 3559 strings out of 493849
 43768 string characters out of 1152845
 141022 words of memory out of 3000000
 6782 multiletter control sequences out of 15000+50000
 14510 words of font info for 54 fonts, out of 3000000 for 9000
 714 hyphenation exceptions out of 8191
 32i,25n,30p,2052b,401s stack positions out of 5000i,500n,10000p,200000b,50000s

Output written on prb_vc_jl_120612.dvi (12 pages, 77848 bytes).
