This is pdfTeX, Version 3.1415926-1.40.10 (TeX Live 2009/Debian) (format=latex 2012.11.19)  5 DEC 2012 17:55
entering extended mode
 %&-line parsing enabled.
**prb_vc_jl_120212.tex
(./prb_vc_jl_120212.tex
LaTeX2e <2009/09/24>
Babel <v3.8l> and hyphenation patterns for english, usenglishmax, dumylang, noh
yphenation, farsi, arabic, croatian, bulgarian, ukrainian, russian, czech, slov
ak, danish, dutch, finnish, french, basque, ngerman, german, german-x-2009-06-1
9, ngerman-x-2009-06-19, ibycus, monogreek, greek, ancientgreek, hungarian, san
skrit, italian, latin, latvian, lithuanian, mongolian2a, mongolian, bokmal, nyn
orsk, romanian, irish, coptic, serbian, turkish, welsh, esperanto, uppersorbian
, estonian, indonesian, interlingua, icelandic, kurmanji, slovenian, polish, po
rtuguese, spanish, galician, catalan, swedish, ukenglish, pinyin, loaded.
(/usr/share/texmf-texlive/tex/latex/revtex4/revtex4.cls
Document Class: revtex4 2001/08/02 v4.0 (http://publish.aps.org/revtex4/ for do
cumentation)
 Copyright (c) 2001 The American Physical Society.
 mailto:revtex@aps.org
 Licensed under the LPPL:
http://www.ctan.org/tex-archive/macros/latex/base/lppl.txt
 Arthur Ogawa <ogawa@teleport.com>
 Based on work by David Carlisle <david@dcarlisle.demon.co.uk>.
ltxutil: portions licensed from W. E. Baxter (web@superscript.com)
Class revtex4 Info: Repairing broken LateX \@sect on input line 596.
\intertabularlinepenalty=\count79
\@tbpen=\count80
\@arstrutbox@hline=\box26
Class revtex4 Info: Repairing broken LaTeX \@xbitor on input line 1610.
ltxgrid: portions licensed from W. E. Baxter (web@superscript.com)
\c@linecount=\count81
\output=\toks14
\@protection@box=\box27
\@topmark@saved=\toks15
\footins@saved=\box28
\pagesofar=\box29
\footbox=\box30
\pagegrid@col=\count82
Class revtex4 Info: Incorporating package {textcase}  [1998/11/12 v0.06 Text on
ly upper/lower case changing (DPC)]. on input line 3682.
(/usr/share/texmf-texlive/tex/latex/ltxmisc/url.sty
\Urlmuskip=\muskip10
Package: url 2006/04/12  ver 3.3  Verb mode for urls, etc.
)
\c@affil=\count83
\absbox=\box31
\c@part=\count84
\c@section=\count85
\c@subsection=\count86
\c@subsubsection=\count87
\c@paragraph=\count88
\c@subparagraph=\count89
\abovecaptionskip=\skip41
\belowcaptionskip=\skip42
\c@figure=\count90
\c@table=\count91

(/usr/share/texmf-texlive/tex/latex/natbib/natbib.sty
Package: natbib 2009/07/16 8.31 (PWD, AO)
\bibhang=\skip43
\bibsep=\skip44
LaTeX Info: Redefining \cite on input line 694.
\c@NAT@ctr=\count92
)
\widetext@top=\box32
\widetext@bot=\box33

(/usr/share/texmf-texlive/tex/latex/revtex4/revsymb.sty
Package: revsymb 2001/08/02 v4.0 (http://publish.aps.org/revtex4/ for documenta
tion)
LaTeX Info: Redefining \REV@mathfrak on input line 118.
))
(/usr/share/texmf-texlive/tex/latex/amsfonts/amssymb.sty
Package: amssymb 2009/06/22 v3.00

(/usr/share/texmf-texlive/tex/latex/amsfonts/amsfonts.sty
Package: amsfonts 2009/06/22 v3.00 Basic AMSFonts support
\@emptytoks=\toks16
\symAMSa=\mathgroup4
\symAMSb=\mathgroup5
LaTeX Font Info:    Overwriting math alphabet `\mathfrak' in version `bold'
(Font)                  U/euf/m/n --> U/euf/b/n on input line 96.
LaTeX Info: Redefining \frak on input line 99.
LaTeX Info: Redefining \Bbb on input line 101.
))
(/usr/share/texmf-texlive/tex/latex/amsmath/amsmath.sty
Package: amsmath 2000/07/18 v2.13 AMS math features
\@mathmargin=\skip45

For additional information on amsmath, use the `?' option.
(/usr/share/texmf-texlive/tex/latex/amsmath/amstext.sty
Package: amstext 2000/06/29 v2.01

(/usr/share/texmf-texlive/tex/latex/amsmath/amsgen.sty
File: amsgen.sty 1999/11/30 v2.0
\@emptytoks=\toks17
\ex@=\dimen102
))
(/usr/share/texmf-texlive/tex/latex/amsmath/amsbsy.sty
Package: amsbsy 1999/11/29 v1.2d
\pmbraise@=\dimen103
)
(/usr/share/texmf-texlive/tex/latex/amsmath/amsopn.sty
Package: amsopn 1999/12/14 v2.01 operator names
)
\inf@bad=\count93
LaTeX Info: Redefining \frac on input line 211.
\uproot@=\count94
\leftroot@=\count95
LaTeX Info: Redefining \overline on input line 307.
\classnum@=\count96
\DOTSCASE@=\count97
LaTeX Info: Redefining \ldots on input line 379.
LaTeX Info: Redefining \dots on input line 382.
LaTeX Info: Redefining \cdots on input line 467.
\Mathstrutbox@=\box34
\strutbox@=\box35
\big@size=\dimen104
LaTeX Font Info:    Redeclaring font encoding OML on input line 567.
LaTeX Font Info:    Redeclaring font encoding OMS on input line 568.
\macc@depth=\count98
\c@MaxMatrixCols=\count99
\dotsspace@=\muskip11
\c@parentequation=\count100
\dspbrk@lvl=\count101
\tag@help=\toks18
\row@=\count102
\column@=\count103
\maxfields@=\count104
\andhelp@=\toks19
\eqnshift@=\dimen105
\alignsep@=\dimen106
\tagshift@=\dimen107
\tagwidth@=\dimen108
\totwidth@=\dimen109
\lineht@=\dimen110
\@envbody=\toks20
\multlinegap=\skip46
\multlinetaggap=\skip47
\mathdisplay@stack=\toks21
LaTeX Info: Redefining \[ on input line 2666.
LaTeX Info: Redefining \] on input line 2667.
)
(/usr/share/texmf-texlive/tex/latex/revtex4/aps.rtx
File: aps.rtx 2001/08/02 v4.0 (http://publish.aps.org/revtex4/ for documentatio
n)
)
(/usr/share/texmf-texlive/tex/latex/revtex4/10pt.rtx
File: 10pt.rtx 2001/08/02 v4.0 (http://publish.aps.org/revtex4/ for documentati
on)
)
(/usr/share/texmf-texlive/tex/latex/graphics/graphicx.sty
Package: graphicx 1999/02/16 v1.0f Enhanced LaTeX Graphics (DPC,SPQR)

(/usr/share/texmf-texlive/tex/latex/graphics/keyval.sty
Package: keyval 1999/03/16 v1.13 key=value parser (DPC)
\KV@toks@=\toks22
)
(/usr/share/texmf-texlive/tex/latex/graphics/graphics.sty
Package: graphics 2009/02/05 v1.0o Standard LaTeX Graphics (DPC,SPQR)

(/usr/share/texmf-texlive/tex/latex/graphics/trig.sty
Package: trig 1999/03/16 v1.09 sin cos tan (DPC)
)
(/etc/texmf/tex/latex/config/graphics.cfg
File: graphics.cfg 2009/08/28 v1.8 graphics configuration of TeX Live
)
Package graphics Info: Driver file: dvips.def on input line 91.

(/usr/share/texmf-texlive/tex/latex/graphics/dvips.def
File: dvips.def 1999/02/16 v3.0i Driver-dependant file (DPC,SPQR)
))
\Gin@req@height=\dimen111
\Gin@req@width=\dimen112
)
(/usr/share/texmf-texlive/tex/latex/base/ifthen.sty
Package: ifthen 2001/05/26 v1.1c Standard LaTeX ifthen package (DPC)
)
(/usr/share/texmf-texlive/tex/latex/tools/dcolumn.sty
Package: dcolumn 2001/05/28 v1.06 decimal alignment package (DPC)

(/usr/share/texmf-texlive/tex/latex/tools/array.sty
Package: array 2008/09/09 v2.4c Tabular extension package (FMi)
\col@sep=\dimen113
\extrarowheight=\dimen114
\NC@list=\toks23
\extratabsurround=\skip48
\backup@length=\skip49
))
(/usr/share/texmf-texlive/tex/latex/tools/bm.sty
Package: bm 2004/02/26 v1.1c Bold Symbol Support (DPC/FMi)
\symboldoperators=\mathgroup6
\symboldletters=\mathgroup7
\symboldsymbols=\mathgroup8
LaTeX Font Info:    Redeclaring math alphabet \mathbf on input line 138.
LaTeX Info: Redefining \bm on input line 204.
)
(/usr/share/texmf-texlive/tex/latex/multirow/multirow.sty
\bigstrutjot=\dimen115
)
(/usr/share/texmf-texlive/tex/latex/booktabs/booktabs.sty
Package: booktabs 2005/04/14 v1.61803 publication quality tables
\heavyrulewidth=\dimen116
\lightrulewidth=\dimen117
\cmidrulewidth=\dimen118
\belowrulesep=\dimen119
\belowbottomsep=\dimen120
\aboverulesep=\dimen121
\abovetopsep=\dimen122
\cmidrulesep=\dimen123
\cmidrulekern=\dimen124
\defaultaddspace=\dimen125
\@cmidla=\count105
\@cmidlb=\count106
\@aboverulesep=\dimen126
\@belowrulesep=\dimen127
\@thisruleclass=\count107
\@lastruleclass=\count108
\@thisrulewidth=\dimen128
)
(/usr/share/texmf-texlive/tex/latex/subfigure/subfigure.sty
Package: subfigure 2002/03/15 v2.1.5 subfigure package
\subfigtopskip=\skip50
\subfigcapskip=\skip51
\subfigcaptopadj=\dimen129
\subfigbottomskip=\skip52
\subfigcapmargin=\dimen130
\subfiglabelskip=\skip53
\c@subfigure=\count109
\c@lofdepth=\count110
\c@subtable=\count111
\c@lotdepth=\count112

****************************************
* Local config file subfigure.cfg used *
****************************************
(/usr/share/texmf-texlive/tex/latex/subfigure/subfigure.cfg)
\subfig@top=\skip54
\subfig@bottom=\skip55
)
(./prb_vc_jl_120212.aux

LaTeX Warning: Label `EQ:M:k_mode' multiply defined.


LaTeX Warning: Label `S:' multiply defined.


LaTeX Warning: Label `S:' multiply defined.


LaTeX Warning: Label `S:' multiply defined.


LaTeX Warning: Label `S:' multiply defined.


LaTeX Warning: Label `EQ:M:EL' multiply defined.


LaTeX Warning: Label `S:' multiply defined.


LaTeX Warning: Label `FIG:phonon_diff' multiply defined.


LaTeX Warning: Label `S:' multiply defined.


LaTeX Warning: Label `S:Lifetimes' multiply defined.


LaTeX Warning: Label `S:Lifetimes' multiply defined.


LaTeX Warning: Label `EQ:M:tau_d' multiply defined.


LaTeX Warning: Label `S:Lifetimes' multiply defined.


LaTeX Warning: Label `FIG:phonon_diff' multiply defined.


LaTeX Warning: Label `S:' multiply defined.


LaTeX Warning: Label `S:' multiply defined.


LaTeX Warning: Label `EQ:M:k_HS' multiply defined.


LaTeX Warning: Label `EQ:M:k_HS' multiply defined.


LaTeX Warning: Label `EQ:M:k_HS' multiply defined.


LaTeX Warning: Label `EQ:M:k_HS' multiply defined.


LaTeX Warning: Label `FIG:phonon_diff' multiply defined.


LaTeX Warning: Label `S:' multiply defined.


LaTeX Warning: Label `FIG:phonon_diff' multiply defined.


LaTeX Warning: Label `S:Lifetimes' multiply defined.


LaTeX Warning: Label `FIG:phonon_diff' multiply defined.


LaTeX Warning: Label `FIG:gk_alloy' multiply defined.


LaTeX Warning: Label `S:' multiply defined.


LaTeX Warning: Label `S:' multiply defined.

)
\openout1 = `prb_vc_jl_120212.aux'.

LaTeX Font Info:    Checking defaults for OML/cmm/m/it on input line 211.
LaTeX Font Info:    ... okay on input line 211.
LaTeX Font Info:    Checking defaults for T1/cmr/m/n on input line 211.
LaTeX Font Info:    ... okay on input line 211.
LaTeX Font Info:    Checking defaults for OT1/cmr/m/n on input line 211.
LaTeX Font Info:    ... okay on input line 211.
LaTeX Font Info:    Checking defaults for OMS/cmsy/m/n on input line 211.
LaTeX Font Info:    ... okay on input line 211.
LaTeX Font Info:    Checking defaults for OMX/cmex/m/n on input line 211.
LaTeX Font Info:    ... okay on input line 211.
LaTeX Font Info:    Checking defaults for U/cmr/m/n on input line 211.
LaTeX Font Info:    ... okay on input line 211.
Class revtex4 Info: Patching array package. on input line 211.
Class revtex4 Info: cite was not loaded (OK!) on input line 211.
Class revtex4 Info: multicol was not loaded (OK!) on input line 211.
LaTeX Font Info:    Try loading font information for U+msa on input line 257.
 (/usr/share/texmf-texlive/tex/latex/amsfonts/umsa.fd
File: umsa.fd 2009/06/22 v3.00 AMS symbols A
)
LaTeX Font Info:    Try loading font information for U+msb on input line 257.

(/usr/share/texmf-texlive/tex/latex/amsfonts/umsb.fd
File: umsb.fd 2009/06/22 v3.00 AMS symbols B
)
Missing character: There is no ‚ in font cmr10!
Missing character: There is no Ä in font cmr10!
Missing character: There is no ú in font cmr10!
Missing character: There is no ‚ in font cmr10!
Missing character: There is no Ä in font cmr10!
Missing character: There is no ù in font cmr10!


Package natbib Warning: Citation `chen_recent_2003' on page 1 undefined on inpu
t line 281.


Package natbib Warning: Citation `dresselhaus_new_2007' on page 1 undefined on 
input line 281.


Package natbib Warning: Citation `he_thermoelectric_2006' on page 1 undefined o
n input line 285.


Package natbib Warning: Citation `huang_filler-reduced_2010' on page 1 undefine
d on input line 285.


Package natbib Warning: Citation `toberer_phonon_2011' on page 1 undefined on i
nput line 285.


Package natbib Warning: Citation `garg_role_2011' on page 1 undefined on input 
line 294.


Package natbib Warning: Citation `lindsay_thermal_2012' on page 1 undefined on 
input line 294.


Package natbib Warning: Citation `thermal_shiomi_2011' on page 1 undefined on i
nput line 295.


Package natbib Warning: Citation `tian_phonon_2012' on page 1 undefined on inpu
t line 296.


Package natbib Warning: Citation `abeles_lattice_1963' on page 1 undefined on i
nput line 333.


Package natbib Warning: Citation `cahill_thermal_2004' on page 1 undefined on i
nput line 339.

[1]

Package natbib Warning: Citation `garg_role_2011' on page 2 undefined on input 
line 355.


Package natbib Warning: Citation `tian_phonon_2012' on page 2 undefined on inpu
t line 358.


Underfull \hbox (badness 2753) in paragraph at lines 352--365
\OT1/cmr/m/n/10 all con-cen-tra-tions, ob-tain-ing good agree-ment with
 []


Package natbib Warning: Citation `ziman_electrons_2001' on page 2 undefined on 
input line 384.


Package natbib Warning: Citation `peierls_quantum_2001' on page 2 undefined on 
input line 385.


Underfull \hbox (badness 1755) in paragraph at lines 382--387
[]\OT1/cmr/m/n/10 For a per-fect sys-tem, all vi-bra-tional modes are
 []


Underfull \hbox (badness 2951) in paragraph at lines 382--387
\OT1/cmr/m/n/10 phonons. Us-ing the single-mode re-lax-ation time
 []


Package natbib Warning: Citation `mcquarrie_statistical_2000' on page 2 undefin
ed on input line 399.


Package natbib Warning: Citation `gale_general_2003' on page 2 undefined on inp
ut line 452.

[2]

Package natbib Warning: Citation `garg_role_2011' on page 3 undefined on input 
line 476.


Package natbib Warning: Citation `bouchard_vibrational_1988' on page 3 undefine
d on input line 479.

File: /home/jason/disorder/lj/alloy/lj_alloy_dos_c05-5_3.eps Graphic file (type
 eps)
</home/jason/disorder/lj/alloy/lj_alloy_dos_c05-5_3.eps>
Overfull \hbox (10.96097pt too wide) in paragraph at lines 490--492
 [] 
 []


Package natbib Warning: Citation `mcgaughey2006b' on page 3 undefined on input 
line 510.


Package natbib Warning: Citation `chen_molecular-dynamics_2000' on page 3 undef
ined on input line 530.

[3]

Package natbib Warning: Citation `duda_reducing_2011' on page 4 undefined on in
put line 604.

File: /home/jason/disorder/lj/alloy/lj_alloy_dsf_100_111.eps Graphic file (type
 eps)
</home/jason/disorder/lj/alloy/lj_alloy_dsf_100_111.eps>
Overfull \hbox (3.73395pt too wide) in paragraph at lines 616--618
 [] 
 []


Package natbib Warning: Citation `turney_predicting_2009' on page 4 undefined o
n input line 640.


Package natbib Warning: Citation `garg_role_2011' on page 4 undefined on input 
line 640.


Package natbib Warning: Citation `tian_phonon_2012' on page 4 undefined on inpu
t line 640.


Package natbib Warning: Citation `ecsedy_thermal_1977' on page 4 undefined on i
nput line 642.


Package natbib Warning: Citation `turney_predicting_2009' on page 4 undefined o
n input line 643.


Underfull \hbox (badness 7012) in paragraph at lines 638--648
[]\OT1/cmr/m/n/10 Phonon-phonon scat-ter-ing ($\OML/cmm/m/it/10 ^^\[]  []$\OT1/
cmr/m/n/10 ) is typ-i-cally
 []


Package natbib Warning: Citation `tamura_isotope_1983' on page 4 undefined on i
nput line 650.

[4]

Package natbib Warning: Citation `klemens_scattering_1955' on page 5 undefined 
on input line 678.


Package natbib Warning: Citation `klemens_thermal_1957' on page 5 undefined on 
input line 678.


Package natbib Warning: Citation `skye_thermal_2008' on page 5 undefined on inp
ut line 681.


Package natbib Warning: Citation `cahill_thermal_2005' on page 5 undefined on i
nput line 692.


Package natbib Warning: Citation `cahill_thermal_2004' on page 5 undefined on i
nput line 697.


Package natbib Warning: Citation `kamitakahara_vibrations_1974' on page 5 undef
ined on input line 703.


Package natbib Warning: Citation `thermal_shiomi_2011' on page 5 undefined on i
nput line 707.


Package natbib Warning: Citation `garg_role_2011' on page 5 undefined on input 
line 707.


Package natbib Warning: Citation `lindsay_thermal_2012' on page 5 undefined on 
input line 707.


Package natbib Warning: Citation `tian_phonon_2012' on page 5 undefined on inpu
t line 710.


Package natbib Warning: Citation `turney_predicting_2009' on page 5 undefined o
n input line 723.


Package natbib Warning: Citation `koker_thermal_2009' on page 5 undefined on in
put line 782.


Package natbib Warning: Citation `qiu_molecular_2011' on page 5 undefined on in
put line 783.


Package natbib Warning: Citation `shiomi_thermal_2011' on page 5 undefined on i
nput line 785.


Package natbib Warning: Citation `thomas_predicting_2010' on page 5 undefined o
n input line 786.


Package natbib Warning: Citation `ong_reduction_2011' on page 5 undefined on in
put line 787.

Missing character: There is no ‚ in font cmr10!
Missing character: There is no ê in font cmr10!
Missing character: There is no ∂ in font cmr10!

Package natbib Warning: Citation `srivastava_physics_1990' on page 5 undefined 
on input line 811.

File: /home/jason/disorder/lj/alloy/lj_alloy_nmd_vc_gamma_life.eps Graphic file
 (type eps)
</home/jason/disorder/lj/alloy/lj_alloy_nmd_vc_gamma_life.eps>
Overfull \hbox (5.43938pt too wide) in paragraph at lines 818--820
 [] 
 []

[5]

LaTeX Warning: A float is stuck (cannot be placed) on input line 833.


LaTeX Warning: A float is stuck (cannot be placed) on input line 833.


Class revtex4 Warning: Deferred float stuck during \clearpage processing.


Package natbib Warning: Citation `cahill_lattice_1988' on page 6 undefined on i
nput line 873.


Package natbib Warning: Citation `cahill_lattice_1988' on page 6 undefined on i
nput line 876.

File: /home/jason/disorder/lj/alloy/af_c5_amor_DAF_kw_2.eps Graphic file (type 
eps)
</home/jason/disorder/lj/alloy/af_c5_amor_DAF_kw_2.eps>
Overfull \hbox (40.06874pt too wide) in paragraph at lines 909--911
 [] 
 []


Underfull \hbox (badness 1728) in paragraph at lines 920--925
[]\OT1/cmr/m/n/10 We now com-pare the phonon mode dif-fusitivies,
 []

[6]

LaTeX Warning: A float is stuck (cannot be placed) on input line 925.


LaTeX Warning: A float is stuck (cannot be placed) on input line 925.


Class revtex4 Warning: Deferred float stuck during \clearpage processing.

File: /home/jason/disorder/lj/alloy/af_nmd_ald_tau_diff_kw_c05_3.eps Graphic fi
le (type eps)
</home/jason/disorder/lj/alloy/af_nmd_ald_tau_diff_kw_c05_3.eps>
File: /home/jason/disorder/si/alloy/af_nmd_ald_tau_diff_kw_c05_2.eps Graphic fi
le (type eps)

</home/jason/disorder/si/alloy/af_nmd_ald_tau_diff_kw_c05_2.eps>

Package natbib Warning: Citation `duda_controlling_2012' on page 7 undefined on
 input line 987.


Package natbib Warning: Citation `turney_predicting_2009' on page 7 undefined o
n input line 993.

[7]

LaTeX Warning: A float is stuck (cannot be placed) on input line 995.


LaTeX Warning: A float is stuck (cannot be placed) on input line 995.


Class revtex4 Warning: Deferred float stuck during \clearpage processing.

File: /home/jason/disorder/lj/alloy/lj_cond_compare.eps Graphic file (type eps)

</home/jason/disorder/lj/alloy/lj_cond_compare.eps>
File: /home/jason/disorder/si/alloy/si_cond_compare.eps Graphic file (type eps)


</home/jason/disorder/si/alloy/si_cond_compare.eps>

Package natbib Warning: Citation `abeles_lattice_1963' on page 8 undefined on i
nput line 1043.

[8]

LaTeX Warning: A float is stuck (cannot be placed) on input line 1076.


LaTeX Warning: A float is stuck (cannot be placed) on input line 1076.


Class revtex4 Warning: Deferred float stuck during \clearpage processing.


Package natbib Warning: Citation `tian_phonon_2012' on page 9 undefined on inpu
t line 1104.


Underfull \hbox (badness 1629) in paragraph at lines 1089--1105
\OT1/cmr/m/n/10 mode prop-er-ties are crit-i-cal to the ther-mal trans-
 []


Package natbib Warning: Citation `esfarjani_heat_2011' on page 9 undefined on i
nput line 1155.

(./prb_vc_jl_120212.bbl [9]
Missing character: There is no ‚ in font cmr9!
Missing character: There is no Ä in font cmr9!
Missing character: There is no ì in font cmr9!
Missing character: There is no ‚ in font cmr9!
Missing character: There is no Ä in font cmr9!
Missing character: There is no ì in font cmr9!
Missing character: There is no ‚ in font cmr9!
Missing character: There is no Ä in font cmr9!
Missing character: There is no ì in font cmr9!
Missing character: There is no ‚ in font cmr9!
Missing character: There is no Ä in font cmr9!
Missing character: There is no ì in font cmr9!

Underfull \hbox (badness 1735) in paragraph at lines 64--70
 []\OT1/cmr/m/n/9 E. S. To-berer, A. Ze-valkink, and G. J. Sny-der, J.
 []

Missing character: There is no ‚ in font cmr9!
Missing character: There is no Ä in font cmr9!
Missing character: There is no ì in font cmr9!

Underfull \hbox (badness 2057) in paragraph at lines 110--115
 []\OT1/cmr/m/n/9 D. G. Cahill and F. Watan-abe, Phys. Rev. B \OT1/cmr/bx/n/9 7
0\OT1/cmr/m/n/9 ,
 []

Missing character: There is no ‚ in font cmr9!
Missing character: There is no Ä in font cmr9!
Missing character: There is no ì in font cmr9!

Underfull \hbox (badness 2435) in paragraph at lines 139--147
 []\OT1/cmr/m/n/9 A. M. Bouchard, R. Biswas, W. A. Kami-taka-hara,
 []

Missing character: There is no ‚ in font cmr9!
Missing character: There is no Ä in font cmr9!
Missing character: There is no ì in font cmr9!

Underfull \hbox (badness 3386) in paragraph at lines 166--171
 \OT1/cmr/m/n/9 59575962 (1977), URL $\OT1/cmtt/m/n/9 http : / / link . aps . o
rg / doi / 10 .
 []

Missing character: There is no ‚ in font cmr9!
Missing character: There is no Ä in font cmr9!
Missing character: There is no ì in font cmr9!
Missing character: There is no ‚ in font cmr9!
Missing character: There is no Ä in font cmr9!
Missing character: There is no ì in font cmr9!
LaTeX Font Info:    Try loading font information for OMS+cmr on input line 230.

(/usr/share/texmf-texlive/tex/latex/base/omscmr.fd
File: omscmr.fd 1999/05/25 v2.5h Standard LaTeX font definitions
)
LaTeX Font Info:    Font shape `OMS/cmr/m/n' in size <9> not available
(Font)              Font shape `OMS/cmsy/m/n' tried instead on input line 230.

Underfull \hbox (badness 10000) in paragraph at lines 223--232
 []\OT1/cmr/m/n/9 B. Qiu, H. Bao, G. Zhang, Y. Wub, and
 []


Underfull \hbox (badness 10000) in paragraph at lines 223--232
 \OT1/cmr/m/n/9 X. Ruan, Com-pu-ta-tional Ma-te-ri-als Sci-ence \OT1/cmr/bx/n/9
 53\OT1/cmr/m/n/9 ,
 []

Missing character: There is no ‚ in font cmr9!
Missing character: There is no Ä in font cmr9!
Missing character: There is no ì in font cmr9!
)

Class revtex4 Warning: Endnote numbers changed: rerun LaTeX.


Package natbib Warning: There were undefined citations.

[10] (./prb_vc_jl_120212.aux

Package natbib Warning: Citation(s) may have changed.
(natbib)                Rerun to get citations correct.

)

LaTeX Warning: There were multiply-defined labels.

 ) 
Here is how much of TeX's memory you used:
 3605 strings out of 493849
 45207 string characters out of 1152845
 145657 words of memory out of 3000000
 6827 multiletter control sequences out of 15000+50000
 14510 words of font info for 54 fonts, out of 3000000 for 9000
 714 hyphenation exceptions out of 8191
 32i,25n,26p,632b,368s stack positions out of 5000i,500n,10000p,200000b,50000s

Output written on prb_vc_jl_120212.dvi (10 pages, 65444 bytes).
