This is pdfTeX, Version 3.1415926-1.40.10 (TeX Live 2009/Debian) (format=latex 2012.11.19)  21 FEB 2013 20:16
entering extended mode
 %&-line parsing enabled.
**prb_vc_jl_021113.tex
(./prb_vc_jl_021113.tex
LaTeX2e <2009/09/24>
Babel <v3.8l> and hyphenation patterns for english, usenglishmax, dumylang, noh
yphenation, farsi, arabic, croatian, bulgarian, ukrainian, russian, czech, slov
ak, danish, dutch, finnish, french, basque, ngerman, german, german-x-2009-06-1
9, ngerman-x-2009-06-19, ibycus, monogreek, greek, ancientgreek, hungarian, san
skrit, italian, latin, latvian, lithuanian, mongolian2a, mongolian, bokmal, nyn
orsk, romanian, irish, coptic, serbian, turkish, welsh, esperanto, uppersorbian
, estonian, indonesian, interlingua, icelandic, kurmanji, slovenian, polish, po
rtuguese, spanish, galician, catalan, swedish, ukenglish, pinyin, loaded.
(/usr/share/texmf-texlive/tex/latex/revtex4/revtex4.cls
Document Class: revtex4 2001/08/02 v4.0 (http://publish.aps.org/revtex4/ for do
cumentation)
 Copyright (c) 2001 The American Physical Society.
 mailto:revtex@aps.org
 Licensed under the LPPL:
http://www.ctan.org/tex-archive/macros/latex/base/lppl.txt
 Arthur Ogawa <ogawa@teleport.com>
 Based on work by David Carlisle <david@dcarlisle.demon.co.uk>.
ltxutil: portions licensed from W. E. Baxter (web@superscript.com)
Class revtex4 Info: Repairing broken LateX \@sect on input line 596.
\intertabularlinepenalty=\count79
\@tbpen=\count80
\@arstrutbox@hline=\box26
Class revtex4 Info: Repairing broken LaTeX \@xbitor on input line 1610.
ltxgrid: portions licensed from W. E. Baxter (web@superscript.com)
\c@linecount=\count81
\output=\toks14
\@protection@box=\box27
\@topmark@saved=\toks15
\footins@saved=\box28
\pagesofar=\box29
\footbox=\box30
\pagegrid@col=\count82
Class revtex4 Info: Incorporating package {textcase}  [1998/11/12 v0.06 Text on
ly upper/lower case changing (DPC)]. on input line 3682.
(/usr/share/texmf-texlive/tex/latex/ltxmisc/url.sty
\Urlmuskip=\muskip10
Package: url 2006/04/12  ver 3.3  Verb mode for urls, etc.
)
\c@affil=\count83
\absbox=\box31
\c@part=\count84
\c@section=\count85
\c@subsection=\count86
\c@subsubsection=\count87
\c@paragraph=\count88
\c@subparagraph=\count89
\abovecaptionskip=\skip41
\belowcaptionskip=\skip42
\c@figure=\count90
\c@table=\count91

(/usr/share/texmf-texlive/tex/latex/natbib/natbib.sty
Package: natbib 2009/07/16 8.31 (PWD, AO)
\bibhang=\skip43
\bibsep=\skip44
LaTeX Info: Redefining \cite on input line 694.
\c@NAT@ctr=\count92
)
\widetext@top=\box32
\widetext@bot=\box33

(/usr/share/texmf-texlive/tex/latex/revtex4/revsymb.sty
Package: revsymb 2001/08/02 v4.0 (http://publish.aps.org/revtex4/ for documenta
tion)
LaTeX Info: Redefining \REV@mathfrak on input line 118.
))
(/usr/share/texmf-texlive/tex/latex/amsfonts/amssymb.sty
Package: amssymb 2009/06/22 v3.00

(/usr/share/texmf-texlive/tex/latex/amsfonts/amsfonts.sty
Package: amsfonts 2009/06/22 v3.00 Basic AMSFonts support
\@emptytoks=\toks16
\symAMSa=\mathgroup4
\symAMSb=\mathgroup5
LaTeX Font Info:    Overwriting math alphabet `\mathfrak' in version `bold'
(Font)                  U/euf/m/n --> U/euf/b/n on input line 96.
LaTeX Info: Redefining \frak on input line 99.
LaTeX Info: Redefining \Bbb on input line 101.
))
(/usr/share/texmf-texlive/tex/latex/amsmath/amsmath.sty
Package: amsmath 2000/07/18 v2.13 AMS math features
\@mathmargin=\skip45

For additional information on amsmath, use the `?' option.
(/usr/share/texmf-texlive/tex/latex/amsmath/amstext.sty
Package: amstext 2000/06/29 v2.01

(/usr/share/texmf-texlive/tex/latex/amsmath/amsgen.sty
File: amsgen.sty 1999/11/30 v2.0
\@emptytoks=\toks17
\ex@=\dimen102
))
(/usr/share/texmf-texlive/tex/latex/amsmath/amsbsy.sty
Package: amsbsy 1999/11/29 v1.2d
\pmbraise@=\dimen103
)
(/usr/share/texmf-texlive/tex/latex/amsmath/amsopn.sty
Package: amsopn 1999/12/14 v2.01 operator names
)
\inf@bad=\count93
LaTeX Info: Redefining \frac on input line 211.
\uproot@=\count94
\leftroot@=\count95
LaTeX Info: Redefining \overline on input line 307.
\classnum@=\count96
\DOTSCASE@=\count97
LaTeX Info: Redefining \ldots on input line 379.
LaTeX Info: Redefining \dots on input line 382.
LaTeX Info: Redefining \cdots on input line 467.
\Mathstrutbox@=\box34
\strutbox@=\box35
\big@size=\dimen104
LaTeX Font Info:    Redeclaring font encoding OML on input line 567.
LaTeX Font Info:    Redeclaring font encoding OMS on input line 568.
\macc@depth=\count98
\c@MaxMatrixCols=\count99
\dotsspace@=\muskip11
\c@parentequation=\count100
\dspbrk@lvl=\count101
\tag@help=\toks18
\row@=\count102
\column@=\count103
\maxfields@=\count104
\andhelp@=\toks19
\eqnshift@=\dimen105
\alignsep@=\dimen106
\tagshift@=\dimen107
\tagwidth@=\dimen108
\totwidth@=\dimen109
\lineht@=\dimen110
\@envbody=\toks20
\multlinegap=\skip46
\multlinetaggap=\skip47
\mathdisplay@stack=\toks21
LaTeX Info: Redefining \[ on input line 2666.
LaTeX Info: Redefining \] on input line 2667.
)
(/usr/share/texmf-texlive/tex/latex/revtex4/aps.rtx
File: aps.rtx 2001/08/02 v4.0 (http://publish.aps.org/revtex4/ for documentatio
n)
)
(/usr/share/texmf-texlive/tex/latex/revtex4/10pt.rtx
File: 10pt.rtx 2001/08/02 v4.0 (http://publish.aps.org/revtex4/ for documentati
on)
)
(/usr/share/texmf-texlive/tex/latex/graphics/graphicx.sty
Package: graphicx 1999/02/16 v1.0f Enhanced LaTeX Graphics (DPC,SPQR)

(/usr/share/texmf-texlive/tex/latex/graphics/keyval.sty
Package: keyval 1999/03/16 v1.13 key=value parser (DPC)
\KV@toks@=\toks22
)
(/usr/share/texmf-texlive/tex/latex/graphics/graphics.sty
Package: graphics 2009/02/05 v1.0o Standard LaTeX Graphics (DPC,SPQR)

(/usr/share/texmf-texlive/tex/latex/graphics/trig.sty
Package: trig 1999/03/16 v1.09 sin cos tan (DPC)
)
(/etc/texmf/tex/latex/config/graphics.cfg
File: graphics.cfg 2009/08/28 v1.8 graphics configuration of TeX Live
)
Package graphics Info: Driver file: dvips.def on input line 91.

(/usr/share/texmf-texlive/tex/latex/graphics/dvips.def
File: dvips.def 1999/02/16 v3.0i Driver-dependant file (DPC,SPQR)
))
\Gin@req@height=\dimen111
\Gin@req@width=\dimen112
)
(/usr/share/texmf-texlive/tex/latex/base/ifthen.sty
Package: ifthen 2001/05/26 v1.1c Standard LaTeX ifthen package (DPC)
)
(/usr/share/texmf-texlive/tex/latex/tools/dcolumn.sty
Package: dcolumn 2001/05/28 v1.06 decimal alignment package (DPC)

(/usr/share/texmf-texlive/tex/latex/tools/array.sty
Package: array 2008/09/09 v2.4c Tabular extension package (FMi)
\col@sep=\dimen113
\extrarowheight=\dimen114
\NC@list=\toks23
\extratabsurround=\skip48
\backup@length=\skip49
))
(/usr/share/texmf-texlive/tex/latex/tools/bm.sty
Package: bm 2004/02/26 v1.1c Bold Symbol Support (DPC/FMi)
\symboldoperators=\mathgroup6
\symboldletters=\mathgroup7
\symboldsymbols=\mathgroup8
LaTeX Font Info:    Redeclaring math alphabet \mathbf on input line 138.
LaTeX Info: Redefining \bm on input line 204.
)
(/usr/share/texmf-texlive/tex/latex/multirow/multirow.sty
\bigstrutjot=\dimen115
)
(/usr/share/texmf-texlive/tex/latex/booktabs/booktabs.sty
Package: booktabs 2005/04/14 v1.61803 publication quality tables
\heavyrulewidth=\dimen116
\lightrulewidth=\dimen117
\cmidrulewidth=\dimen118
\belowrulesep=\dimen119
\belowbottomsep=\dimen120
\aboverulesep=\dimen121
\abovetopsep=\dimen122
\cmidrulesep=\dimen123
\cmidrulekern=\dimen124
\defaultaddspace=\dimen125
\@cmidla=\count105
\@cmidlb=\count106
\@aboverulesep=\dimen126
\@belowrulesep=\dimen127
\@thisruleclass=\count107
\@lastruleclass=\count108
\@thisrulewidth=\dimen128
)
(/usr/share/texmf-texlive/tex/latex/subfigure/subfigure.sty
Package: subfigure 2002/03/15 v2.1.5 subfigure package
\subfigtopskip=\skip50
\subfigcapskip=\skip51
\subfigcaptopadj=\dimen129
\subfigbottomskip=\skip52
\subfigcapmargin=\dimen130
\subfiglabelskip=\skip53
\c@subfigure=\count109
\c@lofdepth=\count110
\c@subtable=\count111
\c@lotdepth=\count112

****************************************
* Local config file subfigure.cfg used *
****************************************
(/usr/share/texmf-texlive/tex/latex/subfigure/subfigure.cfg)
\subfig@top=\skip54
\subfig@bottom=\skip55
)
(./prb_vc_jl_021113.aux

LaTeX Warning: Label `A:E:qdot_HLD' multiply defined.


LaTeX Warning: Label `EQ:M:k_HS' multiply defined.

! Missing \endcsname inserted.
<to be read again> 
                   \protect 
l.239 ...e{endnote\ensuremath {*}}{{49}{}{{}}{{}}}
                                                  
? 

! LaTeX Error: Missing \begin{document}.

See the LaTeX manual or LaTeX Companion for explanation.
Type  H <return>  for immediate help.
 ...                                              
                                                  
l.239 ...e{endnote\ensuremath {*}}{{49}{}{{}}{{}}}
                                                  
? 
LaTeX Font Info:    Try loading font information for U+msa on input line 239.
(/usr/share/texmf-texlive/tex/latex/amsfonts/umsa.fd
File: umsa.fd 2009/06/22 v3.00 AMS symbols A
)
LaTeX Font Info:    Try loading font information for U+msb on input line 239.

(/usr/share/texmf-texlive/tex/latex/amsfonts/umsb.fd
File: umsb.fd 2009/06/22 v3.00 AMS symbols B
)
! Extra \endcsname.
\@ifundefined ...dafter \ifx \csname #1\endcsname 
                                                  \relax \expandafter \@firs...
l.239 ...e{endnote\ensuremath {*}}{{49}{}{{}}{{}}}
                                                  
? 
! Missing \endcsname inserted.
<to be read again> 
                   \protect 
l.239 ...e{endnote\ensuremath {*}}{{49}{}{{}}{{}}}
                                                  
? 
! Extra \endcsname.
\@namedef ...xpandafter \def \csname #1\endcsname 
                                                  
l.239 ...e{endnote\ensuremath {*}}{{49}{}{{}}{{}}}
                                                  
? 
! Missing \endcsname inserted.
<to be read again> 
                   \protect 
l.240 ...te\ensuremath {\dagger }}{{50}{}{{}}{{}}}
                                                  
? 

Package natbib Warning: Citation `endnote\ensuremath {\dagger }' multiply defin
ed.

! Missing \endcsname inserted.
<to be read again> 
                   \protect 
l.240 ...te\ensuremath {\dagger }}{{50}{}{{}}{{}}}
                                                  
? 
! Extra \endcsname.
\@namedef ...xpandafter \def \csname #1\endcsname 
                                                  
l.240 ...te\ensuremath {\dagger }}{{50}{}{{}}{{}}}
                                                  
? 
! Missing \endcsname inserted.
<to be read again> 
                   \protect 
l.241 ...e\ensuremath {\ddagger }}{{51}{}{{}}{{}}}
                                                  
? 

Package natbib Warning: Citation `endnote\ensuremath {\ddagger }' multiply defi
ned.

! Missing \endcsname inserted.
<to be read again> 
                   \protect 
l.241 ...e\ensuremath {\ddagger }}{{51}{}{{}}{{}}}
                                                  
? 
! Extra \endcsname.
\@namedef ...xpandafter \def \csname #1\endcsname 
                                                  
l.241 ...e\ensuremath {\ddagger }}{{51}{}{{}}{{}}}
                                                  
? 
! Missing \endcsname inserted.
<to be read again> 
                   \protect 
l.242 ...suremath {\mathsection }}{{52}{}{{}}{{}}}
                                                  
? 

Package natbib Warning: Citation `endnote\ensuremath {\mathsection }' multiply 
defined.

! Missing \endcsname inserted.
<to be read again> 
                   \protect 
l.242 ...suremath {\mathsection }}{{52}{}{{}}{{}}}
                                                  
? 
! Extra \endcsname.
\@namedef ...xpandafter \def \csname #1\endcsname 
                                                  
l.242 ...suremath {\mathsection }}{{52}{}{{}}{{}}}
                                                  
? 
)
\openout1 = `prb_vc_jl_021113.aux'.

LaTeX Font Info:    Checking defaults for OML/cmm/m/it on input line 222.
LaTeX Font Info:    ... okay on input line 222.
LaTeX Font Info:    Checking defaults for T1/cmr/m/n on input line 222.
LaTeX Font Info:    ... okay on input line 222.
LaTeX Font Info:    Checking defaults for OT1/cmr/m/n on input line 222.
LaTeX Font Info:    ... okay on input line 222.
LaTeX Font Info:    Checking defaults for OMS/cmsy/m/n on input line 222.
LaTeX Font Info:    ... okay on input line 222.
LaTeX Font Info:    Checking defaults for OMX/cmex/m/n on input line 222.
LaTeX Font Info:    ... okay on input line 222.
LaTeX Font Info:    Checking defaults for U/cmr/m/n on input line 222.
LaTeX Font Info:    ... okay on input line 222.
Class revtex4 Info: Patching array package. on input line 222.
Class revtex4 Info: cite was not loaded (OK!) on input line 222.
Class revtex4 Info: multicol was not loaded (OK!) on input line 222.

Underfull \hbox (badness 2096) in paragraph at lines 273--284
[]\OT1/cmr/m/n/10 Disordered ma-te-ri-als (i.e., al-loys and amor-phous
 []


Package natbib Warning: Citation `tian_phonon_2012' on page 1 undefined on inpu
t line 291.


Package natbib Warning: Citation `ward_intrinsic_2010' on page 1 undefined on i
nput line 308.


Package natbib Warning: Citation `tian_phonon_2012' on page 1 undefined on inpu
t line 308.


Package natbib Warning: Citation `tian_phonon_2012' on page 1 undefined on inpu
t line 313.


Package natbib Warning: Citation `tian_phonon_2012' on page 1 undefined on inpu
t line 321.

Missing character: There is no ‚ in font cmr10!
Missing character: There is no Ä in font cmr10!
Missing character: There is no ú in font cmr10!
Missing character: There is no ‚ in font cmr10!
Missing character: There is no Ä in font cmr10!
Missing character: There is no ù in font cmr10!

Package natbib Warning: Citation `tian_phonon_2012' on page 1 undefined on inpu
t line 332.


LaTeX Warning: Reference `S:VC Gamma life' on page 1 undefined on input line 36
6.

[1]

Package natbib Warning: Citation `ward_intrinsic_2010' on page 2 undefined on i
nput line 432.


Package natbib Warning: Citation `feldman_numerical_1999' on page 2 undefined o
n input line 464.


Package natbib Warning: Citation `cahill_lattice_1988' on page 2 undefined on i
nput line 527.


Package natbib Warning: Citation `cahill_lattice_1988' on page 2 undefined on i
nput line 533.


Package natbib Warning: Citation `tian_phonon_2012' on page 2 undefined on inpu
t line 536.

[2]
File: /home/jason/disorder/si/si_conv_2x2x2_disorder-2.eps Graphic file (type e
ps)
 </home/jason/disorder/si/si_conv_2x2x2_disorder-2.eps>
File: /home/jason/disorder/si/si_conv_2x2x2_perfect-2.eps Graphic file (type ep
s)

</home/jason/disorder/si/si_conv_2x2x2_perfect-2.eps>
Overfull \hbox (3.82875pt too wide) in paragraph at lines 578--580
 [] 
 []


LaTeX Warning: Reference `A:Finite Simulation-Size' on page 3 undefined on inpu
t line 617.


LaTeX Warning: Command \r invalid in math mode on input line 625.


Package natbib Warning: Citation `he_lattice_2012' on page 3 undefined on input
 line 627.


Package natbib Warning: Citation `mcgaughey_phonon_2004' on page 3 undefined on
 input line 633.


Package natbib Warning: Citation `mcgaughey_phonon_2004' on page 3 undefined on
 input line 643.

[3]
File: /home/jason/disorder/lj/alloy/lj_alloy_dos_c05-5_5.eps Graphic file (type
 eps)
 </home/jason/disorder/lj/alloy/lj_alloy_dos_c05-5_5.eps>

Package natbib Warning: Citation `cahill_lattice_1988' on page 4 undefined on i
nput line 750.


Package natbib Warning: Citation `cahill_lattice_1988' on page 4 undefined on i
nput line 752.


Package natbib Warning: Citation `feldman_numerical_1999' on page 4 undefined o
n input line 769.


Package natbib Warning: Citation `feldman_numerical_1999' on page 4 undefined o
n input line 772.

[4]

Package natbib Warning: Citation `feldman_numerical_1999' on page 5 undefined o
n input line 811.


Package natbib Warning: Citation `feldman_numerical_1999' on page 5 undefined o
n input line 850.

File: /home/jason/disorder/lj/alloy/lj_alloy_dsf_100_111-2.eps Graphic file (ty
pe eps)
</home/jason/disorder/lj/alloy/lj_alloy_dsf_100_111-2.eps>
Overfull \hbox (13.97124pt too wide) in paragraph at lines 856--858
 [] 
 []

[5]
! Undefined control sequence.
l.925 \tau\kv = \int_{0}^{\Tau
                              }
? 

Package natbib Warning: Citation `taraskin_determination_1999' on page 6 undefi
ned on input line 951.


Package natbib Warning: Citation `cahill_lattice_1988' on page 6 undefined on i
nput line 970.

File: /home/jason/disorder/lj/alloy/lj_alloy_nmd_vc_gamma_life-3.eps Graphic fi
le (type eps)
</home/jason/disorder/lj/alloy/lj_alloy_nmd_vc_gamma_life-3.eps>

Package natbib Warning: Citation `taraskin_determination_1999' on page 6 undefi
ned on input line 1006.


Package natbib Warning: Citation `taraskin_determination_1999' on page 6 undefi
ned on input line 1006.

[6]

Package natbib Warning: Citation `tian_phonon_2012' on page 7 undefined on inpu
t line 1026.


Underfull \hbox (badness 7012) in paragraph at lines 1024--1034
[]\OT1/cmr/m/n/10 Phonon-phonon scat-ter-ing ($\OML/cmm/m/it/10 ^^\[]  []$\OT1/
cmr/m/n/10 ) is typ-i-cally
 []


LaTeX Warning: Reference `S:Calculations' on page 7 undefined on input line 103
8.


LaTeX Warning: Reference `S:SF' on page 7 undefined on input line 1066.


Package natbib Warning: Citation `cahill_lattice_1988' on page 7 undefined on i
nput line 1173.


Package natbib Warning: Citation `cahill_lattice_1988' on page 7 undefined on i
nput line 1176.

[7]

Package natbib Warning: Citation `feldman_numerical_1999' on page 8 undefined o
n input line 1196.


Package natbib Warning: Citation `sheng_introduction_2006' on page 8 undefined 
on input line 1201.

! Missing \endcsname inserted.
<to be read again> 
                   \protect 
l.1202 \footnote[1]
                   
? 
! Missing \endcsname inserted.
<to be read again> 
                   \protect 
l.1202 \footnote[1]
                   
? 
! Use of \b@endnote doesn't match its definition.
\protect ->\noexpand \protect \noexpand 
                                        
l.1202 \footnote[1]
                   
? 
! Improper alphabetic constant.
<to be read again> 
                   \relax 
l.1202 \footnote[1]
                   
? 
! Missing = inserted for \ifnum.
<to be read again> 
                   \relax 
l.1202 \footnote[1]
                   
? 
! Missing number, treated as zero.
<to be read again> 
                   \relax 
l.1202 \footnote[1]
                   
? 
! Missing \endcsname inserted.
<to be read again> 
                   \protect 
l.1202 \footnote[1]
                   
? 
! Missing \endcsname inserted.
<to be read again> 
                   \protect 
l.1202 \footnote[1]
                   
? 
! Use of \b@endnote doesn't match its definition.
\protect ->\noexpand \protect \noexpand 
                                        
l.1202 \footnote[1]
                   
? 
! Improper alphabetic constant.
<to be read again> 
                   \relax 
l.1202 \footnote[1]
                   
? 
! Missing = inserted for \ifnum.
<to be read again> 
                   \relax 
l.1202 \footnote[1]
                   
? 
! Missing number, treated as zero.
<to be read again> 
                   \relax 
l.1202 \footnote[1]
                   
? 
! Extra }, or forgotten $.
<recently read> }
                 
l.1202 \footnote[1]
                   
? 
! Extra }, or forgotten $.
<argument> {\citenumfont {\NAT@num }}
                                     
l.1202 \footnote[1]
                   
? 
! Extra }, or forgotten $.
\mbox #1->\leavevmode \hbox {#1}
                                
l.1202 \footnote[1]
                   
? 
! Extra }, or forgotten $.
\mbox #1->\leavevmode \hbox {#1}
                                
l.1202 \footnote[1]
                   
? 
! Extra }, or forgotten $.
<argument> ...fi }{}\NAT@mbox {\NAT@@close }\fi }}
                                                  
l.1202 \footnote[1]
                   
? 
! Missing } inserted.
<inserted text> 
                }
l.1202 \footnote[1]
                   
? 
! Missing } inserted.
<inserted text> 
                }
l.1202 \footnote[1]
                   
? 
! Missing } inserted.
<inserted text> 
                }
l.1202 \footnote[1]
                   
? 
! Missing } inserted.
<inserted text> 
                }
l.1202 \footnote[1]
                   
? 
! Missing $ inserted.
<inserted text> 
                $
l.1202 \footnote[1]
                   
? 
! Missing } inserted.
<inserted text> 
                }
l.1202 \footnote[1]
                   
? 
\@endnoteout=\write3
\openout3 = `prb_vc_jl_021113.end'.

! Missing \endcsname inserted.
<to be read again> 
                   \protect 
l.1211 \footnote[2]
                   {For a finite system, the AF theory
? 
! Missing \endcsname inserted.
<to be read again> 
                   \protect 
l.1211 \footnote[2]
                   {For a finite system, the AF theory
? 
! Use of \b@endnote doesn't match its definition.
\protect ->\noexpand \protect \noexpand 
                                        
l.1211 \footnote[2]
                   {For a finite system, the AF theory
? 
! Improper alphabetic constant.
<to be read again> 
                   \relax 
l.1211 \footnote[2]
                   {For a finite system, the AF theory
? 
! Missing = inserted for \ifnum.
<to be read again> 
                   \relax 
l.1211 \footnote[2]
                   {For a finite system, the AF theory
? 
! Missing number, treated as zero.
<to be read again> 
                   \relax 
l.1211 \footnote[2]
                   {For a finite system, the AF theory
? 
! Missing \endcsname inserted.
<to be read again> 
                   \protect 
l.1211 \footnote[2]
                   {For a finite system, the AF theory
? 
! Missing \endcsname inserted.
<to be read again> 
                   \protect 
l.1211 \footnote[2]
                   {For a finite system, the AF theory
? 
! Use of \b@endnote doesn't match its definition.
\protect ->\noexpand \protect \noexpand 
                                        
l.1211 \footnote[2]
                   {For a finite system, the AF theory
? 
! Improper alphabetic constant.
<to be read again> 
                   \relax 
l.1211 \footnote[2]
                   {For a finite system, the AF theory
? 
! Missing = inserted for \ifnum.
<to be read again> 
                   \relax 
l.1211 \footnote[2]
                   {For a finite system, the AF theory
? 
! Missing number, treated as zero.
<to be read again> 
                   \relax 
l.1211 \footnote[2]
                   {For a finite system, the AF theory
? 
! Extra }, or forgotten $.
<recently read> }
                 
l.1211 \footnote[2]
                   {For a finite system, the AF theory
? 
! Extra }, or forgotten $.
<argument> {\citenumfont {\NAT@num }}
                                     
l.1211 \footnote[2]
                   {For a finite system, the AF theory
? 
! Extra }, or forgotten $.
\mbox #1->\leavevmode \hbox {#1}
                                
l.1211 \footnote[2]
                   {For a finite system, the AF theory
? 
! Extra }, or forgotten $.
\mbox #1->\leavevmode \hbox {#1}
                                
l.1211 \footnote[2]
                   {For a finite system, the AF theory
? 
! Extra }, or forgotten $.
<argument> ...fi }{}\NAT@mbox {\NAT@@close }\fi }}
                                                  
l.1211 \footnote[2]
                   {For a finite system, the AF theory
? 
! Missing } inserted.
<inserted text> 
                }
l.1211 \footnote[2]
                   {For a finite system, the AF theory
? 
! Missing } inserted.
<inserted text> 
                }
l.1211 \footnote[2]
                   {For a finite system, the AF theory
? 
! Missing } inserted.
<inserted text> 
                }
l.1211 \footnote[2]
                   {For a finite system, the AF theory
? 
! Missing } inserted.
<inserted text> 
                }
l.1211 \footnote[2]
                   {For a finite system, the AF theory
? 
! Missing $ inserted.
<inserted text> 
                $
l.1211 \footnote[2]
                   {For a finite system, the AF theory
? 
! Missing } inserted.
<inserted text> 
                }
l.1211 \footnote[2]
                   {For a finite system, the AF theory
? 
! Missing \endcsname inserted.
<to be read again> 
                   \protect 
l.1226 phase.(cite)\footnote[3]
                               {Analysis of these high-frequency
? 
! Missing \endcsname inserted.
<to be read again> 
                   \protect 
l.1226 phase.(cite)\footnote[3]
                               {Analysis of these high-frequency
? 
! Use of \b@endnote doesn't match its definition.
\protect ->\noexpand \protect \noexpand 
                                        
l.1226 phase.(cite)\footnote[3]
                               {Analysis of these high-frequency
? 
! Improper alphabetic constant.
<to be read again> 
                   \relax 
l.1226 phase.(cite)\footnote[3]
                               {Analysis of these high-frequency
? 
! Missing = inserted for \ifnum.
<to be read again> 
                   \relax 
l.1226 phase.(cite)\footnote[3]
                               {Analysis of these high-frequency
? 
! Missing number, treated as zero.
<to be read again> 
                   \relax 
l.1226 phase.(cite)\footnote[3]
                               {Analysis of these high-frequency
? 
! Missing \endcsname inserted.
<to be read again> 
                   \protect 
l.1226 phase.(cite)\footnote[3]
                               {Analysis of these high-frequency
? 
! Missing \endcsname inserted.
<to be read again> 
                   \protect 
l.1226 phase.(cite)\footnote[3]
                               {Analysis of these high-frequency
? 
! Use of \b@endnote doesn't match its definition.
\protect ->\noexpand \protect \noexpand 
                                        
l.1226 phase.(cite)\footnote[3]
                               {Analysis of these high-frequency
? 
! Improper alphabetic constant.
<to be read again> 
                   \relax 
l.1226 phase.(cite)\footnote[3]
                               {Analysis of these high-frequency
? 
! Missing = inserted for \ifnum.
<to be read again> 
                   \relax 
l.1226 phase.(cite)\footnote[3]
                               {Analysis of these high-frequency
? 
! Missing number, treated as zero.
<to be read again> 
                   \relax 
l.1226 phase.(cite)\footnote[3]
                               {Analysis of these high-frequency
? 
! Extra }, or forgotten $.
<recently read> }
                 
l.1226 phase.(cite)\footnote[3]
                               {Analysis of these high-frequency
? 
! Extra }, or forgotten $.
<argument> {\citenumfont {\NAT@num }}
                                     
l.1226 phase.(cite)\footnote[3]
                               {Analysis of these high-frequency
? 
! Extra }, or forgotten $.
\mbox #1->\leavevmode \hbox {#1}
                                
l.1226 phase.(cite)\footnote[3]
                               {Analysis of these high-frequency
? 
! Extra }, or forgotten $.
\mbox #1->\leavevmode \hbox {#1}
                                
l.1226 phase.(cite)\footnote[3]
                               {Analysis of these high-frequency
? 
! Extra }, or forgotten $.
<argument> ...fi }{}\NAT@mbox {\NAT@@close }\fi }}
                                                  
l.1226 phase.(cite)\footnote[3]
                               {Analysis of these high-frequency
? 
! Missing } inserted.
<inserted text> 
                }
l.1226 phase.(cite)\footnote[3]
                               {Analysis of these high-frequency
? 
! Missing } inserted.
<inserted text> 
                }
l.1226 phase.(cite)\footnote[3]
                               {Analysis of these high-frequency
? 
! Missing } inserted.
<inserted text> 
                }
l.1226 phase.(cite)\footnote[3]
                               {Analysis of these high-frequency
? 
! Missing } inserted.
<inserted text> 
                }
l.1226 phase.(cite)\footnote[3]
                               {Analysis of these high-frequency
? 
! Missing $ inserted.
<inserted text> 
                $
l.1226 phase.(cite)\footnote[3]
                               {Analysis of these high-frequency
? 
! Missing } inserted.
<inserted text> 
                }
l.1226 phase.(cite)\footnote[3]
                               {Analysis of these high-frequency
? 

Package natbib Warning: Citation `cahill_lattice_1988' on page 8 undefined on i
nput line 1245.


Package natbib Warning: Citation `feldman_numerical_1999' on page 8 undefined o
n input line 1247.


Package natbib Warning: Citation `taraskin_determination_1999' on page 8 undefi
ned on input line 1249.


Package natbib Warning: Citation `feldman_numerical_1999' on page 8 undefined o
n input line 1254.

File: /home/jason/disorder/lj/alloy/af_nmd_ald_tau_diff_kw_c05_3-3.eps Graphic 
file (type eps)
</home/jason/disorder/lj/alloy/af_nmd_ald_tau_diff_kw_c05_3-3.eps>
Overfull \hbox (2.93001pt too wide) in paragraph at lines 1286--1288
 [] 
 []

File: /home/jason/disorder/si/alloy/af_nmd_ald_tau_diff_kw_c05_2-2.eps Graphic 
file (type eps)
</home/jason/disorder/si/alloy/af_nmd_ald_tau_diff_kw_c05_2-2.eps>
File: /home/jason/disorder/lj/alloy/af_c5_amor_DAF_kw_2.eps Graphic file (type 
eps)

</home/jason/disorder/lj/alloy/af_c5_amor_DAF_kw_2.eps>
Overfull \hbox (40.06874pt too wide) in paragraph at lines 1317--1319
 [] 
 []

[8]

LaTeX Warning: A float is stuck (cannot be placed) on input line 1353.


LaTeX Warning: A float is stuck (cannot be placed) on input line 1353.


Class revtex4 Warning: Deferred float stuck during \clearpage processing.

[9]
! Missing \endcsname inserted.
<to be read again> 
                   \protect 
l.1408 \footnote[4]
                   
? 
! Missing \endcsname inserted.
<to be read again> 
                   \protect 
l.1408 \footnote[4]
                   
? 
! Use of \b@endnote doesn't match its definition.
\protect ->\noexpand \protect \noexpand 
                                        
l.1408 \footnote[4]
                   
? 
! Improper alphabetic constant.
<to be read again> 
                   \relax 
l.1408 \footnote[4]
                   
? 
! Missing = inserted for \ifnum.
<to be read again> 
                   \relax 
l.1408 \footnote[4]
                   
? 
! Missing number, treated as zero.
<to be read again> 
                   \relax 
l.1408 \footnote[4]
                   
? 
! Missing \endcsname inserted.
<to be read again> 
                   \protect 
l.1408 \footnote[4]
                   
? 
! Missing \endcsname inserted.
<to be read again> 
                   \protect 
l.1408 \footnote[4]
                   
? 
! Use of \b@endnote doesn't match its definition.
\protect ->\noexpand \protect \noexpand 
                                        
l.1408 \footnote[4]
                   
? 
! Improper alphabetic constant.
<to be read again> 
                   \relax 
l.1408 \footnote[4]
                   
? 
! Missing = inserted for \ifnum.
<to be read again> 
                   \relax 
l.1408 \footnote[4]
                   
? 
! Missing number, treated as zero.
<to be read again> 
                   \relax 
l.1408 \footnote[4]
                   
? 
! Extra }, or forgotten $.
<recently read> }
                 
l.1408 \footnote[4]
                   
? 
! Extra }, or forgotten $.
<argument> {\citenumfont {\NAT@num }}
                                     
l.1408 \footnote[4]
                   
? 
! Extra }, or forgotten $.
\mbox #1->\leavevmode \hbox {#1}
                                
l.1408 \footnote[4]
                   
? 
! Extra }, or forgotten $.
\mbox #1->\leavevmode \hbox {#1}
                                
l.1408 \footnote[4]
                   
? 
! Extra }, or forgotten $.
<argument> ...fi }{}\NAT@mbox {\NAT@@close }\fi }}
                                                  
l.1408 \footnote[4]
                   
? 
! Missing } inserted.
<inserted text> 
                }
l.1408 \footnote[4]
                   
? 
! Missing } inserted.
<inserted text> 
                }
l.1408 \footnote[4]
                   
? 
! Missing } inserted.
<inserted text> 
                }
l.1408 \footnote[4]
                   
? 
! Missing } inserted.
<inserted text> 
                }
l.1408 \footnote[4]
                   
? 
! Missing $ inserted.
<inserted text> 
                $
l.1408 \footnote[4]
                   
? 
! Missing } inserted.
<inserted text> 
                }
l.1408 \footnote[4]
                   
? 
File: /home/jason/disorder/lj/alloy/lj_cond_compare.eps Graphic file (type eps)

</home/jason/disorder/lj/alloy/lj_cond_compare.eps>
File: /home/jason/disorder/si/alloy/si_cond_compare.eps Graphic file (type eps)


</home/jason/disorder/si/alloy/si_cond_compare.eps>

Package natbib Warning: Citation `abeles_thermal_1962' on page 10 undefined on 
input line 1515.


Package natbib Warning: Citation `cheaito_experimental_2012' on page 10 undefin
ed on input line 1515.


Underfull \hbox (badness 1533) in paragraph at lines 1499--1523
\OT1/cmr/m/n/10 predictions$[]$ and ex-per-i-men-tal measurements.$[]$
 []

[10]

Package natbib Warning: Citation `feldman_numerical_1999' on page 11 undefined 
on input line 1535.


Package natbib Warning: Citation `tian_phonon_2012' on page 11 undefined on inp
ut line 1658.


Package natbib Warning: Citation `plimpton_fast_1995' on page 11 undefined on i
nput line 1700.


LaTeX Warning: Reference `S:VC Gamma life' on page 11 undefined on input line 1
716.


Package natbib Warning: Citation `chaput_phonon-phonon_2011' on page 11 undefin
ed on input line 1728.


Underfull \hbox (badness 2050) in paragraph at lines 1724--1735
\OT1/cmr/m/n/10 sys-tem can be used to dras-ti-cally re-duce the re-
 []

[11]

Package natbib Warning: Citation `plimpton_fast_1995' on page 12 undefined on i
nput line 1800.


Package natbib Warning: Citation `rajabpour_thermal_2010' on page 12 undefined 
on input line 1836.


LaTeX Warning: Reference `S:VC Gamma life' on page 12 undefined on input line 1
860.


LaTeX Warning: Reference `S:Thermal Conductivty' on page 12 undefined on input 
line 1861.

File: /home/jason/disorder/lj/alloy/m_lj_nmd_xcorr_compare.eps Graphic file (ty
pe eps)
</home/jason/disorder/lj/alloy/m_lj_nmd_xcorr_compare.eps>

LaTeX Warning: Reference `S:VC Gamma life' on page 12 undefined on input line 1
889.


LaTeX Warning: Reference `S:VC Gamma life' on page 12 undefined on input line 1
889.


LaTeX Warning: Reference `EQ:M:SLT' on page 12 undefined on input line 1900.


Package natbib Warning: Citation `taraskin_determination_1999' on page 12 undef
ined on input line 1910.


Package natbib Warning: Citation `taraskin_determination_1999' on page 12 undef
ined on input line 1927.


Underfull \hbox (badness 3354) in paragraph at lines 1916--1930
[]\OT1/cmr/m/n/10 For the range of broad-en-ing fac-tors con-sid-ered
 []

[12]

Package natbib Warning: Citation `feldman_numerical_1999' on page 13 undefined 
on input line 1942.


Package natbib Warning: Citation `tian_phonon_2012' on page 13 undefined on inp
ut line 1968.


Package natbib Warning: Citation `he_lattice_2012' on page 13 undefined on inpu
t line 1975.

(./prb_vc_jl_021113.bbl [13]
Missing character: There is no ‚ in font cmr9!
Missing character: There is no Ä in font cmr9!
Missing character: There is no ì in font cmr9!

Underfull \hbox (badness 1005) in paragraph at lines 23--33
 []\OT1/cmr/m/n/9 B. Qiu, H. Bao, G. Zhang, Y. Wu, and X. Ruan,
 []


Underfull \hbox (badness 3838) in paragraph at lines 23--33
 \OT1/cmr/m/n/9 Com-pu-ta-tional Ma-te-ri-als Sci-ence \OT1/cmr/bx/n/9 53\OT1/c
mr/m/n/9 , 278  (2012),
 []

Missing character: There is no ‚ in font cmr9!
Missing character: There is no Ä in font cmr9!
Missing character: There is no ì in font cmr9!

Underfull \hbox (badness 1946) in paragraph at lines 100--104
 []\OT1/cmr/m/n/9 N. d. Koker, Phys-i-cal Re-view Let-ters \OT1/cmr/bx/n/9 103\
OT1/cmr/m/n/9 , 125902
 []


Underfull \hbox (badness 2443) in paragraph at lines 107--116
 []\OT1/cmr/m/n/9 H. Bao, B. Qiu, Y. Zhang, and X. Ruan, Jour-
 []


Underfull \hbox (badness 10000) in paragraph at lines 107--116
 \OT1/cmr/m/n/9 nal of Quan-ti-ta-tive Spec-troscopy and Ra-dia-tive
 []


Underfull \hbox (badness 1748) in paragraph at lines 107--116
 \OT1/cmr/m/n/9 Trans-fer \OT1/cmr/bx/n/9 113\OT1/cmr/m/n/9 , 1683  (2012), ISS
N 0022-4073, URL
 []


Underfull \hbox (badness 10000) in paragraph at lines 107--116
 \OT1/cmtt/m/n/9 http : / / www . sciencedirect . com / science / article / pii
 /
 []

Missing character: There is no ‚ in font cmr9!
Missing character: There is no Ä in font cmr9!
Missing character: There is no ì in font cmr9!
Missing character: There is no ‚ in font cmr9!
Missing character: There is no Ä in font cmr9!
Missing character: There is no ì in font cmr9!
Missing character: There is no ‚ in font cmr9!
Missing character: There is no Ä in font cmr9!
Missing character: There is no ì in font cmr9!

Underfull \hbox (badness 1533) in paragraph at lines 154--159
 []\OT1/cmr/m/n/9 D. G. Cahill and F. Watan-abe, Phys. Rev. B \OT1/cmr/bx/n/9 7
0\OT1/cmr/m/n/9 ,
 []

Missing character: There is no ‚ in font cmr9!
Missing character: There is no Ä in font cmr9!
Missing character: There is no ì in font cmr9!
Missing character: There is no ‚ in font cmr9!
Missing character: There is no Ä in font cmr9!
Missing character: There is no ì in font cmr9!
Missing character: There is no ‚ in font cmr9!
Missing character: There is no Ä in font cmr9!
Missing character: There is no ì in font cmr9!

Underfull \hbox (badness 1721) in paragraph at lines 231--239
 []\OT1/cmr/m/n/9 A. M. Bouchard, R. Biswas, W. A. Kami-taka-hara,
 []

Missing character: There is no ‚ in font cmr9!
Missing character: There is no Ä in font cmr9!
Missing character: There is no ì in font cmr9!
LaTeX Font Info:    Try loading font information for OMS+cmr on input line 265.

(/usr/share/texmf-texlive/tex/latex/base/omscmr.fd
File: omscmr.fd 1999/05/25 v2.5h Standard LaTeX font definitions
)
LaTeX Font Info:    Font shape `OMS/cmr/m/n' in size <9> not available
(Font)              Font shape `OMS/cmsy/m/n' tried instead on input line 265.
Missing character: There is no ‚ in font cmr9!
Missing character: There is no Ä in font cmr9!
Missing character: There is no ì in font cmr9!
Missing character: There is no ‚ in font cmr9!
Missing character: There is no Ä in font cmr9!
Missing character: There is no ì in font cmr9!
Missing character: There is no ‚ in font cmr9!
Missing character: There is no Ä in font cmr9!
Missing character: There is no ì in font cmr9!
Missing character: There is no ‚ in font cmr9!
Missing character: There is no Ä in font cmr9!
Missing character: There is no ì in font cmr9!

Underfull \hbox (badness 1571) in paragraph at lines 311--316
 \OT1/cmr/m/n/9 59575962 (1977), URL $\OT1/cmtt/m/n/9 http : / / link . aps . o
rg / doi / 10 .
 []

Missing character: There is no ‚ in font cmr9!
Missing character: There is no Ä in font cmr9!
Missing character: There is no ì in font cmr9!

Underfull \hbox (badness 10000) in paragraph at lines 351--356
 \OT1/cmtt/m/n/9 http : / / www . sciencemag . org / content / 253 / 5019 / 539
 .
 []

[14] (./prb_vc_jl_021113.end
! Missing \endcsname inserted.
<to be read again> 
                   \protect 
l.1 ...where $k_{AF}/k_{GK} = 0.93$ for $N_0=12$.}
                                                  
? 
! Missing \endcsname inserted.
<to be read again> 
                   \protect 
l.1 ...where $k_{AF}/k_{GK} = 0.93$ for $N_0=12$.}
                                                  
? 
! Use of \b@endnote doesn't match its definition.
\protect ->\noexpand \protect \noexpand 
                                        
l.1 ...where $k_{AF}/k_{GK} = 0.93$ for $N_0=12$.}
                                                  
? 
! Improper alphabetic constant.
<to be read again> 
                   \ensuremath  
l.1 ...where $k_{AF}/k_{GK} = 0.93$ for $N_0=12$.}
                                                  
? 
! Missing = inserted for \ifnum.
<to be read again> 
                   $
l.1 ...where $k_{AF}/k_{GK} = 0.93$ for $N_0=12$.}
                                                  
? 
! Missing number, treated as zero.
<to be read again> 
                   $
l.1 ...where $k_{AF}/k_{GK} = 0.93$ for $N_0=12$.}
                                                  
? 
! Missing \endcsname inserted.
<to be read again> 
                   \protect 
l.1 ...where $k_{AF}/k_{GK} = 0.93$ for $N_0=12$.}
                                                  
? 
! Extra \endcsname.
\@lbibitem ...pen \csname NAT@b@open@#2\endcsname 
                                                  \expandafter \let \expanda...
l.1 ...where $k_{AF}/k_{GK} = 0.93$ for $N_0=12$.}
                                                  
? 
! Missing \endcsname inserted.
<to be read again> 
                   \protect 
l.1 ...where $k_{AF}/k_{GK} = 0.93$ for $N_0=12$.}
                                                  
? 
! Extra \endcsname.
\@lbibitem ...hut \csname NAT@b@shut@#2\endcsname 
                                                  \@ifnum {\NAT@merge >\@ne ...
l.1 ...where $k_{AF}/k_{GK} = 0.93$ for $N_0=12$.}
                                                  
? 
! Missing \endcsname inserted.
<to be read again> 
                   \protect 
l.2 ... _{\omega ,avg}$, see Section \ref {S:SF}.}
                                                  
? 
! Missing \endcsname inserted.
<to be read again> 
                   \protect 
l.2 ... _{\omega ,avg}$, see Section \ref {S:SF}.}
                                                  
? 
! Use of \b@endnote doesn't match its definition.
\protect ->\noexpand \protect \noexpand 
                                        
l.2 ... _{\omega ,avg}$, see Section \ref {S:SF}.}
                                                  
? 
! Improper alphabetic constant.
<to be read again> 
                   \ensuremath  
l.2 ... _{\omega ,avg}$, see Section \ref {S:SF}.}
                                                  
? 
! Missing = inserted for \ifnum.
<to be read again> 
                   $
l.2 ... _{\omega ,avg}$, see Section \ref {S:SF}.}
                                                  
? 
! Missing number, treated as zero.
<to be read again> 
                   $
l.2 ... _{\omega ,avg}$, see Section \ref {S:SF}.}
                                                  
? 
! Missing \endcsname inserted.
<to be read again> 
                   \protect 
l.2 ... _{\omega ,avg}$, see Section \ref {S:SF}.}
                                                  
? 
! Extra \endcsname.
\@lbibitem ...pen \csname NAT@b@open@#2\endcsname 
                                                  \expandafter \let \expanda...
l.2 ... _{\omega ,avg}$, see Section \ref {S:SF}.}
                                                  
? 
! Missing \endcsname inserted.
<to be read again> 
                   \protect 
l.2 ... _{\omega ,avg}$, see Section \ref {S:SF}.}
                                                  
? 
! Extra \endcsname.
\@lbibitem ...hut \csname NAT@b@shut@#2\endcsname 
                                                  \@ifnum {\NAT@merge >\@ne ...
l.2 ... _{\omega ,avg}$, see Section \ref {S:SF}.}
                                                  
? 

LaTeX Warning: Reference `S:SF' on page 15 undefined on input line 2.

! Missing \endcsname inserted.
<to be read again> 
                   \protect 
l.3 ...ound is the size of the simulation domain.}
                                                  
? 
! Missing \endcsname inserted.
<to be read again> 
                   \protect 
l.3 ...ound is the size of the simulation domain.}
                                                  
? 
! Use of \b@endnote doesn't match its definition.
\protect ->\noexpand \protect \noexpand 
                                        
l.3 ...ound is the size of the simulation domain.}
                                                  
? 
! Improper alphabetic constant.
<to be read again> 
                   \ensuremath  
l.3 ...ound is the size of the simulation domain.}
                                                  
? 
! Missing = inserted for \ifnum.
<to be read again> 
                   $
l.3 ...ound is the size of the simulation domain.}
                                                  
? 
! Missing number, treated as zero.
<to be read again> 
                   $
l.3 ...ound is the size of the simulation domain.}
                                                  
? 
! Missing \endcsname inserted.
<to be read again> 
                   \protect 
l.3 ...ound is the size of the simulation domain.}
                                                  
? 
! Extra \endcsname.
\@lbibitem ...pen \csname NAT@b@open@#2\endcsname 
                                                  \expandafter \let \expanda...
l.3 ...ound is the size of the simulation domain.}
                                                  
? 
! Missing \endcsname inserted.
<to be read again> 
                   \protect 
l.3 ...ound is the size of the simulation domain.}
                                                  
? 
! Extra \endcsname.
\@lbibitem ...hut \csname NAT@b@shut@#2\endcsname 
                                                  \@ifnum {\NAT@merge >\@ne ...
l.3 ...ound is the size of the simulation domain.}
                                                  
? 
! Missing \endcsname inserted.
<to be read again> 
                   \protect 
l.4 ...k for SW silicon alloys is not as drastic.}
                                                  
? 
! Missing \endcsname inserted.
<to be read again> 
                   \protect 
l.4 ...k for SW silicon alloys is not as drastic.}
                                                  
? 
! Use of \b@endnote doesn't match its definition.
\protect ->\noexpand \protect \noexpand 
                                        
l.4 ...k for SW silicon alloys is not as drastic.}
                                                  
? 
! Improper alphabetic constant.
<to be read again> 
                   \ensuremath  
l.4 ...k for SW silicon alloys is not as drastic.}
                                                  
? 
! Missing = inserted for \ifnum.
<to be read again> 
                   $
l.4 ...k for SW silicon alloys is not as drastic.}
                                                  
? 
! Missing number, treated as zero.
<to be read again> 
                   $
l.4 ...k for SW silicon alloys is not as drastic.}
                                                  
? 
! Missing \endcsname inserted.
<to be read again> 
                   \protect 
l.4 ...k for SW silicon alloys is not as drastic.}
                                                  
? 
! Extra \endcsname.
\@lbibitem ...pen \csname NAT@b@open@#2\endcsname 
                                                  \expandafter \let \expanda...
l.4 ...k for SW silicon alloys is not as drastic.}
                                                  
? 
! Missing \endcsname inserted.
<to be read again> 
                   \protect 
l.4 ...k for SW silicon alloys is not as drastic.}
                                                  
? 
! Extra \endcsname.
\@lbibitem ...hut \csname NAT@b@shut@#2\endcsname 
                                                  \@ifnum {\NAT@merge >\@ne ...
l.4 ...k for SW silicon alloys is not as drastic.}
                                                  
? 
))

Class revtex4 Warning: Environment acknowledgements is obsolete;
Use acknowledgments instead.


Package natbib Warning: There were undefined citations.


Package natbib Warning: There were multiply defined citations.

[15] (./prb_vc_jl_021113.aux
! Missing \endcsname inserted.
<to be read again> 
                   \protect 
l.239 ...e{endnote\ensuremath {*}}{{49}{}{{}}{{}}}
                                                  
? 

Package natbib Warning: Citation(s) may have changed.
(natbib)                Rerun to get citations correct.

! Missing \endcsname inserted.
<to be read again> 
                   \protect 
l.240 ...te\ensuremath {\dagger }}{{50}{}{{}}{{}}}
                                                  
? 
! Missing \endcsname inserted.
<to be read again> 
                   \protect 
l.241 ...e\ensuremath {\ddagger }}{{51}{}{{}}{{}}}
                                                  
? 
! Missing \endcsname inserted.
<to be read again> 
                   \protect 
l.242 ...suremath {\mathsection }}{{52}{}{{}}{{}}}
                                                  
? 
)

LaTeX Warning: There were undefined references.


LaTeX Warning: There were multiply-defined labels.

 ) 
Here is how much of TeX's memory you used:
 3720 strings out of 493849
 47707 string characters out of 1152845
 133253 words of memory out of 3000000
 6934 multiletter control sequences out of 15000+50000
 14856 words of font info for 55 fonts, out of 3000000 for 9000
 714 hyphenation exceptions out of 8191
 32i,26n,32p,996b,401s stack positions out of 5000i,500n,10000p,200000b,50000s

Output written on prb_vc_jl_021113.dvi (15 pages, 101172 bytes).
