This file contains any messages produced by compilers while
running configure, to aid debugging if configure makes a mistake.

It was created by FoX configure 4.1.2, which was
generated by GNU Autoconf 2.61.  Invocation command line was

  $ ./configure --enable-wcml --enable-wxml FC=g95  FCFLAGS=-O  -I..   LDFLAGS=  

## --------- ##
## Platform. ##
## --------- ##

hostname = jason-900X3C-900X3D-900X3E-900X4C-900X4D
uname -m = x86_64
uname -r = 3.8.0-19-generic
uname -s = Linux
uname -v = #29-Ubuntu SMP Wed Apr 17 18:16:28 UTC 2013

/usr/bin/uname -p = unknown
/bin/uname -X     = unknown

/bin/arch              = unknown
/usr/bin/arch -k       = unknown
/usr/convex/getsysinfo = unknown
/usr/bin/hostinfo      = unknown
/bin/machine           = unknown
/usr/bin/oslevel       = unknown
/bin/universe          = unknown

PATH: /opt/Datathief
PATH: /opt/VESTA-x86_64
PATH: /home/jason/phonopy/phonopy-1.1/bin
PATH: /home/jason/disorder/matlab/gulp/gulp-4.0.7/Src
PATH: /usr/share/texlive/texmf-dist/tex/latex
PATH: /usr/share/texmf/tex/latex/iop
PATH: /home/jason/lammps/lammps-22Feb13/src
PATH: /opt/Zotero_linux-x86_64
PATH: /usr/local/MATLAB/R2012a/bin
PATH: /usr/lib/lightdm/lightdm
PATH: /usr/local/sbin
PATH: /usr/local/bin
PATH: /usr/sbin
PATH: /usr/bin
PATH: /sbin
PATH: /bin
PATH: /usr/games
PATH: /usr/local/games


## ----------- ##
## Core tests. ##
## ----------- ##

configure:1750: checking build system type
configure:1768: result: x86_64-unknown-linux-gnu
configure:1790: checking host system type
configure:1805: result: x86_64-unknown-linux-gnu
configure:1942: checking for Fortran compiler version
configure:1945: g95  --version </dev/null >&5
G95 (GCC 4.1.2 (g95 0.93!) Jun 16 2010)
Copyright (C) 2002-2008 Free Software Foundation, Inc.

G95 comes with NO WARRANTY, to the extent permitted by law.
You may redistribute copies of G95
under the terms of the GNU General Public License.
For more information about these matters, see the file named COPYING
configure:1948: $? = 0
configure:1950: g95  -v </dev/null >&5
Using built-in specs.
Target: 
Configured with: ../configure --enable-languages=c --disable-multilib
Thread model: posix
gcc version 4.1.2 (g95 0.93!) Jun 16 2010
configure:1953: $? = 0
configure:1955: g95  -V </dev/null >&5
g95: '-V' option must have argument
configure:1958: $? = 1
configure:1971: checking for linker flag to name executables
configure:1979: $FC $ac_link_obj_flag""conftest$ac_exeext $FCFLAGS $LDFLAGS $FCFLAGS_SRCEXT conftest.$ac_ext $LIBS >&5
g95: /exe:conftest: No such file or directory
configure:1982: $? = 1
configure:1979: $FC $ac_link_obj_flag""conftest$ac_exeext $FCFLAGS $LDFLAGS $FCFLAGS_SRCEXT conftest.$ac_ext $LIBS >&5
g95: conftest: No such file or directory
configure:1982: $? = 1
configure:1979: $FC $ac_link_obj_flag""conftest$ac_exeext $FCFLAGS $LDFLAGS $FCFLAGS_SRCEXT conftest.$ac_ext $LIBS >&5
ld: cannot find crt1.o: No such file or directory
ld: cannot find crti.o: No such file or directory
configure:1982: $? = 1
configure:1992: error: Could not determine flag to name executables
See `config.log' for more details.

## ---------------- ##
## Cache variables. ##
## ---------------- ##

ac_cv_build=x86_64-unknown-linux-gnu
ac_cv_env_CC_set=
ac_cv_env_CC_value=
ac_cv_env_CFLAGS_set=
ac_cv_env_CFLAGS_value=
ac_cv_env_CPPFLAGS_set=
ac_cv_env_CPPFLAGS_value=
ac_cv_env_CPP_set=
ac_cv_env_CPP_value=
ac_cv_env_FCFLAGS_set=set
ac_cv_env_FCFLAGS_value='-O  -I..  '
ac_cv_env_FC_set=set
ac_cv_env_FC_value='g95 '
ac_cv_env_FPPFLAGS_set=
ac_cv_env_FPPFLAGS_value=
ac_cv_env_FPP_set=
ac_cv_env_FPP_value=
ac_cv_env_LDFLAGS_set=set
ac_cv_env_LDFLAGS_value='  '
ac_cv_env_LIBS_set=
ac_cv_env_LIBS_value=
ac_cv_env_build_alias_set=
ac_cv_env_build_alias_value=
ac_cv_env_host_alias_set=
ac_cv_env_host_alias_value=
ac_cv_env_target_alias_set=
ac_cv_env_target_alias_value=
ac_cv_host=x86_64-unknown-linux-gnu

## ----------------- ##
## Output variables. ##
## ----------------- ##

BUILD_TARGETS=''
CC=''
CFLAGS=''
CPP=''
CPPFLAGS=''
CYGPATH_W=''
DEFS=''
DP_KIND=''
ECHO_C=''
ECHO_N='-n'
ECHO_T=''
EXEEXT=''
F90_RULE=''
FC='g95 '
FCFLAGS='-O  -I..  '
FCFLAGS_free_f90=''
FC_MODEXT=''
FC_MODUPPERCASE=''
FC_MOD_FLAG=''
FFLAGS=''
FFLAGS_MPI=''
FPP=''
FPPDIRECT_FALSE=''
FPPDIRECT_TRUE=''
FPPFLAGS=''
FPPFLAGS_DEF=''
FPPFLAGS_fixed_F=''
FPPFLAGS_free_F90=''
FPP_COMPILE_EXT=''
FPP_MAKE_FLAGS=''
FPP_OUTPUT=''
FPP_PREPROCESS_EXT=''
INSTALL_DATA=''
INSTALL_PROGRAM=''
INSTALL_SCRIPT=''
LDFLAGS='  '
LIBEXT=''
LIBOBJS=''
LIBS=''
LINK_O_FLAG=''
LTLIBOBJS=''
OBJEXT=''
OBJSDIR=''
PACKAGE_BUGREPORT='a.walker@ucl.ac.uk'
PACKAGE_NAME='FoX'
PACKAGE_STRING='FoX 4.1.2'
PACKAGE_TARNAME='fox'
PACKAGE_VERSION='4.1.2'
PATH_SEPARATOR=':'
RANLIB=''
SHELL='/bin/bash'
SP_KIND=''
VPATH=''
ac_ct_CC=''
ac_ct_FC=''
bindir='${exec_prefix}/bin'
build='x86_64-unknown-linux-gnu'
build_alias=''
build_cpu='x86_64'
build_os='linux-gnu'
build_vendor='unknown'
datadir='${datarootdir}'
datarootdir='${prefix}/share'
docdir='${datarootdir}/doc/${PACKAGE_TARNAME}'
dvidir='${docdir}'
exec_prefix='NONE'
host='x86_64-unknown-linux-gnu'
host_alias=''
host_cpu='x86_64'
host_os='linux-gnu'
host_vendor='unknown'
htmldir='${docdir}'
includedir='${prefix}/include'
infodir='${datarootdir}/info'
libdir='${exec_prefix}/lib'
libexecdir='${exec_prefix}/libexec'
localedir='${datarootdir}/locale'
localstatedir='${prefix}/var'
mandir='${datarootdir}/man'
oldincludedir='/usr/include'
pdfdir='${docdir}'
prefix='NONE'
program_transform_name='s,x,x,'
psdir='${docdir}'
sbindir='${exec_prefix}/sbin'
sharedstatedir='${prefix}/com'
sysconfdir='${prefix}/etc'
target_alias=''

## ----------- ##
## confdefs.h. ##
## ----------- ##

#define PACKAGE_NAME "FoX"
#define PACKAGE_TARNAME "fox"
#define PACKAGE_VERSION "4.1.2"
#define PACKAGE_STRING "FoX 4.1.2"
#define PACKAGE_BUGREPORT "a.walker@ucl.ac.uk"

configure: exit 1
